
Local case configuration:

  Date:                vie 16 sep 2022 14:25:50 ART
  Processor:           model name	: Intel(R) Xeon(R) CPU E5-2650 v3 @ 2.30GHz
  Memory:              129083 MB
  Directory:           /share/storage/finzeo/GTS_Tunay_2/RESU/20220916-1425
  MPI ranks:           60
  OpenMP threads:      1
  Processors/node:     1
  I/O read method:     collective MPI-IO (explicit offsets)
  I/O write method:    collective MPI-IO (explicit offsets)
  I/O rank step:        1

--------------------------------------------------------------------------------

Partitioning:

  Morton (Z) curve:           6.4 s 
  wall clock time:            6.4 s

--------------------------------------------------------------------------------

Halo creation times summary

  Interface creation:                        0.0782 s
  Halo creation:                             0.0356 s

  Total time for halo creation:              0.114 s

--------------------------------------------------------------------------------

Summary of gradient computations pour "Work array" (Iterative reconstruction):

  Number of calls:           246899
  Total elapsed time:     13141.303

Summary of gradient computations pour "k" (Iterative reconstruction):

  Number of calls:           189000
  Total elapsed time:      6065.725

Summary of gradient computations pour "omega" (Iterative reconstruction):

  Number of calls:           189000
  Total elapsed time:      7347.019

Summary of gradient computations pour "pressure" (Iterative reconstruction):

  Number of calls:           252000
  Total elapsed time:     13698.009

Summary of gradient computations pour "velocity" (Iterative reconstruction):

  Number of calls:           251999
  Total elapsed time:     23201.135

Summary of gradient computations pour "wall_distance" (Iterative reconstruction):

  Number of calls:                4
  Total elapsed time:         0.101

--------------------------------------------------------------------------------

Linear solver performance for fields
------------------------------------

Summary of resolutions for "Velocity" (field id 0)

  Solver type:                   Symmetric Gauss-Seidel
  Number of setups:                     63000
  Number of calls:                      63000
  Minimum number of iterations:             1
  Maximum number of iterations:           100
  Mean number of iterations:                1
  Total setup time:                   181.357
  Total solution time:                768.159

Summary of resolutions for "Pressure" (field id 1)

  Solver type:                   Conjugate Gradient
  Preconditioning:               Multigrid
  Number of setups:                     38768
  Number of calls:                      57899
  Minimum number of iterations:             2
  Maximum number of iterations:            27
  Mean number of iterations:                2
  Total setup time:                  2187.119
  Total solution time:               1829.632

  Multigrid:
    V-cycle
    Coarsening: default
    Smoother: Symmetric Gauss-Seidel
    Coarsest level solver:       Conjugate Gradient

                                               mean      minimum      maximum
  Number of levels:                              11           11           11
  Number of cycles:                               1            1            2

                                                           calls         time
  Construction:                                            38768     4279.737
  Resolution:                                             179134     1455.463

                                               mean      minimum      maximum
  Grid level 0:
    Number of rows:                         3471616      3471616      3471616
    Number of active ranks:                      60           60           60
    Mean local rows:                          57860        57860        57860
    Mean local columns + ghosts:              64085        64085        64085
    Mean local entries:                      400065       400065       400065
    Rows imbalance:                           0.000        0.000        0.000
    Columns + ghosts imbalance:               0.053        0.053        0.053
    entries imbalance                         0.005        0.005        0.005
    Descent smoother iterations:                  1            1            1
  Grid level 1:
    Number of rows:                         1152259      1152259      1152259
    Number of active ranks:                      60           60           60
    Mean local rows:                          19048        19048        19048
    Mean local columns + ghosts:              21867        21867        21867
    Mean local entries:                      136663       136663       136663
    Rows imbalance:                           0.016        0.016        0.016
    Columns + ghosts imbalance:               0.079        0.079        0.079
    entries imbalance                         0.129        0.129        0.129
    Descent smoother iterations:                  1            1            1
    Ascent smoother iterations:                   1            1            1
  Grid level 2:
    Number of rows:                          384538       384538       384538
    Number of active ranks:                      60           60           60
    Mean local rows:                           6377         6377         6377
    Mean local columns + ghosts:               7925         7925         7925
    Mean local entries:                       54897        54897        54897
    Rows imbalance:                           0.070        0.070        0.070
    Columns + ghosts imbalance:               0.101        0.101        0.101
    entries imbalance                         0.218        0.218        0.218
    Descent smoother iterations:                  1            1            1
    Ascent smoother iterations:                   1            1            1
  Grid level 3:
    Number of rows:                          127421       127421       127421
    Number of active ranks:                      60           60           60
    Mean local rows:                           2105         2105         2105
    Mean local columns + ghosts:               2825         2825         2825
    Mean local entries:                       22456        22456        22456
    Rows imbalance:                           0.067        0.067        0.067
    Columns + ghosts imbalance:               0.145        0.145        0.145
    entries imbalance                         0.194        0.194        0.194
    Descent smoother iterations:                  1            1            1
    Ascent smoother iterations:                   1            1            1
  Grid level 4:
    Number of rows:                           41928        41928        41928
    Number of active ranks:                      60           60           60
    Mean local rows:                            693          693          693
    Mean local columns + ghosts:               1067         1067         1067
    Mean local entries:                        8854         8854         8854
    Rows imbalance:                           0.112        0.112        0.112
    Columns + ghosts imbalance:               0.203        0.203        0.203
    entries imbalance                         0.175        0.175        0.175
    Descent smoother iterations:                  1            1            1
    Ascent smoother iterations:                   1            1            1
  Grid level 5:
    Number of rows:                           13798        13798        13798
    Number of active ranks:                      60           60           60
    Mean local rows:                            229          229          229
    Mean local columns + ghosts:                406          406          406
    Mean local entries:                        3136         3136         3136
    Rows imbalance:                           0.170        0.170        0.170
    Columns + ghosts imbalance:               0.295        0.295        0.295
    entries imbalance                         0.185        0.185        0.185
    Descent smoother iterations:                  1            1            1
    Ascent smoother iterations:                   1            1            1
  Grid level 6:
    Number of rows:                            4610         4610         4610
    Number of active ranks:                      60           60           60
    Mean local rows:                             78           78           78
    Mean local columns + ghosts:                167          167          167
    Mean local entries:                        1111         1111         1111
    Rows imbalance:                           0.328        0.328        0.328
    Columns + ghosts imbalance:               0.405        0.405        0.405
    entries imbalance                         0.235        0.235        0.235
    Descent smoother iterations:                  1            1            1
    Ascent smoother iterations:                   1            1            1
  Grid level 7:
    Number of rows:                            1590         1590         1590
    Number of active ranks:                      60           60           60
    Mean local rows:                             26           26           26
    Mean local columns + ghosts:                 77           77           77
    Mean local entries:                         351          351          351
    Rows imbalance:                           0.811        0.811        0.811
    Columns + ghosts imbalance:               0.437        0.437        0.437
    entries imbalance                         0.264        0.264        0.264
    Descent smoother iterations:                  1            1            1
    Ascent smoother iterations:                   1            1            1
  Grid level 8:
    Number of rows:                             622          622          622
    Number of active ranks:                      60           60           60
    Mean local rows:                             10           10           10
    Mean local columns + ghosts:                 41           41           41
    Mean local entries:                         127          127          127
    Rows imbalance:                           1.990        1.990        1.990
    Columns + ghosts imbalance:               0.496        0.496        0.496
    entries imbalance                         0.862        0.862        0.862
    Descent smoother iterations:                  1            1            1
    Ascent smoother iterations:                   1            1            1
  Grid level 9:
    Number of rows:                             301          301          301
    Number of active ranks:                      60           60           60
    Mean local rows:                              4            4            4
    Mean local columns + ghosts:                 26           26           26
    Mean local entries:                          42           42           42
    Rows imbalance:                           4.183        4.183        4.183
    Columns + ghosts imbalance:               0.802        0.802        0.802
    entries imbalance                         2.332        2.332        2.332
    Descent smoother iterations:                  1            1            1
    Ascent smoother iterations:                   1            1            1
  Grid level 10:
    Number of rows:                             223          223          223
    Number of active ranks:                      60           60           60
    Mean local rows:                              2            2            2
    Mean local columns + ghosts:                 20           20           20
    Mean local entries:                          23           23           23
    Rows imbalance:                           5.726        5.726        5.726
    Columns + ghosts imbalance:               1.111        1.111        1.111
    entries imbalance                         4.046        4.046        4.046
    Iterations for solving:                       6            0          500
                                                           calls         time
  Grid level 0:
    build:                                                 38768      117.034
    descent smoothe:                                      241863     1004.265
    restrict:                                              62729        8.177
    prolong:                                               62729       15.179
  Grid level 1:
    build:                                                 38768     1063.975
    descent smoothe:                                       62729       75.371
    ascent smoothe:                                        62729       54.022
    restrict:                                              62729        2.757
    prolong:                                               62729        3.392
  Grid level 2:
    build:                                                 38768      513.787
    descent smoothe:                                       62729       42.652
    ascent smoothe:                                        62729       21.449
    restrict:                                              62729        0.761
    prolong:                                               62729        0.814
  Grid level 3:
    build:                                                 38768      229.229
    descent smoothe:                                       62729       19.963
    ascent smoothe:                                        62729       13.511
    restrict:                                              62729        0.370
    prolong:                                               62729        0.260
  Grid level 4:
    build:                                                 38768       94.812
    descent smoothe:                                       62729       12.972
    ascent smoothe:                                        62729       11.029
    restrict:                                              62729        0.169
    prolong:                                               62729        0.119
  Grid level 5:
    build:                                                 38768       43.908
    descent smoothe:                                       62729       14.551
    ascent smoothe:                                        62729        9.744
    restrict:                                              62729        0.121
    prolong:                                               62729        0.079
  Grid level 6:
    build:                                                 38768       25.095
    descent smoothe:                                       62729       14.967
    ascent smoothe:                                        62729        9.058
    restrict:                                              62729        0.098
    prolong:                                               62729        0.062
  Grid level 7:
    build:                                                 38768       20.209
    descent smoothe:                                       62729       14.528
    ascent smoothe:                                        62729        9.139
    restrict:                                              62729        0.079
    prolong:                                               62729        0.054
  Grid level 8:
    build:                                                 38768       18.594
    descent smoothe:                                       62729       14.111
    ascent smoothe:                                        62729        7.958
    restrict:                                              62729        0.070
    prolong:                                               62729        0.054
  Grid level 9:
    build:                                                 38768       18.182
    descent smoothe:                                       62729       13.497
    ascent smoothe:                                        62729        6.648
    restrict:                                              62729        0.069
    prolong:                                               62729        0.094
  Grid level 10:
    build:                                                 38768       34.888
    solve:                                                 62729       50.340

Summary of resolutions for "k" (field id 2)

  Solver type:                   Symmetric Gauss-Seidel
  Number of setups:                     63000
  Number of calls:                      63000
  Minimum number of iterations:             1
  Maximum number of iterations:            61
  Mean number of iterations:                1
  Total setup time:                    32.812
  Total solution time:                229.500

Summary of resolutions for "omega" (field id 3)

  Solver type:                   Symmetric Gauss-Seidel
  Number of setups:                     63000
  Number of calls:                      63000
  Minimum number of iterations:             1
  Maximum number of iterations:            99
  Mean number of iterations:                1
  Total setup time:                    32.839
  Total solution time:                221.092

Summary of resolutions for "Wall distance" (field id 14)

  Solver type:                   Conjugate Gradient
  Preconditioning:               Multigrid
  Number of setups:                         1
  Number of calls:                          2
  Minimum number of iterations:            21
  Maximum number of iterations:            23
  Mean number of iterations:               22
  Total setup time:                     0.065
  Total solution time:                  1.828

  Multigrid:
    V-cycle
    Coarsening: default
    Smoother: Symmetric Gauss-Seidel
    Coarsest level solver:       Conjugate Gradient

                                               mean      minimum      maximum
  Number of levels:                               6            6            6
  Number of cycles:                               1            1            2

                                                           calls         time
  Construction:                                                1        0.128
  Resolution:                                                 46        1.725

                                               mean      minimum      maximum
  Grid level 0:
    Number of rows:                         3471616      3471616      3471616
    Number of active ranks:                      60           60           60
    Mean local rows:                          57860        57860        57860
    Mean local columns + ghosts:              64085        64085        64085
    Mean local entries:                      400065       400065       400065
    Rows imbalance:                           0.000        0.000        0.000
    Columns + ghosts imbalance:               0.053        0.053        0.053
    entries imbalance                         0.005        0.005        0.005
    Descent smoother iterations:                  1            1            1
  Grid level 1:
    Number of rows:                         1151881      1151881      1151881
    Number of active ranks:                      60           60           60
    Mean local rows:                          19048        19048        19048
    Mean local columns + ghosts:              21865        21865        21865
    Mean local entries:                      136655       136655       136655
    Rows imbalance:                           0.016        0.016        0.016
    Columns + ghosts imbalance:               0.080        0.080        0.080
    entries imbalance                         0.131        0.131        0.131
    Descent smoother iterations:                  1            1            1
    Ascent smoother iterations:                   1            1            1
  Grid level 2:
    Number of rows:                          385230       385230       385230
    Number of active ranks:                      60           60           60
    Mean local rows:                           6335         6335         6335
    Mean local columns + ghosts:               7882         7882         7882
    Mean local entries:                       54688        54688        54688
    Rows imbalance:                           0.079        0.079        0.079
    Columns + ghosts imbalance:               0.098        0.098        0.098
    entries imbalance                         0.213        0.213        0.213
    Descent smoother iterations:                  1            1            1
    Ascent smoother iterations:                   1            1            1
  Grid level 3:
    Number of rows:                          148300       148300       148300
    Number of active ranks:                      60           60           60
    Mean local rows:                           2065         2065         2065
    Mean local columns + ghosts:               2784         2784         2784
    Mean local entries:                       22327        22327        22327
    Rows imbalance:                           0.611        0.611        0.611
    Columns + ghosts imbalance:               0.392        0.392        0.392
    entries imbalance                         0.230        0.230        0.230
    Descent smoother iterations:                  1            1            1
    Ascent smoother iterations:                   1            1            1
  Grid level 4:
    Number of rows:                           72703        72703        72703
    Number of active ranks:                      60           60           60
    Mean local rows:                            704          704          704
    Mean local columns + ghosts:               1077         1077         1077
    Mean local entries:                        8872         8872         8872
    Rows imbalance:                           1.565        1.565        1.565
    Columns + ghosts imbalance:               1.069        1.069        1.069
    entries imbalance                         0.871        0.871        0.871
    Descent smoother iterations:                  1            1            1
    Ascent smoother iterations:                   1            1            1
  Grid level 5:
    Number of rows:                           48364        48364        48364
    Number of active ranks:                      60           60           60
    Mean local rows:                            281          281          281
    Mean local columns + ghosts:                465          465          465
    Mean local entries:                        3440         3440         3440
    Rows imbalance:                           2.500        2.500        2.500
    Columns + ghosts imbalance:               1.849        1.849        1.849
    entries imbalance                         1.800        1.800        1.800
    Iterations for solving:                     215           14          425
                                                           calls         time
  Grid level 0:
    build:                                                     1        0.001
    descent smoothe:                                          87        0.369
    restrict:                                                 41        0.005
    prolong:                                                  41        0.010
  Grid level 1:
    build:                                                     1        0.030
    descent smoothe:                                          41        0.049
    ascent smoothe:                                           41        0.038
    restrict:                                                 41        0.002
    prolong:                                                  41        0.003
  Grid level 2:
    build:                                                     1        0.014
    descent smoothe:                                          41        0.028
    ascent smoothe:                                           41        0.017
    restrict:                                                 41        0.000
    prolong:                                                  41        0.001
  Grid level 3:
    build:                                                     1        0.007
    descent smoothe:                                          41        0.013
    ascent smoothe:                                           41        0.009
    restrict:                                                 41        0.000
    prolong:                                                  41        0.000
  Grid level 4:
    build:                                                     1        0.004
    descent smoothe:                                          41        0.009
    ascent smoothe:                                           41        0.005
    restrict:                                                 41        0.000
    prolong:                                                  41        0.000
  Grid level 5:
    build:                                                     1        0.006
    solve:                                                    41        1.166

--------------------------------------------------------------------------------

Mesh entity selections by criteria statistics:

  entity type     evaluations          time
  -----------------------------------------
  cells                     0       0.00000
  interior faces            0       0.00000
  boundary faces        63007       0.56800

--------------------------------------------------------------------------------

Writing of "results" (EnSight Gold) summary:

  CPU time for meshes:                     0.174
  CPU time for variables:                  9.427
  CPU time forcing output:                 0.000

  Elapsed time for meshes:                 0.230
  Elapsed time for variables:             12.952
  Elapsed time forcing output:             0.000

--------------------------------------------------------------------------------

Instrumented all-to-all operations (using MPI_Alltoall and MPI_Alltoallv):

  Total:                  9.68869 s, 1011 calls
  Metadata exchange:      1.04795 s, 432 calls
  Data exchange:          3.27054 s, 579 calls

--------------------------------------------------------------------------------

Code_Saturne IO files read:

  mesh_input
    global:      0.10390 s,        1.991 KiB
    local:       0.58254 s,      612.867 MiB
    open:        0.73708 s, 2 open(s)

Code_Saturne IO files written:

  checkpoint/auxiliary
    global:      0.48756 s,       27.312 KiB
    local:       0.91328 s,        1.078 GiB
    open:        1.89217 s, 4 open(s)
  checkpoint/main
    global:      0.26408 s,       14.016 KiB
    local:       1.20303 s,      741.617 MiB
    open:        1.97701 s, 4 open(s)

--------------------------------------------------------------------------------

Calculation time summary:

  User CPU time:          81968.234 s
  System CPU time:         1169.780 s
  Total CPU time:       4990354.983 s

  Elapsed time:           83333.630 s
  CPU / elapsed time          0.998

--------------------------------------------------------------------------------

Memory use summary:

  Total memory used:                              35.763 GiB
                             local minimum:      586.305 MiB  (rank 58)
                             local maximum:      749.867 MiB  (rank 0)

--------------------------------------------------------------------------------
