
Local case configuration:

  Date:                Sun 23 Oct 2022 02:39:52 PM ART
  System:              Linux 2.6.32-504.16.2.el6.x86_64 (CentOS release 6.6 (Final))
  Machine:             compute-0-23.local
  Processor:           model name	: Intel(R) Xeon(R) CPU E5-2650 v3 @ 2.30GHz
  Memory:              129083 MB
  Directory:           /share/storage/finzeo/GTSstudy7/CASE1/RESU/20221023-1439
  MPI ranks:           60
  MPI ranks per node:  20
  OpenMP threads:      1
  Processors/node:     20

  Compilers used for build:
    C compiler:        gcc (GCC) 4.9.4
    C++ compiler:      g++ (GCC) 4.9.4
    Fortran compiler:  GNU Fortran (GCC) 4.9.4

  MPI version: 3.1 (MPICH 3.2)
  OpenMP version: 4.0

  I/O read method:     collective MPI-IO (explicit offsets)
  I/O write method:    collective MPI-IO (explicit offsets)
  I/O rank step:        1

--------------------------------------------------------------------------------

Partitioning:

  precompute cell centers:    5.91 s
  Morton (Z) curve:           6.15 s
  wall clock time:            12.1 s

--------------------------------------------------------------------------------

Halo creation times summary

  Interface creation:                        6.74 s
  Halo creation:                             0.56 s

  Total time for halo creation:              7.3 s

--------------------------------------------------------------------------------

Total elapsed time for all gradient computations:  472851.238 s

Summary of gradient computations for "[cell mass flux divergence update]":

  Reconstruction type:   Green-Gauss, iterative handling of non-orthogonalities
  Number of calls:       63546
  Number of iterations:  3 mean, 0 min., 6 max.
  Total elapsed time:    61574.429

Summary of gradient computations for "[face mass flux update]":

  Reconstruction type:   Green-Gauss, iterative handling of non-orthogonalities
  Number of calls:       31620
  Number of iterations:  3 mean, 0 min., 5 max.
  Total elapsed time:    31975.332

Summary of gradient computations for "[momentum]":

  Reconstruction type:   Green-Gauss, iterative handling of non-orthogonalities
  Number of calls:       15810
  Number of iterations:  5 mean, 5 min., 5 max.
  Total elapsed time:    31323.031

Summary of gradient computations for "[scalar convection-diffusion]":

  Reconstruction type:   Green-Gauss, iterative handling of non-orthogonalities
  Number of calls:       2
  Number of iterations:  4 mean, 4 min., 4 max.
  Total elapsed time:    3.161

Summary of gradient computations for "k":

  Reconstruction type:   Green-Gauss, iterative handling of non-orthogonalities
  Number of calls:       47430
  Number of iterations:  3 mean, 3 min., 4 max.
  Total elapsed time:    45767.152

Summary of gradient computations for "omega":

  Reconstruction type:   Green-Gauss, iterative handling of non-orthogonalities
  Number of calls:       47430
  Number of iterations:  4 mean, 4 min., 4 max.
  Total elapsed time:    53271.005

Summary of gradient computations for "pressure":

  Reconstruction type:   Green-Gauss, iterative handling of non-orthogonalities
  Number of calls:       47430
  Number of iterations:  4 mean, 0 min., 5 max.
  Total elapsed time:    67392.832

Summary of gradient computations for "pressure_increment":

  Reconstruction type:   Green-Gauss, iterative handling of non-orthogonalities
  Number of calls:       15810
  Number of iterations:  4 mean, 4 min., 5 max.
  Total elapsed time:    23607.879

Summary of gradient computations for "velocity":

  Reconstruction type:   Green-Gauss, iterative handling of non-orthogonalities
  Number of calls:       79050
  Number of iterations:  4 mean, 0 min., 5 max.
  Total elapsed time:    157931.634

Summary of gradient computations for "wall_distance":

  Reconstruction type:   Green-Gauss, iterative handling of non-orthogonalities
  Number of calls:       4
  Number of iterations:  3 mean, 0 min., 4 max.
  Total elapsed time:    4.783

--------------------------------------------------------------------------------

Total elapsed time for linear equation system solvers:  237382.609 s

Linear solver performance for fields
------------------------------------

Summary of resolutions for "Velocity" (field id 0)

  Solver type:                   Symmetric Gauss-Seidel
  Number of setups:                     15810
  Number of calls:                      15810
  Minimum number of iterations:             2
  Maximum number of iterations:           145
  Mean number of iterations:                2
  Total setup time:                   101.338
  Total solution time:              11540.240

Summary of resolutions for "Pressure" (field id 1)

  Solver type:                   Flexible Conjugate Gradient
  Preconditioning:               Multigrid
  Number of setups:                     15810
  Number of calls:                      23868
  Minimum number of iterations:             2
  Maximum number of iterations:            28
  Mean number of iterations:                4
  Total setup time:                 49281.116
  Total solution time:             165920.889

  Multigrid:
    V-cycle
    Coarsening: default
    Smoother: Symmetric Gauss-Seidel
    Coarsest level solver:       Conjugate Gradient

                                               mean      minimum      maximum
  Number of levels:                              12           12           12
  Number of cycles:                               1            1            2

                                                           calls         time
  Construction:                                            15810    98467.514
  Resolution:                                             123159   130749.316

                                               mean      minimum      maximum
  Grid level 0:
    Number of rows:                        10459879     10459879     10459879
    Number of active ranks:                      60           60           60
    Mean local rows:                         174331       174331       174331
    Mean local columns + ghosts:             189351       189351       189351
    Mean local entries:                     1218891      1218891      1218891
    Rows imbalance:                           0.000        0.000        0.000
    Columns + ghosts imbalance:               0.043        0.043        0.043
    entries imbalance                         0.010        0.010        0.010
    Descent smoother iterations:                  1            1            1
  Grid level 1:
    Number of rows:                         3490140      3490140      3490140
    Number of active ranks:                      60           60           60
    Mean local rows:                          58045        58045        58045
    Mean local columns + ghosts:              66335        66335        66335
    Mean local entries:                      493069       493069       493069
    Rows imbalance:                           0.023        0.023        0.023
    Columns + ghosts imbalance:               0.082        0.082        0.082
    entries imbalance                         0.099        0.099        0.099
    Descent smoother iterations:                  1            1            1
    Ascent smoother iterations:                   1            1            1
  Grid level 2:
    Number of rows:                         1162407      1162407      1162407
    Number of active ranks:                      60           60           60
    Mean local rows:                          18563        18563        18563
    Mean local columns + ghosts:              21938        21938        21938
    Mean local entries:                      214753       214753       214753
    Rows imbalance:                           0.079        0.079        0.079
    Columns + ghosts imbalance:               0.106        0.106        0.106
    entries imbalance                         0.088        0.088        0.088
    Descent smoother iterations:                  1            1            1
    Ascent smoother iterations:                   1            1            1
  Grid level 3:
    Number of rows:                          372479       372479       372479
    Number of active ranks:                      60           60           60
    Mean local rows:                           6010         6010         6010
    Mean local columns + ghosts:               7633         7633         7633
    Mean local entries:                       82528        82528        82528
    Rows imbalance:                           0.091        0.091        0.091
    Columns + ghosts imbalance:               0.133        0.133        0.133
    entries imbalance                         0.078        0.078        0.078
    Descent smoother iterations:                  1            1            1
    Ascent smoother iterations:                   1            1            1
  Grid level 4:
    Number of rows:                          121392       121392       121392
    Number of active ranks:                      60           60           60
    Mean local rows:                           1960         1960         1960
    Mean local columns + ghosts:               2707         2707         2707
    Mean local entries:                       30489        30489        30489
    Rows imbalance:                           0.104        0.104        0.104
    Columns + ghosts imbalance:               0.183        0.183        0.183
    entries imbalance                         0.085        0.085        0.085
    Descent smoother iterations:                  1            1            1
    Ascent smoother iterations:                   1            1            1
  Grid level 5:
    Number of rows:                           39659        39659        39659
    Number of active ranks:                      60           60           60
    Mean local rows:                            637          637          637
    Mean local columns + ghosts:                989          989          989
    Mean local entries:                       10875        10875        10875
    Rows imbalance:                           0.171        0.171        0.171
    Columns + ghosts imbalance:               0.287        0.287        0.287
    entries imbalance                         0.147        0.147        0.147
    Descent smoother iterations:                  1            1            1
    Ascent smoother iterations:                   1            1            1
  Grid level 6:
    Number of rows:                           12885        12885        12885
    Number of active ranks:                      60           60           60
    Mean local rows:                            203          203          203
    Mean local columns + ghosts:                366          366          366
    Mean local entries:                        3556         3556         3556
    Rows imbalance:                           0.369        0.369        0.369
    Columns + ghosts imbalance:               0.461        0.461        0.461
    entries imbalance                         0.207        0.207        0.207
    Descent smoother iterations:                  1            1            1
    Ascent smoother iterations:                   1            1            1
  Grid level 7:
    Number of rows:                            4294         4294         4294
    Number of active ranks:                      60           60           60
    Mean local rows:                             65           65           65
    Mean local columns + ghosts:                148          148          148
    Mean local entries:                        1082         1082         1082
    Rows imbalance:                           0.844        0.844        0.844
    Columns + ghosts imbalance:               0.566        0.566        0.566
    entries imbalance                         0.282        0.282        0.282
    Descent smoother iterations:                  1            1            1
    Ascent smoother iterations:                   1            1            1
  Grid level 8:
    Number of rows:                            1529         1529         1529
    Number of active ranks:                      60           60           60
    Mean local rows:                             23           23           23
    Mean local columns + ghosts:                 59           59           59
    Mean local entries:                         326          326          326
    Rows imbalance:                           1.865        1.865        1.865
    Columns + ghosts imbalance:               0.854        0.854        0.854
    entries imbalance                         0.794        0.794        0.794
    Descent smoother iterations:                  1            1            1
    Ascent smoother iterations:                   1            1            1
  Grid level 9:
    Number of rows:                             632          632          632
    Number of active ranks:                      60           60           60
    Mean local rows:                              7            7            7
    Mean local columns + ghosts:                 24           24           24
    Mean local entries:                          79           79           79
    Rows imbalance:                           3.937        3.937        3.937
    Columns + ghosts imbalance:               1.252        1.252        1.252
    entries imbalance                         2.253        2.253        2.253
    Descent smoother iterations:                  1            1            1
    Ascent smoother iterations:                   1            1            1
  Grid level 10:
    Number of rows:                             334          334          334
    Number of active ranks:                      60           60           60
    Mean local rows:                              3            3            3
    Mean local columns + ghosts:                 15           15           15
    Mean local entries:                          29           29           29
    Rows imbalance:                           6.365        6.365        6.365
    Columns + ghosts imbalance:               1.660        1.660        1.660
    entries imbalance                         4.987        4.987        4.987
    Descent smoother iterations:                  1            1            1
    Ascent smoother iterations:                   1            1            1
  Grid level 11:
    Number of rows:                             248          248          248
    Number of active ranks:                      60           60           60
    Mean local rows:                              1            1            1
    Mean local columns + ghosts:                 10           10           10
    Mean local entries:                          10           10           10
    Rows imbalance:                           8.194        8.194        8.194
    Columns + ghosts imbalance:               2.097        2.097        2.097
    entries imbalance                         7.185        7.185        7.185
    Iterations for solving:                      16            6          500
                                                           calls         time
  Grid level 0:
    build:                                                 15810      202.898
    descent smoothe:                                      184661    60825.930
    restrict:                                              61502       27.617
    prolong:                                               61502       26.856
  Grid level 1:
    build:                                                 15810     5782.193
    descent smoothe:                                       61502    14995.731
    ascent smoothe:                                        61502     9727.600
    restrict:                                              61502        6.768
    prolong:                                               61502        9.464
  Grid level 2:
    build:                                                 15810     4869.464
    descent smoothe:                                       61502     3595.820
    ascent smoothe:                                        61502     9197.668
    restrict:                                              61502        2.282
    prolong:                                               61502        2.853
  Grid level 3:
    build:                                                 15810     4387.521
    descent smoothe:                                       61502    10814.265
    ascent smoothe:                                        61502     4302.801
    restrict:                                              61502        0.730
    prolong:                                               61502        0.892
  Grid level 4:
    build:                                                 15810     3921.880
    descent smoothe:                                       61502     6595.261
    ascent smoothe:                                        61502      246.031
    restrict:                                              61502        0.313
    prolong:                                               61502        0.262
  Grid level 5:
    build:                                                 15810     3275.061
    descent smoothe:                                       61502     2059.057
    ascent smoothe:                                        61502      173.735
    restrict:                                              61502        0.148
    prolong:                                               61502        0.119
  Grid level 6:
    build:                                                 15810     3231.312
    descent smoothe:                                       61502     1512.211
    ascent smoothe:                                        61502      117.814
    restrict:                                              61502        0.107
    prolong:                                               61502        0.077
  Grid level 7:
    build:                                                 15810     3546.465
    descent smoothe:                                       61502      853.173
    ascent smoothe:                                        61502      400.691
    restrict:                                              61502        0.072
    prolong:                                               61502        0.054
  Grid level 8:
    build:                                                 15810     3917.479
    descent smoothe:                                       61502      170.062
    ascent smoothe:                                        61502     1264.989
    restrict:                                              61502        0.069
    prolong:                                               61502        0.050
  Grid level 9:
    build:                                                 15810     3995.332
    descent smoothe:                                       61502       51.386
    ascent smoothe:                                        61502     3462.827
    restrict:                                              61502        0.071
    prolong:                                               61502        0.050
  Grid level 10:
    build:                                                 15810     4034.616
    descent smoothe:                                       61502       23.409
    ascent smoothe:                                        61502       13.854
    restrict:                                              61502        0.063
    prolong:                                               61502        0.107
  Grid level 11:
    build:                                                 15810     8044.455
    solve:                                                 61502      264.098

Summary of resolutions for "k" (field id 2)

  Solver type:                   Symmetric Gauss-Seidel
  Number of setups:                     15810
  Number of calls:                      15810
  Minimum number of iterations:             1
  Maximum number of iterations:            24
  Mean number of iterations:                1
  Total setup time:                    22.499
  Total solution time:               4869.165

Summary of resolutions for "omega" (field id 3)

  Solver type:                   Symmetric Gauss-Seidel
  Number of setups:                     15810
  Number of calls:                      15810
  Minimum number of iterations:             1
  Maximum number of iterations:            29
  Mean number of iterations:                1
  Total setup time:                    22.490
  Total solution time:               5113.019

Summary of resolutions for "Wall distance" (field id 16)

  Solver type:                   Flexible Conjugate Gradient
  Preconditioning:               Multigrid
  Number of setups:                         1
  Number of calls:                          2
  Minimum number of iterations:            12
  Maximum number of iterations:            15
  Mean number of iterations:               13
  Total setup time:                     1.657
  Total solution time:                 55.141

  Multigrid:
    V-cycle
    Coarsening: default
    Smoother: Symmetric Gauss-Seidel
    Coarsest level solver:       Conjugate Gradient

                                               mean      minimum      maximum
  Number of levels:                               6            6            6
  Number of cycles:                               1            1            2

                                                           calls         time
  Construction:                                                1        3.299
  Resolution:                                                 29       46.927

                                               mean      minimum      maximum
  Grid level 0:
    Number of rows:                        10459879     10459879     10459879
    Number of active ranks:                      60           60           60
    Mean local rows:                         174331       174331       174331
    Mean local columns + ghosts:             189351       189351       189351
    Mean local entries:                     1218891      1218891      1218891
    Rows imbalance:                           0.000        0.000        0.000
    Columns + ghosts imbalance:               0.043        0.043        0.043
    entries imbalance                         0.010        0.010        0.010
    Descent smoother iterations:                  1            1            1
  Grid level 1:
    Number of rows:                         3490649      3490649      3490649
    Number of active ranks:                      60           60           60
    Mean local rows:                          58045        58045        58045
    Mean local columns + ghosts:              66335        66335        66335
    Mean local entries:                      493069       493069       493069
    Rows imbalance:                           0.023        0.023        0.023
    Columns + ghosts imbalance:               0.082        0.082        0.082
    entries imbalance                         0.099        0.099        0.099
    Descent smoother iterations:                  1            1            1
    Ascent smoother iterations:                   1            1            1
  Grid level 2:
    Number of rows:                         1197988      1197988      1197988
    Number of active ranks:                      60           60           60
    Mean local rows:                          18460        18460        18460
    Mean local columns + ghosts:              21815        21815        21815
    Mean local entries:                      213572       213572       213572
    Rows imbalance:                           0.093        0.093        0.093
    Columns + ghosts imbalance:               0.083        0.083        0.083
    entries imbalance                         0.080        0.080        0.080
    Descent smoother iterations:                  1            1            1
    Ascent smoother iterations:                   1            1            1
  Grid level 3:
    Number of rows:                          505482       505482       505482
    Number of active ranks:                      60           60           60
    Mean local rows:                           6154         6154         6154
    Mean local columns + ghosts:               7782         7782         7782
    Mean local entries:                       83079        83079        83079
    Rows imbalance:                           0.392        0.392        0.392
    Columns + ghosts imbalance:               0.290        0.290        0.290
    entries imbalance                         0.170        0.170        0.170
    Descent smoother iterations:                  1            1            1
    Ascent smoother iterations:                   1            1            1
  Grid level 4:
    Number of rows:                          292934       292934       292934
    Number of active ranks:                      60           60           60
    Mean local rows:                           2296         2296         2296
    Mean local columns + ghosts:               3054         3054         3054
    Mean local entries:                       32317        32317        32317
    Rows imbalance:                           0.808        0.808        0.808
    Columns + ghosts imbalance:               0.657        0.657        0.657
    entries imbalance                         0.487        0.487        0.487
    Descent smoother iterations:                  1            1            1
    Ascent smoother iterations:                   1            1            1
  Grid level 5:
    Number of rows:                          224274       224274       224274
    Number of active ranks:                      60           60           60
    Mean local rows:                           1057         1057         1057
    Mean local columns + ghosts:               1431         1431         1431
    Mean local entries:                       13504        13504        13504
    Rows imbalance:                           1.113        1.113        1.113
    Columns + ghosts imbalance:               0.965        0.965        0.965
    entries imbalance                         0.864        0.864        0.864
    Iterations for solving:                     199           21          357
                                                           calls         time
  Grid level 0:
    build:                                                     1        0.004
    descent smoothe:                                          53       16.578
    restrict:                                                 24        0.012
    prolong:                                                  24        0.010
  Grid level 1:
    build:                                                     1        0.339
    descent smoothe:                                          24        5.810
    ascent smoothe:                                           24        4.882
    restrict:                                                 24        0.003
    prolong:                                                  24        0.004
  Grid level 2:
    build:                                                     1        0.306
    descent smoothe:                                          24        1.611
    ascent smoothe:                                           24        1.137
    restrict:                                                 24        0.001
    prolong:                                                  24        0.001
  Grid level 3:
    build:                                                     1        0.280
    descent smoothe:                                          24        4.555
    ascent smoothe:                                           24        4.747
    restrict:                                                 24        0.000
    prolong:                                                  24        0.000
  Grid level 4:
    build:                                                     1        0.264
    descent smoothe:                                          24        3.027
    ascent smoothe:                                           24        0.021
    restrict:                                                 24        0.000
    prolong:                                                  24        0.000
  Grid level 5:
    build:                                                     1        0.446
    solve:                                                    24        4.527

--------------------------------------------------------------------------------

Mesh entity selections by criteria statistics:

  entity type     evaluations          time
  -----------------------------------------
  cells                     0       0.00000
  interior faces            0       0.00000
  boundary faces        15816       0.82359

--------------------------------------------------------------------------------

Writing of "results" (EnSight Gold) summary:

  Elapsed time for meshes:                10.383
  Elapsed time for variables:             67.137
  Elapsed time forcing output:             0.000

--------------------------------------------------------------------------------

All-to-many operations: (MPI_Alltoall and MPI_Alltoallv):

                             mean        minimum      maximum     calls
  Total:                134.91090 s     90.89135    425.50217 s   733
  Metadata exchange:      7.62352 s      5.12489      9.57289 s   331
  Data exchange:        119.56271 s     76.21525    413.79557 s   401

--------------------------------------------------------------------------------

code_saturne IO files read:

  mesh_input.csm
    global:      0.25643 s,        1.983 KiB
    local:       1.69443 s,        1.824 GiB
    open:        2.28807 s, 2 open(s)

code_saturne IO files written:

  checkpoint/auxiliary.csc
    global:    340.80973 s,       28.047 KiB
    local:      61.38663 s,        3.775 GiB
    open:      366.08716 s, 5 open(s)
  checkpoint/main.csc
    global:      6.64865 s,       17.168 KiB
    local:       9.84954 s,        2.728 GiB
    open:       31.74154 s, 5 open(s)

--------------------------------------------------------------------------------

Calculation time summary:

  User CPU time:         470972.438 s
  System CPU time:       361494.906 s
  Total CPU time:      49975334.046 s

  Elapsed time:          833337.290 s
  CPU / elapsed time          0.999

--------------------------------------------------------------------------------

Memory use summary:

  Total memory used:                              25.120 GiB
                             local minimum:      414.566 MiB  (rank 21)
                             local maximum:      539.629 MiB  (rank 7)
  Virtual memory used:                     
                             local minimum:      670.855 MiB  (rank 28)
                             local maximum:      690.805 MiB  (rank 13)
  Shared libraries memory used:            
                             local minimum:       26.539 MiB  (rank 40)
                             local maximum:       26.543 MiB  (rank 0)

--------------------------------------------------------------------------------
