Notebook:
---------

  Entry #0
    name:         uinf
    description:  Vel. del flujo libre - Rao
    uncertain:    -1
    editable:     0
    value:        1.276800

  Entry #1
    name:         uinf2
    description:  Vel. del flujo libre Re2.7e4
    uncertain:    -1
    editable:     0
    value:        1.226400

--------------------------------------------------------------------------------

Fields of type: variable
---------------

  Field                    Dim. Location             Id   Type flag
  ------------------------ ---- -------------------- ---- ---------
  velocity                 3    cells                0    5    (intensive, variable)
  pressure                 1    cells                1    5    (intensive, variable)
  k                        1    cells                2    5    (intensive, variable)
  omega                    1    cells                3    5    (intensive, variable)
  wall_distance            1    cells                16   5    (intensive, variable)

Fields of type: property
---------------

  Field                    Dim. Location             Id   Type flag
  ------------------------ ---- -------------------- ---- ---------
  density                  1    cells                5    9    (intensive, property)
  boundary_density         1    boundary_faces       6    9    (intensive, property)
  molecular_viscosity      1    cells                7    9    (intensive, property)
  turbulent_viscosity      1    cells                8    9    (intensive, property)
  hybrid_blend             1    cells                9    9    (intensive, property)
  s2                       1    cells                10   9    (intensive, property)
  vel_gradient_trace       1    cells                11   9    (intensive, property)
  courant_number           1    cells                12   9    (intensive, property)
  fourier_number           1    cells                13   9    (intensive, property)
  total_pressure           1    cells                14   9    (intensive, property)
  yplus                    1    boundary_faces       18   9    (intensive, property)
  inner_mass_flux          1    interior_faces       20   10   (extensive, property)
  boundary_mass_flux       1    boundary_faces       21   10   (extensive, property)

Fields of type: postprocess
---------------

  Field                    Dim. Location             Id   Type flag
  ------------------------ ---- -------------------- ---- ---------
  boundary_forces          3    boundary_faces       17   18   (extensive, postprocess)
  TimeAverage1_velX        1    cells                22   48   (postprocess, accumulator)

Other fields:
-------------

  Field                    Dim. Location             Id   Type flag
  ------------------------ ---- -------------------- ---- ---------
  pressure_increment       1    cells                4    1    (intensive)
  dt                       1    cells                15   1    (intensive)
  volume_forces            3    cells                19   1    (intensive)

Defined field keys:
-------------------

  Key                      Default      Type    Id   Type flag
  ------------------------ ------------ ------- ---- ---------
  alpha_turbulent_flux_id  -1           integer 23   4    (variable)
  boundary_flux_id         -1           integer 8    4    (variable)
  boundary_mass_flux_id    -1           integer 6    4    (variable)
  boundary_value_id        -1           integer 37   0
  clipping_id              -1           integer 35   4    (variable)
  convection_limiter_id    -1           integer 38   0
  coupled                  0            integer 3    4    (variable)
  coupling_entity          -1           integer 40   0
  density_id               -1           integer 18   4    (variable)
  diffusion_coef_id        -1           integer 12   4    (variable)
  diffusion_coef_ref       -1e+13       real    13   4    (variable)
  diffusion_limiter_id     -1           integer 39   4    (variable)
  diffusivity_id           -1           integer 14   4    (variable)
  diffusivity_ref          -1e+13       real    15   4    (variable)
  diffusivity_tensor       0            integer 27   4    (variable)
  drift_scalar_model       0            integer 28   0
  first_moment_id          -1           integer 30   0
  gradient_weighting_id    -1           integer 26   4    (variable)
  inner_flux_id            -1           integer 7    4    (variable)
  inner_mass_flux_id       -1           integer 5    4    (variable)
  is_buoyant               0            integer 19   4    (variable)
  is_clipped               -1           integer 36   4    (variable)
  is_temperature           -1           integer 20   4    (variable)
  label                    (null)       string  0    0
  limiter_choice           -1           integer 49   4    (variable)
  log                      0            integer 1    0
  max_scalar               1            real    47   0
  max_scalar_clipping      1e+12        real    46   0
  measures_set_id          -1           integer 42   4    (variable)
  min_scalar               0            real    48   0
  min_scalar_clipping      -1e+12       real    45   0
  moment_id                -1           integer 4    48   (postprocess, accumulator)
  opt_interp_analysis_id   -1           integer 44   4    (variable)
  opt_interp_id            -1           integer 43   4    (variable)
  parent_field_id          -1           integer 9    0
  post_vis                 0            integer 2    0
  restart_file             -1           integer 52   0
  scalar_class             0            integer 29   0
  scalar_id                -1           integer 11   0
  sgs_scalar_flux_coef_id  -1           integer 17   4    (variable)
  slope_test_upwind_id     -1           integer 34   4    (variable)
  source_term_id           -1           integer 33   4    (variable)
  source_term_prev_id      -1           integer 32   4    (variable)
  syrthes_coupling         0            integer 31   0
  time_extrapolated        -1           integer 41   0
  turbulent_diffusivity_id -1           integer 16   4    (variable)
  turbulent_flux_id        -1           integer 22   4    (variable)
  turbulent_flux_model     0            integer 21   4    (variable)
  turbulent_schmidt        1            real    24   4    (variable)
  turbulent_schmidt_id     -1           integer 25   4    (variable)
  variable_id              -1           integer 10   0
  solving_info                          struct  51   4    (variable)
  var_cal_opt                           struct  50   4    (variable)

Default values for structure keys:
----------------------------------

  Key                      Default      Description
  ------------------------ ------------ -----------------------------------------
  var_cal_opt
    Printing
      verbosity            0            Verbosity level.
    Time stepping
      istat                1            Take unsteady terms into account.
    Convection/Diffusion
      iconv                1            Take convection into account.
      idiff                1            Take diffusion into account.
      idifft               1            Take turbulent diffusion into account.
      idften               1            Type of diffusivity: scalar (1), orthotropic (3) or symmetric tensor (6)
      ischcv               1            Type of convective scheme: 2nd order with centered-gradient upwind reconstruction (0), centered (1), 2nd order with upwind-gradient upwind-reconstruction (SOLU) (2)and 3 for NVD/TVD scheme
      isstpc               1            0 for slope test, 1 for no slope test, 2 for min/max limiter 
      blencv               1            [0.;1.] (1-upwind proportion (0: upwind))
      blend_st             0            [0.;1.] (1-upwind proportion after slope test (0: upwind))
    Gradients calculation
      imrgra               -1           Reconstruction mode
      nswrgr               100          Number of sweeps gradient reconstruction
      epsrgr               0.0001       Gradient reconstruction precision
      imligr               -1           < 0, 0 or 1 (gradient limitation method)
      climgr               1.5          > 1 or 1 (gradient limitation coefficient)
      iwgrec               0            Gradient calculation: standard (0) or weighted (1)
    Rhs reconstruction
      ircflu               1            0 or 1 (flux reconstruction)
      nswrsm               1            Number of sweeps rhs reconstruction
      epsrsm               0.0001       Rhs reconstruction precision
      iswdyn               -1           Dynamic relaxation type
    Iterative solvers
      epsilo               1e-05        Resolution precision
    Time-scheme
      thetav               1            [0.;1.] theta-scheme for the main variables (0.5 for Crank-Nicolson)
      ibdtso               1            Backward differential scheme in time order
      relaxv               1            Relaxation of variables (1 for no relaxation)

Defined key values per field:
-----------------------------


  Key: "label", values per field
  ----
    velocity                 Velocity
    pressure                 Pressure
    k                        k
    omega                    omega
    wall_distance            Wall distance
    density                  Density
    boundary_density         Boundary Density
    molecular_viscosity      LamVisc
    turbulent_viscosity      TurbVisc
    hybrid_blend             Hybrid blending function
    s2                       S2
    vel_gradient_trace       Vel. Gradient Trace
    courant_number           CourantNb
    fourier_number           FourierNb
    total_pressure           total_pressure
    yplus                    Yplus
    TimeAverage1_velX        TimeAverage1_velX
    dt                       Local Time Step

  Key: "log", values per field
  ----
    velocity                 1
    pressure                 1
    k                        1
    omega                    1
    wall_distance            1
    density                  0
    boundary_density         0
    molecular_viscosity      0
    turbulent_viscosity      1
    hybrid_blend             1
    s2                       0
    vel_gradient_trace       0
    courant_number           1
    fourier_number           1
    total_pressure           1
    yplus                    1
    TimeAverage1_velX        1
    volume_forces            1

  Key: "post_vis", values per field
  ----
    velocity                 5
    pressure                 5
    k                        5
    omega                    5
    wall_distance            5
    density                  4
    boundary_density         0
    molecular_viscosity      4
    turbulent_viscosity      5
    hybrid_blend             1
    s2                       0
    vel_gradient_trace       0
    courant_number           5
    fourier_number           5
    total_pressure           5
    yplus                    1
    inner_mass_flux          1
    boundary_mass_flux       1
    TimeAverage1_velX        5
    volume_forces            0

  Key: "coupled", values per field
  ----
    velocity                 1

  Key: "moment_id", values per field
  ----

  Key: "inner_mass_flux_id", values per field
  ----
    velocity                 20
    pressure                 20
    k                        20
    omega                    20
    wall_distance            20

  Key: "boundary_mass_flux_id", values per field
  ----
    velocity                 21
    pressure                 21
    k                        21
    omega                    21
    wall_distance            21

  Key: "inner_flux_id", values per field
  ----

  Key: "boundary_flux_id", values per field
  ----

  Key: "parent_field_id", values per field
  ----
    pressure_increment       1

  Key: "variable_id", values per field
  ----
    velocity                 1
    pressure                 4
    k                        5
    omega                    6
    wall_distance            7

  Key: "scalar_id", values per field
  ----

  Key: "diffusion_coef_id", values per field
  ----

  Key: "diffusion_coef_ref", values per field
  ----

  Key: "diffusivity_id", values per field
  ----

  Key: "diffusivity_ref", values per field
  ----

  Key: "turbulent_diffusivity_id", values per field
  ----

  Key: "sgs_scalar_flux_coef_id", values per field
  ----

  Key: "density_id", values per field
  ----

  Key: "is_buoyant", values per field
  ----

  Key: "is_temperature", values per field
  ----

  Key: "turbulent_flux_model", values per field
  ----

  Key: "turbulent_flux_id", values per field
  ----

  Key: "alpha_turbulent_flux_id", values per field
  ----

  Key: "turbulent_schmidt", values per field
  ----
    k                        1         

  Key: "turbulent_schmidt_id", values per field
  ----

  Key: "gradient_weighting_id", values per field
  ----

  Key: "diffusivity_tensor", values per field
  ----

  Key: "drift_scalar_model", values per field
  ----

  Key: "scalar_class", values per field
  ----

  Key: "first_moment_id", values per field
  ----

  Key: "syrthes_coupling", values per field
  ----

  Key: "source_term_prev_id", values per field
  ----

  Key: "source_term_id", values per field
  ----

  Key: "slope_test_upwind_id", values per field
  ----

  Key: "clipping_id", values per field
  ----

  Key: "is_clipped", values per field
  ----

  Key: "boundary_value_id", values per field
  ----

  Key: "convection_limiter_id", values per field
  ----

  Key: "diffusion_limiter_id", values per field
  ----

  Key: "coupling_entity", values per field
  ----

  Key: "time_extrapolated", values per field
  ----
    density                  0
    molecular_viscosity      0
    turbulent_viscosity      0

  Key: "measures_set_id", values per field
  ----

  Key: "opt_interp_id", values per field
  ----

  Key: "opt_interp_analysis_id", values per field
  ----

  Key: "min_scalar_clipping", values per field
  ----

  Key: "max_scalar_clipping", values per field
  ----

  Key: "max_scalar", values per field
  ----

  Key: "min_scalar", values per field
  ----

  Key: "limiter_choice", values per field
  ----

  Key: "var_cal_opt", values per field
  ----

    velocity                
      verbosity            0
      iconv                1
      istat                1
      idircl               1
      ndircl               0
      idiff                1
      idifft               1
      idften               1
      iswdyn               -1
      ischcv               1
      ibdtso               1
      isstpc               0
      nswrgr               100
      nswrsm               1
      imvisf               0
      imrgra               0
      imligr               -1
      ircflu               1
      iwgrec               0
      icoupl               -1
      thetav               1           
      blencv               0           
      blend_st             0           
      epsilo               1e-05       
      epsrsm               0.0001      
      epsrgr               0.0001      
      climgr               1.5         
      relaxv               1           

    pressure                
      verbosity            0
      iconv                0
      istat                0
      idircl               1
      ndircl               0
      idiff                1
      idifft               1
      idften               1
      iswdyn               2
      ischcv               1
      ibdtso               1
      isstpc               0
      nswrgr               100
      nswrsm               2
      imvisf               0
      imrgra               0
      imligr               -1
      ircflu               1
      iwgrec               0
      icoupl               -1
      thetav               1           
      blencv               0           
      blend_st             0           
      epsilo               1e-08       
      epsrsm               1e-07       
      epsrgr               0.0001      
      climgr               1.5         
      relaxv               1           

    k                       
      verbosity            0
      iconv                1
      istat                1
      idircl               1
      ndircl               0
      idiff                1
      idifft               1
      idften               1
      iswdyn               -1
      ischcv               1
      ibdtso               1
      isstpc               0
      nswrgr               100
      nswrsm               1
      imvisf               0
      imrgra               0
      imligr               -1
      ircflu               1
      iwgrec               0
      icoupl               -1
      thetav               1           
      blencv               0           
      blend_st             0           
      epsilo               1e-05       
      epsrsm               0.0001      
      epsrgr               0.0001      
      climgr               1.5         
      relaxv               1           

    omega                   
      verbosity            0
      iconv                1
      istat                1
      idircl               1
      ndircl               0
      idiff                1
      idifft               1
      idften               1
      iswdyn               -1
      ischcv               1
      ibdtso               1
      isstpc               0
      nswrgr               100
      nswrsm               1
      imvisf               0
      imrgra               0
      imligr               -1
      ircflu               1
      iwgrec               0
      icoupl               -1
      thetav               1           
      blencv               0           
      blend_st             0           
      epsilo               1e-05       
      epsrsm               0.0001      
      epsrgr               0.0001      
      climgr               1.5         
      relaxv               1           

    wall_distance           
      verbosity            0
      iconv                0
      istat                0
      idircl               1
      ndircl               0
      idiff                1
      idifft               0
      idften               1
      iswdyn               2
      ischcv               1
      ibdtso               1
      isstpc               0
      nswrgr               100
      nswrsm               2
      imvisf               0
      imrgra               0
      imligr               -1
      ircflu               1
      iwgrec               0
      icoupl               -1
      thetav               1           
      blencv               0           
      blend_st             0           
      epsilo               1e-05       
      epsrsm               0.0001      
      epsrgr               0.0001      
      climgr               1.5         
      relaxv               1           

  Key: "solving_info", values per field
  ----

  Key: "restart_file", values per field
  ----
    total_pressure           1

Temporal moments
----------------

  Accumulator      Location             Start            Weight          
  ---------------- -------------------- ---------------- ----------------
  0                global                       16 s     -               

  Moment            Dim. Location             Type     Id   Acc. Lower  Field 
  ----------------- ---- -------------------- -------- ---- ---- ------ ------
  TimeAverage1_velX 1    cells                mean     0    0    -      22

--------------------------------------------------------------------------------

Iterative linear solvers parallel parameters:
  PCG single-reduction threshold:     512

Linear solver options for all systems
-------------------------------------

Immediate exit threshold value: 1.00e-12

Linear solver options for fields
--------------------------------

Linear solver options for "Velocity" (field id 0)
  Solver type:                       Symmetric Gauss-Seidel
  Maximum number of iterations:      10000
  Verbosity: 0

Linear solver options for "Pressure" (field id 1)
  Solver type:                       Flexible Conjugate Gradient
  Preconditioning:                   Multigrid
  Maximum number of iterations:      10000
  Multigrid preconditioner parameters:
  Coarsening type:                   default
    Max fine rows per coarse row:    3
    Maximum number of levels :       25
    Minimum number of coarse rows:   30
    P0/P1 relaxation parameter:      0.95
  Maximum number of cycles:          1

  Rank merge parameters:
    merge rank stride:               1
    mean  coarse rows threshold:    300
    total coarse rows threshold:    500
  Cycle type:                        V-cycle
  Descent smoother:
    Type:                            Symmetric Gauss-Seidel
    Maximum number of iterations:    1
    Precision multiplier:            -1
  Ascent smoother:
    Type:                            Symmetric Gauss-Seidel
    Maximum number of iterations:    1
    Precision multiplier:            -1
  Coarsest level solver:
    Type:                            Conjugate Gradient
    Maximum number of iterations:    500
    Precision multiplier:            1
  Postprocess coarsening:            0
  Verbosity: 0

Linear solver options for "k" (field id 2)
  Solver type:                       Symmetric Gauss-Seidel
  Maximum number of iterations:      10000
  Verbosity: 0

Linear solver options for "omega" (field id 3)
  Solver type:                       Symmetric Gauss-Seidel
  Maximum number of iterations:      10000
  Verbosity: 0

Linear solver options for "Wall distance" (field id 16)
  Solver type:                       Flexible Conjugate Gradient
  Preconditioning:                   Multigrid
  Maximum number of iterations:      10000
  Multigrid preconditioner parameters:
  Coarsening type:                   default
    Max fine rows per coarse row:    3
    Maximum number of levels :       25
    Minimum number of coarse rows:   30
    P0/P1 relaxation parameter:      0.95
  Maximum number of cycles:          1

  Rank merge parameters:
    merge rank stride:               1
    mean  coarse rows threshold:    300
    total coarse rows threshold:    500
  Cycle type:                        V-cycle
  Descent smoother:
    Type:                            Symmetric Gauss-Seidel
    Maximum number of iterations:    1
    Precision multiplier:            -1
  Ascent smoother:
    Type:                            Symmetric Gauss-Seidel
    Maximum number of iterations:    1
    Precision multiplier:            -1
  Coarsest level solver:
    Type:                            Conjugate Gradient
    Maximum number of iterations:    500
    Precision multiplier:            1
  Postprocess coarsening:            0
  Verbosity: 0

--------------------------------------------------------------------------------

Mesh quantity computation options
---------------------------------

  Cell centers: weighted center of face centers

   Mesh quantity corrections:
      CS_BAD_CELLS_WARPED_CORRECTION
      CS_FACE_DISTANCE_CLIP

Physical model options
----------------------

Physical properties
-------------------

    gravity vector:    [0, 0, 0]
    icorio:        0 (ignore Coriolis source terms)

  Continuous phase:
    ro0:            1.22500e+00 (Reference density)
    viscl0:         1.80200e-05 (Ref. molecular dyn. visc.)
    cp0:            1.01724e+03 (Ref. specific heat)
    icp:           -1 (> 0: Variable Cp (cs_user_physical_properties))
    p0:             1.01325e+05 (Ref. total pressure)
    pred0:          0.00000e+00 (Ref. reduced pressure)
    t0:             2.93150e+02 (Ref. temperature)

    Initial reference point for pressure
    xyzp0:          0.00000e+00    0.00000e+00    0.00000e+00

    irovar:    0 (constant density)
    ivivar:    0 (constant molecular viscosity)

Thermal model options
---------------------

  Continuous phase:

    Thermal model
    itherm:    0 (no thermal model)
    Temperature scale
    itpscl:    0 (none)

Turbulence model options
------------------------

  Continuous phase:

    RANS model (type = CS_TURB_RANS)

    k-omega SST
      (iturb = CS_TURB_K_OMEGA)

    iwallf                      (wall function:
                                 Disabled)
    iwalfs                      (Scalar wall function:
                                 Arparci and Larsen)
    ypluli:         1.08800e+01 (Limit Y+)

    igrhok:        0 (ignore Grad(rho k) in velocity equation)
    almax:          4.31141e-01 (Characteristic length)
    uref:           1.22640e+00 (Characteristic velocity)
    ikecou:                   0 (k-epsilon coupling mode)
    hybrid_turb: CS_HYBRID_DDES  (RANS-LES hybrid model)
    igrake:                   0 (Account for gravity)
    relaxv:         1.00000e+00 for k (Relaxation)
    relaxv:         1.00000e+00 for omega (Relaxation)
    irccor:        0 (no rotation/curvature correction)

Constants:

    xkappa:         4.20000e-01 (Von Karman constant)
    cstlog:         5.20000e+00 (U+=Log(y+)/kappa +cstlog)
    apow:           8.30000e+00 (U+=apow (y+)**bpow (W&W law))
    bpow:           1.42857e-01 (U+=apow (y+)**bpow (W&W law))

  k-omega SST constants:
    ckwsk1:         1.17647e+00 (sigma_k1 constant)
    ckwsk2:         1.00000e+00 (sigma_k2 constant)
    ckwsw1:         2.00000e+00 (sigma_omega1 constant)
    ckwsw2:         1.16822e+00 (sigma_omega2 constant)
    ckwbt1:         7.50000e-02 (beta1 constant)
    ckwbt2:         8.28000e-02 (beta2 constant)
    ckwgm1:         5.39333e-01 (gamma1 constant)
    ckwgm2:         4.16672e-01 (gamma2 constant)
    ckwa1:          3.10000e-01 (a1 constant to compute mu_t)
    ckwc1:          1.00000e+01 (c1 const. for prod. limiter)
    cmu:            9.00000e-02 (Cmu (or Beta*) constant for)
                          omega/epsilon conversion)

Time stepping options
---------------------

  Unsteady algorithm

    Time step parameters

      idtvar: CS_TIME_STEP_CONSTANT (constant)
      dtref:                  0.001 (Reference time step)


Velocity-pressure model
-----------------------

  Viscous term of transposed velocity gradient:
    ivisse:        1 (taken into account)


  Variable density / dilatable model:
    idilat:        1 (without unsteady term in the continuity equation)

  Porosity model:
    iporos:        0 (without porous media)

Velocity-pressure parameters
----------------------------

    nterup:        1 (number of U-P sub iterations)
    iphydr:        1 (account for explicit balance between pressure
                      gradient, gravity source terms and head losses)
    icalhy:        0 ((default)
                      do not compute hydrostatic pressure for dirichlet
                      conditions for pressure on outlet)
    igpust:        1 (take user momentum source terms into account
                      in the hydrostatic pressure computation)
    iprco:         1 (compute the pressure step
                      using the continuity equation)
    ipucou:        0 (standard algorithm for velocity/pressure coupling)

    irevmc:         0 (Velocity reconstruction mode)
    relaxv:         1.00000e+00 for Pressure (relaxation)
    arak:           1.00000e+00 (Arakawa factor)

  Factor of Rhie and Chow 0
    staggered 0 (1D staggered scheme option)

Space discretization options
----------------------------

    imvisf:    0 (arithmetic face viscosity field interpolation)

    imrgra:    0 (gradient reconstruction:
                  Green-Gauss, iterative handling of non-orthogonalities,
                  using face neighbors)

    Method to compute inner mass flux due to mesh velocity in ALE
    iflxmw:    0 (based on mesh velocity at cell centers)

Subdomain rotation
------------------

  Global domain rotation:
    axis:             [0, 0, 0]
    invariant point:  [0, 0, 0]
    angular velocity:  0 radians/s

Volume zones
------------

  Zone: "cells"
    id:                         0
    location_id:                1
    allow overlay

  Zone: "all_cells"
    id:                         1
    type:                       129 (initialization)
    location_id:                1
    allow overlay

Boundary zones
--------------

  Zone: "boundary_faces"
    id:                         0
    location_id:                3
    allow overlay

  Zone: "Symm1"
    id:                         1
    location_id:                7
    selection criteria:         "upperWall"

  Zone: "Symm2"
    id:                         2
    location_id:                8
    selection criteria:         "frontAndBack"

  Zone: "inlet"
    id:                         3
    location_id:                9
    selection criteria:         "inlet"

  Zone: "outlet"
    id:                         4
    location_id:                10
    selection criteria:         "outlet"

  Zone: "NoSlip1"
    id:                         5
    location_id:                11
    selection criteria:         "lowerWall"

  Zone: "vehicle1"
    id:                         6
    location_id:                12
    selection criteria:         "gtsModel"

## Domain boundary settings
 * Domain boundary | Category: flow conditions
 * Domain boundary | Default: wall
 * Domain boundary | Number of definitions: 6

  Boundary:   Symm1
    type:     undefined
    zone id:  1

  Boundary:   Symm2
    type:     undefined
    zone id:  2

  Boundary:   inlet
    type:     inlet, imposed velocity
    zone id:  3

  Boundary:   outlet
    type:     outlet
    zone id:  4

  Boundary:   NoSlip1
    type:     wall, sliding
    zone id:  5

  Boundary:   vehicle1
    type:     wall
    zone id:  6

## Domain boundary settings
 * Domain boundary | Category: ALE
 * Domain boundary | Default: fixed
 * Domain boundary | Number of definitions: 0
