Start run at Sun Oct 23 13:22:48 ART 2022
echo $LD_LIBRARY_PATH
/share/apps/python/3.6.1/lib:/share/apps/gcc/4.9.4/lib64:/share/apps/gcc/4.9.4/lib:/share/apps/binutils/2.27/lib:/share/apps/gdb/7.8.2/lib:/share/apps/llvm/6.0.0/lib:/share/apps/octave/4.4.0/lib:/share/apps/sparsersb/1.2.0/lib:/share/apps/hdf5/1.8.18/lib:/share/apps/fftw/3.3.6-single/lib:/share/apps/suitesparse/5.2.0/lib:/share/apps/suitesparse/5.2.0/lib64:/share/apps/openblas/0.2.20-single/lib:/share/apps/paraview/5.6.0/lib:/share/apps/mesa/18.0.1/lib:/share/apps/python/2.7.13/lib:/share/apps/mpich/3.2/lib:/share/apps/openmpi/2.1.2/lib
LD_LIBRARY_PATH=/usr/lib64/mpich/lib/:/share/apps/salome/8.5.0/BINARIES-CO6/hdf5/lib:/share/apps/python/3.6.1/lib:/share/apps/gcc/4.9.4/lib64:/share/apps/gcc/4.9.4/lib:/share/apps/binutils/2.27/lib:/share/apps/gdb/7.8.2/lib:/share/apps/llvm/6.0.0/lib:/share/apps/octave/4.4.0/lib:/share/apps/sparsersb/1.2.0/lib:/share/apps/hdf5/1.8.18/lib:/share/apps/fftw/3.3.6-single/lib:/share/apps/suitesparse/5.2.0/lib:/share/apps/suitesparse/5.2.0/lib64:/share/apps/openblas/0.2.20-single/lib:/share/apps/paraview/5.6.0/lib:/share/apps/mesa/18.0.1/lib:/share/apps/python/2.7.13/lib:/share/apps/mpich/3.2/lib:/share/apps/openmpi/2.1.2/lib PYTHON_CS_XFLAGS=' -O0 -g3 -ggdb3 -I/usr/include/jsoncpp ' /share/storage/pub/finzeo/saturne-vof/bin/code_saturne run --param setup.xml

The following have been reloaded with a version change:
  1) llvm/6.0.0 => llvm/3.4.2


The following have been reloaded with a version change:
  1) llvm/3.4.2 => llvm/6.0.0


                      code_saturne
                      ============

Version:   7.2.0-patch
Path:      /share/storage/pub/finzeo/saturne-vof

Result directory:
  /share/storage/finzeo/GTSstudy7/CASE1/RESU/20221023-1322

Copying base setup data
-----------------------

Compiling and linking user-defined functions
--------------------------------------------

Preparing calculation data
--------------------------

 Parallel code_saturne on 80 processes.

Preprocessing calculation
-------------------------

Starting calculation
--------------------

step 1, time 0.001000 
bounding box of vehicle: xmin -2.47489 -0.161925 0.0630997, xmax 2.87843e-07 0.161925 0.5139m 
gts area: 4.0446 m2 
yplus max: 7.91316, yplus min: 3.34997e-06 
position of yplus max: -1.11763 -0.0282332 0.5139 
yplus prom: 4.45263 
forces: 16.227612 -0.000350 -1.300652 
Drag coefficient: 120.657796 
Lateral coefficient: -0.002606 
Lift coefficient: -9.670791 
torque (ref. CG): 0.000084 (roll) 2.259235 (pitch) 0.000434 (yaw) 
----------------------------------------------------- 
step 2, time 0.002000 
bounding box of vehicle: xmin -2.47489 -0.161925 0.0630997, xmax 2.87843e-07 0.161925 0.5139m 
gts area: 4.0446 m2 
yplus max: 3.23045, yplus min: 0.495994 
position of yplus max: -2.33499 0.0311846 0.463651 
yplus prom: 1.21247 
forces: 60.221868 -0.011186 -7.652182 
Drag coefficient: 447.770012 
Lateral coefficient: -0.083170 
Lift coefficient: -56.896568 
torque (ref. CG): 0.002667 (roll) 4.888083 (pitch) 0.013841 (yaw) 
----------------------------------------------------- 
step 3, time 0.003000 
bounding box of vehicle: xmin -2.47489 -0.161925 0.0630997, xmax 2.87843e-07 0.161925 0.5139m 
gts area: 4.0446 m2 
yplus max: 3.92319, yplus min: 0.167933 
position of yplus max: -2.33499 0.0311846 0.463651 
yplus prom: 1.35231 
forces: 17.181414 0.034497 -1.544349 
Drag coefficient: 127.749639 
Lateral coefficient: 0.256499 
Lift coefficient: -11.482756 
torque (ref. CG): -0.008224 (roll) 2.185072 (pitch) -0.042687 (yaw) 
----------------------------------------------------- 
step 4, time 0.004000 
bounding box of vehicle: xmin -2.47489 -0.161925 0.0630997, xmax 2.87843e-07 0.161925 0.5139m 
gts area: 4.0446 m2 
yplus max: 3.93088, yplus min: 0.145509 
position of yplus max: -2.33499 0.0311846 0.463651 
yplus prom: 1.32675 
forces: -0.366775 0.018517 0.068293 
Drag coefficient: -2.727098 
Lateral coefficient: 0.137682 
Lift coefficient: 0.507781 
torque (ref. CG): -0.004415 (roll) -0.002933 (pitch) -0.022913 (yaw) 
----------------------------------------------------- 
srun: Job step aborted: Waiting up to 32 seconds for job step to finish.
srun: got SIGCONT
slurmstepd: error: *** STEP 141884.0 ON compute-0-7 CANCELLED AT 2022-10-23T15:05:51 ***
Post-calculation operations
---------------------------

slurmstepd: error: *** JOB 141884 ON compute-0-7 CANCELLED AT 2022-10-23T15:05:51 ***
 solver script exited with status 1.

Error running the calculation.

Check run_solver.log and error* files for details.

Domain None (code_saturne):
  run_solver.log, error*.

Run failed in calculation stage.

make: *** [run] Terminated
