Start run at Fri Oct 21 13:25:21 ART 2022
echo $LD_LIBRARY_PATH
/share/apps/python/3.6.1/lib:/share/apps/gcc/4.9.4/lib64:/share/apps/gcc/4.9.4/lib:/share/apps/binutils/2.27/lib:/share/apps/gdb/7.8.2/lib:/share/apps/llvm/6.0.0/lib:/share/apps/octave/4.4.0/lib:/share/apps/sparsersb/1.2.0/lib:/share/apps/hdf5/1.8.18/lib:/share/apps/fftw/3.3.6-single/lib:/share/apps/suitesparse/5.2.0/lib:/share/apps/suitesparse/5.2.0/lib64:/share/apps/openblas/0.2.20-single/lib:/share/apps/paraview/5.6.0/lib:/share/apps/mesa/18.0.1/lib:/share/apps/python/2.7.13/lib:/share/apps/mpich/3.2/lib:/share/apps/openmpi/2.1.2/lib
LD_LIBRARY_PATH=/usr/lib64/mpich/lib/:/share/apps/salome/8.5.0/BINARIES-CO6/hdf5/lib:/share/apps/python/3.6.1/lib:/share/apps/gcc/4.9.4/lib64:/share/apps/gcc/4.9.4/lib:/share/apps/binutils/2.27/lib:/share/apps/gdb/7.8.2/lib:/share/apps/llvm/6.0.0/lib:/share/apps/octave/4.4.0/lib:/share/apps/sparsersb/1.2.0/lib:/share/apps/hdf5/1.8.18/lib:/share/apps/fftw/3.3.6-single/lib:/share/apps/suitesparse/5.2.0/lib:/share/apps/suitesparse/5.2.0/lib64:/share/apps/openblas/0.2.20-single/lib:/share/apps/paraview/5.6.0/lib:/share/apps/mesa/18.0.1/lib:/share/apps/python/2.7.13/lib:/share/apps/mpich/3.2/lib:/share/apps/openmpi/2.1.2/lib PYTHON_CS_XFLAGS=' -O0 -g3 -ggdb3 -I/usr/include/jsoncpp ' /share/storage/pub/finzeo/saturne-vof/bin/code_saturne run --param setup.xml

The following have been reloaded with a version change:
  1) llvm/6.0.0 => llvm/3.4.2


The following have been reloaded with a version change:
  1) llvm/3.4.2 => llvm/6.0.0


                      code_saturne
                      ============

Version:   7.2.0-patch
Path:      /share/storage/pub/finzeo/saturne-vof

Result directory:
  /share/storage/finzeo/GTSstudy7/CASE1/RESU/20221021-1325

Copying base setup data
-----------------------

Compiling and linking user-defined functions
--------------------------------------------

Preparing calculation data
--------------------------

 Parallel code_saturne on 60 processes.

Preprocessing calculation
-------------------------

Starting calculation
--------------------

srun: Job step aborted: Waiting up to 32 seconds for job step to finish.
srun: got SIGCONT
slurmstepd: error: *** STEP 141872.0 ON compute-0-10 CANCELLED AT 2022-10-21T13:30:51 ***
slurmstepd: error: *** JOB 141872 ON compute-0-10 CANCELLED AT 2022-10-21T13:30:51 ***
srun: forcing job termination
make: *** [run] Terminated

===================================================================================
=   BAD TERMINATION OF ONE OF YOUR APPLICATION PROCESSES
=   PID 155188 RUNNING AT compute-0-11
=   EXIT CODE: 15
=   CLEANING UP REMAINING PROCESSES
=   YOU CAN IGNORE THE BELOW CLEANUP MESSAGES
===================================================================================
[proxy:0:2@compute-0-27.local] HYD_pmcd_pmip_control_cmd_cb (pm/pmiserv/pmip_cb.c:885): assert (!closed) failed
[proxy:0:2@compute-0-27.local] HYDT_dmxu_poll_wait_for_event (tools/demux/demux_poll.c:76): callback returned error status
[proxy:0:2@compute-0-27.local] main (pm/pmiserv/pmip.c:206): demux engine error waiting for event
[proxy:0:0@compute-0-10.local] HYD_pmcd_pmip_control_cmd_cb (pm/pmiserv/pmip_cb.c:885): assert (!closed) failed
[proxy:0:0@compute-0-10.local] HYDT_dmxu_poll_wait_for_event (tools/demux/demux_poll.c:76): callback returned error status
[proxy:0:0@compute-0-10.local] main (pm/pmiserv/pmip.c:206): demux engine error waiting for event
srun: error: compute-0-10: task 0: Exited with exit code 7
srun: error: compute-0-27: task 2: Exited with exit code 7
[mpiexec@compute-0-10.local] HYDT_bscu_wait_for_completion (tools/bootstrap/utils/bscu_wait.c:76): one of the processes terminated badly; aborting
[mpiexec@compute-0-10.local] HYDT_bsci_wait_for_completion (tools/bootstrap/src/bsci_wait.c:23): launcher returned error waiting for completion
[mpiexec@compute-0-10.local] HYD_pmci_wait_for_completion (pm/pmiserv/pmiserv_pmci.c:218): launcher returned error waiting for completion
[mpiexec@compute-0-10.local] main (ui/mpich/mpiexec.c:344): process manager error waiting for completion
