Start run at Fri Oct 21 12:39:00 ART 2022
echo $LD_LIBRARY_PATH
/share/apps/python/3.6.1/lib:/share/apps/gcc/4.9.4/lib64:/share/apps/gcc/4.9.4/lib:/share/apps/binutils/2.27/lib:/share/apps/gdb/7.8.2/lib:/share/apps/llvm/6.0.0/lib:/share/apps/octave/4.4.0/lib:/share/apps/sparsersb/1.2.0/lib:/share/apps/hdf5/1.8.18/lib:/share/apps/fftw/3.3.6-single/lib:/share/apps/suitesparse/5.2.0/lib:/share/apps/suitesparse/5.2.0/lib64:/share/apps/openblas/0.2.20-single/lib:/share/apps/paraview/5.6.0/lib:/share/apps/mesa/18.0.1/lib:/share/apps/python/2.7.13/lib:/share/apps/mpich/3.2/lib:/share/apps/openmpi/2.1.2/lib
LD_LIBRARY_PATH=/usr/lib64/mpich/lib/:/share/apps/salome/8.5.0/BINARIES-CO6/hdf5/lib:/share/apps/python/3.6.1/lib:/share/apps/gcc/4.9.4/lib64:/share/apps/gcc/4.9.4/lib:/share/apps/binutils/2.27/lib:/share/apps/gdb/7.8.2/lib:/share/apps/llvm/6.0.0/lib:/share/apps/octave/4.4.0/lib:/share/apps/sparsersb/1.2.0/lib:/share/apps/hdf5/1.8.18/lib:/share/apps/fftw/3.3.6-single/lib:/share/apps/suitesparse/5.2.0/lib:/share/apps/suitesparse/5.2.0/lib64:/share/apps/openblas/0.2.20-single/lib:/share/apps/paraview/5.6.0/lib:/share/apps/mesa/18.0.1/lib:/share/apps/python/2.7.13/lib:/share/apps/mpich/3.2/lib:/share/apps/openmpi/2.1.2/lib PYTHON_CS_XFLAGS=' -O0 -g3 -ggdb3 -I/usr/include/jsoncpp ' /share/storage/pub/finzeo/saturne-vof/bin/code_saturne run --param setup.xml

The following have been reloaded with a version change:
  1) llvm/6.0.0 => llvm/3.4.2


The following have been reloaded with a version change:
  1) llvm/3.4.2 => llvm/6.0.0


                      code_saturne
                      ============

Version:   7.2.0-patch
Path:      /share/storage/pub/finzeo/saturne-vof

Result directory:
  /share/storage/finzeo/GTSstudy7/CASE1/RESU/20221021-1239

Copying base setup data
-----------------------

Compiling and linking user-defined functions
--------------------------------------------

Preparing calculation data
--------------------------

 Parallel code_saturne on 4 processes.

Preprocessing calculation
-------------------------

Starting calculation
--------------------

step 1, time 0.000750 
bounding box of vehicle: xmin -2.47489 -0.161925 0.0630997, xmax 2.87843e-07 0.161925 0.5139m 
gts area: 4.0446 m2 
yplus max: 7.91316, yplus min: 3.34997e-06 
position of yplus max: -1.11763 -0.0282332 0.5139 
yplus prom: 4.45263 
forces: 16.227612 -0.000350 -1.300652 
Drag coefficient: 120.657796 
Lateral coefficient: -0.002606 
Lift coefficient: -9.670791 
torque (ref. CG): 0.000084 (roll) 2.259235 (pitch) 0.000434 (yaw) 
----------------------------------------------------- 
step 2, time 0.001500 
bounding box of vehicle: xmin -2.47489 -0.161925 0.0630997, xmax 2.87843e-07 0.161925 0.5139m 
gts area: 4.0446 m2 
yplus max: 3.23013, yplus min: 0.494863 
position of yplus max: -2.33499 0.0311846 0.463651 
yplus prom: 1.21236 
forces: 80.478243 -0.014406 -10.231400 
Drag coefficient: 598.383029 
Lateral coefficient: -0.107112 
Lift coefficient: -76.073932 
torque (ref. CG): 0.003434 (roll) 6.525678 (pitch) 0.017826 (yaw) 
----------------------------------------------------- 
step 3, time 0.002250 
bounding box of vehicle: xmin -2.47489 -0.161925 0.0630997, xmax 2.87843e-07 0.161925 0.5139m 
gts area: 4.0446 m2 
yplus max: 3.92086, yplus min: 0.12954 
position of yplus max: -2.33499 0.0311846 0.463651 
yplus prom: 1.3656 
forces: 22.848163 0.044887 -2.051655 
Drag coefficient: 169.883841 
Lateral coefficient: 0.333749 
Lift coefficient: -15.254752 
torque (ref. CG): -0.010701 (roll) 2.908284 (pitch) -0.055543 (yaw) 
----------------------------------------------------- 
step 4, time 0.003000 
bounding box of vehicle: xmin -2.47489 -0.161925 0.0630997, xmax 2.87843e-07 0.161925 0.5139m 
gts area: 4.0446 m2 
yplus max: 3.92559, yplus min: 0.279385 
position of yplus max: -2.33499 0.0311846 0.463651 
yplus prom: 1.33735 
forces: -0.530254 0.025865 0.107212 
Drag coefficient: -3.942616 
Lateral coefficient: 0.192314 
Lift coefficient: 0.797160 
torque (ref. CG): -0.006166 (roll) 0.006252 (pitch) -0.032005 (yaw) 
----------------------------------------------------- 
step 5, time 0.003750 
bounding box of vehicle: xmin -2.47489 -0.161925 0.0630997, xmax 2.87843e-07 0.161925 0.5139m 
gts area: 4.0446 m2 
yplus max: 3.92983, yplus min: 0.244812 
position of yplus max: -2.33499 0.0311846 0.463651 
yplus prom: 1.3336 
forces: -0.840306 -0.009785 -0.033272 
Drag coefficient: -6.247959 
Lateral coefficient: -0.072754 
Lift coefficient: -0.247388 
torque (ref. CG): 0.002333 (roll) -0.241500 (pitch) 0.012108 (yaw) 
----------------------------------------------------- 
step 6, time 0.004500 
bounding box of vehicle: xmin -2.47489 -0.161925 0.0630997, xmax 2.87843e-07 0.161925 0.5139m 
gts area: 4.0446 m2 
yplus max: 3.94045, yplus min: 0.169712 
position of yplus max: -2.33499 0.0311846 0.463651 
yplus prom: 1.33561 
forces: -0.049077 -0.003952 -0.034071 
Drag coefficient: -0.364907 
Lateral coefficient: -0.029382 
Lift coefficient: -0.253332 
torque (ref. CG): 0.000942 (roll) -0.053860 (pitch) 0.004890 (yaw) 
----------------------------------------------------- 
step 7, time 0.005250 
bounding box of vehicle: xmin -2.47489 -0.161925 0.0630997, xmax 2.87843e-07 0.161925 0.5139m 
gts area: 4.0446 m2 
yplus max: 3.95245, yplus min: 0.131317 
position of yplus max: -2.33499 0.0311846 0.463651 
yplus prom: 1.33919 
forces: 0.146287 0.001431 -0.026009 
Drag coefficient: 1.087691 
Lateral coefficient: 0.010642 
Lift coefficient: -0.193386 
torque (ref. CG): -0.000341 (roll) 0.002691 (pitch) -0.001771 (yaw) 
----------------------------------------------------- 
step 8, time 0.006000 
bounding box of vehicle: xmin -2.47489 -0.161925 0.0630997, xmax 2.87843e-07 0.161925 0.5139m 
gts area: 4.0446 m2 
yplus max: 3.96427, yplus min: 0.128012 
position of yplus max: -2.33499 0.0311846 0.463651 
yplus prom: 1.34231 
forces: 0.139954 0.001085 -0.014658 
Drag coefficient: 1.040609 
Lateral coefficient: 0.008068 
Lift coefficient: -0.108984 
torque (ref. CG): -0.000259 (roll) 0.015228 (pitch) -0.001343 (yaw) 
----------------------------------------------------- 
step 9, time 0.006750 
bounding box of vehicle: xmin -2.47489 -0.161925 0.0630997, xmax 2.87843e-07 0.161925 0.5139m 
gts area: 4.0446 m2 
yplus max: 3.97588, yplus min: 0.127242 
position of yplus max: -2.33499 0.0311846 0.463651 
yplus prom: 1.34535 
forces: 0.111360 0.000404 -0.011948 
Drag coefficient: 0.827996 
Lateral coefficient: 0.003003 
Lift coefficient: -0.088839 
torque (ref. CG): -0.000096 (roll) 0.011763 (pitch) -0.000500 (yaw) 
----------------------------------------------------- 
step 10, time 0.007500 
bounding box of vehicle: xmin -2.47489 -0.161925 0.0630997, xmax 2.87843e-07 0.161925 0.5139m 
gts area: 4.0446 m2 
yplus max: 3.9874, yplus min: 0.0877689 
position of yplus max: -2.33499 0.0311846 0.463651 
yplus prom: 1.34847 
forces: 0.104960 0.000139 -0.014010 
Drag coefficient: 0.780414 
Lateral coefficient: 0.001033 
Lift coefficient: -0.104167 
torque (ref. CG): -0.000033 (roll) 0.007687 (pitch) -0.000172 (yaw) 
----------------------------------------------------- 
step 11, time 0.008250 
bounding box of vehicle: xmin -2.47489 -0.161925 0.0630997, xmax 2.87843e-07 0.161925 0.5139m 
gts area: 4.0446 m2 
yplus max: 3.99886, yplus min: 0.113489 
position of yplus max: -2.33499 0.0311846 0.463651 
yplus prom: 1.35181 
forces: 0.105994 0.000150 -0.015426 
Drag coefficient: 0.788098 
Lateral coefficient: 0.001117 
Lift coefficient: -0.114696 
torque (ref. CG): -0.000036 (roll) 0.006181 (pitch) -0.000186 (yaw) 
----------------------------------------------------- 
step 12, time 0.009000 
bounding box of vehicle: xmin -2.47489 -0.161925 0.0630997, xmax 2.87843e-07 0.161925 0.5139m 
gts area: 4.0446 m2 
yplus max: 4.01026, yplus min: 0.101216 
position of yplus max: -2.33499 0.0311846 0.463651 
yplus prom: 1.35535 
forces: 0.107312 0.000203 -0.015738 
Drag coefficient: 0.797898 
Lateral coefficient: 0.001506 
Lift coefficient: -0.117021 
torque (ref. CG): -0.000048 (roll) 0.006108 (pitch) -0.000251 (yaw) 
----------------------------------------------------- 
step 13, time 0.009750 
bounding box of vehicle: xmin -2.47489 -0.161925 0.0630997, xmax 2.87843e-07 0.161925 0.5139m 
gts area: 4.0446 m2 
yplus max: 4.02158, yplus min: 0.168518 
position of yplus max: -2.33499 0.0311846 0.463651 
yplus prom: 1.35903 
forces: 0.107945 0.000218 -0.015684 
Drag coefficient: 0.802611 
Lateral coefficient: 0.001623 
Lift coefficient: -0.116613 
torque (ref. CG): -0.000052 (roll) 0.006327 (pitch) -0.000270 (yaw) 
----------------------------------------------------- 
Post-calculation operations
---------------------------

Ends run at Fri Oct 21 12:43:54 ART 2022
