Start run at Tue Nov 1 19:42:19 ART 2022
PYTHON_CS_XFLAGS=' -O0 -g3 -ggdb3 -I/usr/include/jsoncpp ' /share/storage/pub/finzeo/saturne-vof/bin/code_saturne run --param setup.xml

The following have been reloaded with a version change:
  1) llvm/6.0.0 => llvm/3.4.2


The following have been reloaded with a version change:
  1) llvm/3.4.2 => llvm/6.0.0


                      code_saturne
                      ============

Version:   7.2.0-patch
Path:      /share/storage/pub/finzeo/saturne-vof

Result directory:
  /share/storage/finzeo/GTSstudy/1-GTS_Rao/RESU/20221101-1942

Copying base setup data
-----------------------

Compiling and linking user-defined functions
--------------------------------------------

Post-calculation operations
---------------------------

Warning:
  'run.cfg' not found in case directory; case update recommended.

Run failed in compile or link stage.

make: *** [run] Error 1
