
Local case configuration:

  Date:                Fri 22 Jul 2022 12:47:38 PM ART
  Processor:           model name	: Intel(R) Xeon(R) CPU E5-2650 v3 @ 2.30GHz
  Memory:              129083 MB
  Directory:           /share/storage/finzeo/GTS_Tunay_2/RESU/20220722-1247
  MPI ranks:           3
  OpenMP threads:      1
  Processors/node:     1
  I/O read method:     collective MPI-IO (explicit offsets)
  I/O write method:    collective MPI-IO (explicit offsets)
  I/O rank step:        1

--------------------------------------------------------------------------------

Partitioning:

  Morton (Z) curve:           40.1 s 
  wall clock time:            40.1 s

--------------------------------------------------------------------------------

Halo creation times summary

  Interface creation:                        3.17 s
  Halo creation:                             0.295 s

  Total time for halo creation:              3.47 s

--------------------------------------------------------------------------------

Summary of gradient computations pour "Work array" (Iterative reconstruction):

  Number of calls:            25740
  Total elapsed time:    103532.870

Summary of gradient computations pour "k" (Iterative reconstruction):

  Number of calls:            20001
  Total elapsed time:     45805.749

Summary of gradient computations pour "omega" (Iterative reconstruction):

  Number of calls:            20001
  Total elapsed time:     45791.744

Summary of gradient computations pour "pressure" (Iterative reconstruction):

  Number of calls:            26668
  Total elapsed time:    127950.270

Summary of gradient computations pour "velocity" (Iterative reconstruction):

  Number of calls:            26667
  Total elapsed time:    142557.992

Summary of gradient computations pour "wall_distance" (Iterative reconstruction):

  Number of calls:                4
  Total elapsed time:         3.305

--------------------------------------------------------------------------------

Linear solver performance for fields
------------------------------------

Summary of resolutions for "Velocity" (field id 0)

  Solver type:                   Symmetric Gauss-Seidel
  Number of setups:                      6667
  Number of calls:                       6667
  Minimum number of iterations:             2
  Maximum number of iterations:           108
  Mean number of iterations:                2
  Total setup time:                  1000.120
  Total solution time:              11178.776

Summary of resolutions for "Pressure" (field id 1)

  Solver type:                   Conjugate Gradient
  Preconditioning:               Multigrid
  Number of setups:                      4871
  Number of calls:                       5739
  Minimum number of iterations:             1
  Maximum number of iterations:           131
  Mean number of iterations:                2
  Total setup time:                 22120.840
  Total solution time:              16571.621

  Multigrid:
    V-cycle
    Coarsening: default
    Smoother: Symmetric Gauss-Seidel
    Coarsest level solver:       Conjugate Gradient

                                               mean      minimum      maximum
  Number of levels:                              13           13           13
  Number of cycles:                               1            1            2

                                                           calls         time
  Construction:                                             4871    43275.906
  Resolution:                                              21652    13737.588

                                               mean      minimum      maximum
  Grid level 0:
    Number of rows:                         6913107      6913107      6913107
    Number of active ranks:                       3            3            3
    Mean local rows:                        2304369      2304369      2304369
    Mean local columns + ghosts:            2351807      2351807      2351807
    Mean local entries:                    16171567     16171567     16171567
    Rows imbalance:                           0.000        0.000        0.000
    Columns + ghosts imbalance:               0.012        0.012        0.012
    entries imbalance                         0.000        0.000        0.000
    Descent smoother iterations:                  1            1            1
  Grid level 1:
    Number of rows:                         2309095      2309095      2309095
    Number of active ranks:                       3            3            3
    Mean local rows:                         772250       772250       772250
    Mean local columns + ghosts:             793131       793131       793131
    Mean local entries:                     6913694      6913694      6913694
    Rows imbalance:                           0.003        0.003        0.003
    Columns + ghosts imbalance:               0.014        0.014        0.014
    entries imbalance                         0.015        0.015        0.015
    Descent smoother iterations:                  1            1            1
    Ascent smoother iterations:                   1            1            1
  Grid level 2:
    Number of rows:                          760729       760729       760729
    Number of active ranks:                       3            3            3
    Mean local rows:                         255822       255822       255822
    Mean local columns + ghosts:             264834       264834       264834
    Mean local entries:                     3033927      3033927      3033927
    Rows imbalance:                           0.009        0.009        0.009
    Columns + ghosts imbalance:               0.016        0.016        0.016
    entries imbalance                         0.011        0.011        0.011
    Descent smoother iterations:                  1            1            1
    Ascent smoother iterations:                   1            1            1
  Grid level 3:
    Number of rows:                          241182       241182       241182
    Number of active ranks:                       3            3            3
    Mean local rows:                          80851        80851        80851
    Mean local columns + ghosts:              85129        85129        85129
    Mean local entries:                     1132834      1132834      1132834
    Rows imbalance:                           0.006        0.006        0.006
    Columns + ghosts imbalance:               0.033        0.033        0.033
    entries imbalance                         0.009        0.009        0.009
    Descent smoother iterations:                  1            1            1
    Ascent smoother iterations:                   1            1            1
  Grid level 4:
    Number of rows:                           76945        76945        76945
    Number of active ranks:                       3            3            3
    Mean local rows:                          25728        25728        25728
    Mean local columns + ghosts:              27866        27866        27866
    Mean local entries:                      394830       394830       394830
    Rows imbalance:                           0.008        0.008        0.008
    Columns + ghosts imbalance:               0.053        0.053        0.053
    entries imbalance                         0.022        0.022        0.022
    Descent smoother iterations:                  1            1            1
    Ascent smoother iterations:                   1            1            1
  Grid level 5:
    Number of rows:                           24862        24862        24862
    Number of active ranks:                       3            3            3
    Mean local rows:                           8249         8249         8249
    Mean local columns + ghosts:               9334         9334         9334
    Mean local entries:                      133772       133772       133772
    Rows imbalance:                           0.016        0.016        0.016
    Columns + ghosts imbalance:               0.075        0.075        0.075
    entries imbalance                         0.036        0.036        0.036
    Descent smoother iterations:                  1            1            1
    Ascent smoother iterations:                   1            1            1
  Grid level 6:
    Number of rows:                            8080         8080         8080
    Number of active ranks:                       3            3            3
    Mean local rows:                           2692         2692         2692
    Mean local columns + ghosts:               3240         3240         3240
    Mean local entries:                       44868        44868        44868
    Rows imbalance:                           0.013        0.013        0.013
    Columns + ghosts imbalance:               0.094        0.094        0.094
    entries imbalance                         0.034        0.034        0.034
    Descent smoother iterations:                  1            1            1
    Ascent smoother iterations:                   1            1            1
  Grid level 7:
    Number of rows:                            2633         2633         2633
    Number of active ranks:                       3            3            3
    Mean local rows:                            880          880          880
    Mean local columns + ghosts:               1151         1151         1151
    Mean local entries:                       14407        14407        14407
    Rows imbalance:                           0.012        0.012        0.012
    Columns + ghosts imbalance:               0.107        0.107        0.107
    entries imbalance                         0.041        0.041        0.041
    Descent smoother iterations:                  1            1            1
    Ascent smoother iterations:                   1            1            1
  Grid level 8:
    Number of rows:                             856          856          856
    Number of active ranks:                       3            3            3
    Mean local rows:                            289          289          289
    Mean local columns + ghosts:                430          430          430
    Mean local entries:                        4578         4578         4578
    Rows imbalance:                           0.013        0.013        0.013
    Columns + ghosts imbalance:               0.120        0.120        0.120
    entries imbalance                         0.041        0.041        0.041
    Descent smoother iterations:                  1            1            1
    Ascent smoother iterations:                   1            1            1
  Grid level 9:
    Number of rows:                             297          297          297
    Number of active ranks:                       3            3            3
    Mean local rows:                            103          103          103
    Mean local columns + ghosts:                174          174          174
    Mean local entries:                        1458         1458         1458
    Rows imbalance:                           0.040        0.040        0.040
    Columns + ghosts imbalance:               0.107        0.107        0.107
    entries imbalance                         0.016        0.016        0.016
    Descent smoother iterations:                  1            1            1
    Ascent smoother iterations:                   1            1            1
  Grid level 10:
    Number of rows:                             120          120          120
    Number of active ranks:                       3            3            3
    Mean local rows:                             40           40           40
    Mean local columns + ghosts:                 75           75           75
    Mean local entries:                         463          463          463
    Rows imbalance:                           0.125        0.125        0.125
    Columns + ghosts imbalance:               0.058        0.058        0.058
    entries imbalance                         0.050        0.050        0.050
    Descent smoother iterations:                  1            1            1
    Ascent smoother iterations:                   1            1            1
  Grid level 11:
    Number of rows:                              55           55           55
    Number of active ranks:                       3            3            3
    Mean local rows:                             18           18           18
    Mean local columns + ghosts:                 33           33           33
    Mean local entries:                         142          142          142
    Rows imbalance:                           0.309        0.309        0.309
    Columns + ghosts imbalance:               0.125        0.125        0.125
    entries imbalance                         0.093        0.093        0.093
    Descent smoother iterations:                  1            1            1
    Ascent smoother iterations:                   1            1            1
  Grid level 12:
    Number of rows:                              37           37           37
    Number of active ranks:                       3            3            3
    Mean local rows:                             12           12           12
    Mean local columns + ghosts:                 20           20           20
    Mean local entries:                          54           54           54
    Rows imbalance:                           0.459        0.459        0.459
    Columns + ghosts imbalance:               0.220        0.220        0.220
    entries imbalance                         0.293        0.293        0.293
    Iterations for solving:                       3            0           63
                                                           calls         time
  Grid level 0:
    build:                                                  4871     1099.802
    descent smoothe:                                       33110     8076.063
    restrict:                                              11458      147.430
    prolong:                                               11458      183.030
  Grid level 1:
    build:                                                  4871    10858.065
    descent smoothe:                                       11458     1326.912
    ascent smoothe:                                        11458      878.558
    restrict:                                              11458       45.187
    prolong:                                               11458       60.048
  Grid level 2:
    build:                                                  4871     5443.735
    descent smoothe:                                       11458      640.938
    ascent smoothe:                                        11458      443.567
    restrict:                                              11458       12.148
    prolong:                                               11458       14.354
  Grid level 3:
    build:                                                  4871     2367.583
    descent smoothe:                                       11458      352.370
    ascent smoothe:                                        11458      283.342
    restrict:                                              11458        2.826
    prolong:                                               11458        4.983
  Grid level 4:
    build:                                                  4871      941.569
    descent smoothe:                                       11458      206.128
    ascent smoothe:                                        11458      143.654
    restrict:                                              11458        1.216
    prolong:                                               11458        3.260
  Grid level 5:
    build:                                                  4871      356.238
    descent smoothe:                                       11458      157.626
    ascent smoothe:                                        11458       70.560
    restrict:                                              11458        0.805
    prolong:                                               11458        1.175
  Grid level 6:
    build:                                                  4871      246.755
    descent smoothe:                                       11458       97.223
    ascent smoothe:                                        11458       48.862
    restrict:                                              11458        0.253
    prolong:                                               11458        0.342
  Grid level 7:
    build:                                                  4871      189.322
    descent smoothe:                                       11458       67.366
    ascent smoothe:                                        11458       33.744
    restrict:                                              11458        0.194
    prolong:                                               11458        0.129
  Grid level 8:
    build:                                                  4871      134.792
    descent smoothe:                                       11458       53.530
    ascent smoothe:                                        11458       25.408
    restrict:                                              11458        0.096
    prolong:                                               11458        0.073
  Grid level 9:
    build:                                                  4871       97.896
    descent smoothe:                                       11458       45.012
    ascent smoothe:                                        11458       27.929
    restrict:                                              11458        0.090
    prolong:                                               11458        0.067
  Grid level 10:
    build:                                                  4871       81.937
    descent smoothe:                                       11458       41.811
    ascent smoothe:                                        11458       25.222
    restrict:                                              11458        0.096
    prolong:                                               11458        0.075
  Grid level 11:
    build:                                                  4871       71.429
    descent smoothe:                                       11458       39.883
    ascent smoothe:                                        11458       23.391
    restrict:                                              11458        0.062
    prolong:                                               11458        0.124
  Grid level 12:
    build:                                                  4871      123.446
    solve:                                                 11458       90.075

Summary of resolutions for "k" (field id 2)

  Solver type:                   Symmetric Gauss-Seidel
  Number of setups:                      6667
  Number of calls:                       6667
  Minimum number of iterations:             2
  Maximum number of iterations:            41
  Mean number of iterations:                2
  Total setup time:                   213.564
  Total solution time:               2314.600

Summary of resolutions for "omega" (field id 3)

  Solver type:                   Symmetric Gauss-Seidel
  Number of setups:                      6667
  Number of calls:                       6667
  Minimum number of iterations:             2
  Maximum number of iterations:            70
  Mean number of iterations:                2
  Total setup time:                   213.830
  Total solution time:               2324.147

Summary of resolutions for "Wall distance" (field id 14)

  Solver type:                   Conjugate Gradient
  Preconditioning:               Multigrid
  Number of setups:                         1
  Number of calls:                          2
  Minimum number of iterations:            15
  Maximum number of iterations:            19
  Mean number of iterations:               17
  Total setup time:                     2.216
  Total solution time:                 20.570

  Multigrid:
    V-cycle
    Coarsening: default
    Smoother: Symmetric Gauss-Seidel
    Coarsest level solver:       Conjugate Gradient

                                               mean      minimum      maximum
  Number of levels:                               6            6            6
  Number of cycles:                               1            1            2

                                                           calls         time
  Construction:                                                1        4.356
  Resolution:                                                 36       18.570

                                               mean      minimum      maximum
  Grid level 0:
    Number of rows:                         6913107      6913107      6913107
    Number of active ranks:                       3            3            3
    Mean local rows:                        2304369      2304369      2304369
    Mean local columns + ghosts:            2351807      2351807      2351807
    Mean local entries:                    16171567     16171567     16171567
    Rows imbalance:                           0.000        0.000        0.000
    Columns + ghosts imbalance:               0.012        0.012        0.012
    entries imbalance                         0.000        0.000        0.000
    Descent smoother iterations:                  1            1            1
  Grid level 1:
    Number of rows:                         2306986      2306986      2306986
    Number of active ranks:                       3            3            3
    Mean local rows:                         771618       771618       771618
    Mean local columns + ghosts:             792502       792502       792502
    Mean local entries:                     6904827      6904827      6904827
    Rows imbalance:                           0.003        0.003        0.003
    Columns + ghosts imbalance:               0.014        0.014        0.014
    entries imbalance                         0.015        0.015        0.015
    Descent smoother iterations:                  1            1            1
    Ascent smoother iterations:                   1            1            1
  Grid level 2:
    Number of rows:                          788255       788255       788255
    Number of active ranks:                       3            3            3
    Mean local rows:                         266042       266042       266042
    Mean local columns + ghosts:             275032       275032       275032
    Mean local entries:                     3062134      3062134      3062134
    Rows imbalance:                           0.013        0.013        0.013
    Columns + ghosts imbalance:               0.014        0.014        0.014
    entries imbalance                         0.008        0.008        0.008
    Descent smoother iterations:                  1            1            1
    Ascent smoother iterations:                   1            1            1
  Grid level 3:
    Number of rows:                          290895       290895       290895
    Number of active ranks:                       3            3            3
    Mean local rows:                         100791       100791       100791
    Mean local columns + ghosts:             105317       105317       105317
    Mean local entries:                     1248317      1248317      1248317
    Rows imbalance:                           0.039        0.039        0.039
    Columns + ghosts imbalance:               0.033        0.033        0.033
    entries imbalance                         0.010        0.010        0.010
    Descent smoother iterations:                  1            1            1
    Ascent smoother iterations:                   1            1            1
  Grid level 4:
    Number of rows:                          135248       135248       135248
    Number of active ranks:                       3            3            3
    Mean local rows:                          49274        49274        49274
    Mean local columns + ghosts:              51805        51805        51805
    Mean local entries:                      550304       550304       550304
    Rows imbalance:                           0.093        0.093        0.093
    Columns + ghosts imbalance:               0.071        0.071        0.071
    entries imbalance                         0.042        0.042        0.042
    Descent smoother iterations:                  1            1            1
    Ascent smoother iterations:                   1            1            1
  Grid level 5:
    Number of rows:                           91844        91844        91844
    Number of active ranks:                       3            3            3
    Mean local rows:                          35114        35114        35114
    Mean local columns + ghosts:              36702        36702        36702
    Mean local entries:                      319194       319194       319194
    Rows imbalance:                           0.147        0.147        0.147
    Columns + ghosts imbalance:               0.129        0.129        0.129
    entries imbalance                         0.098        0.098        0.098
    Iterations for solving:                     268           38          500
                                                           calls         time
  Grid level 0:
    build:                                                     1        0.032
    descent smoothe:                                          67        7.606
    restrict:                                                 31        0.143
    prolong:                                                  31        0.194
  Grid level 1:
    build:                                                     1        1.054
    descent smoothe:                                          31        1.456
    ascent smoothe:                                           31        0.972
    restrict:                                                 31        0.043
    prolong:                                                  31        0.060
  Grid level 2:
    build:                                                     1        0.577
    descent smoothe:                                          31        0.772
    ascent smoothe:                                           31        0.433
    restrict:                                                 31        0.016
    prolong:                                                  31        0.021
  Grid level 3:
    build:                                                     1        0.262
    descent smoothe:                                          31        0.292
    ascent smoothe:                                           31        0.163
    restrict:                                                 31        0.006
    prolong:                                                  31        0.006
  Grid level 4:
    build:                                                     1        0.112
    descent smoothe:                                          31        0.126
    ascent smoothe:                                           31        0.065
    restrict:                                                 31        0.004
    prolong:                                                  31        0.003
  Grid level 5:
    build:                                                     1        0.095
    solve:                                                    31        6.157

--------------------------------------------------------------------------------

Mesh entity selections by criteria statistics:

  entity type     evaluations          time
  -----------------------------------------
  cells                     0       0.00000
  interior faces            0       0.00000
  boundary faces            7       0.00034

--------------------------------------------------------------------------------

Writing of "results" (EnSight Gold) summary:

  CPU time for meshes:                     0.749
  CPU time for variables:                 22.576
  CPU time forcing output:                 0.000

  Elapsed time for meshes:                 0.885
  Elapsed time for variables:             43.822
  Elapsed time forcing output:             0.000

--------------------------------------------------------------------------------

Instrumented all-to-all operations (using MPI_Alltoall and MPI_Alltoallv):

  Total:                 38.01855 s, 1320 calls
  Metadata exchange:      3.03959 s, 561 calls
  Data exchange:          7.71187 s, 759 calls

--------------------------------------------------------------------------------

Code_Saturne IO files read:

  mesh_input
    global:      0.04098 s,        2.002 KiB
    local:       1.74234 s,        1.206 GiB
    open:        1.86444 s, 2 open(s)

Code_Saturne IO files written:

  checkpoint/auxiliary
    global:      2.04122 s,       26.562 KiB
    local:       5.00823 s,        2.475 GiB
    open:       14.41590 s, 5 open(s)
  checkpoint/main
    global:      0.75743 s,       17.373 KiB
    local:       2.72727 s,        1.803 GiB
    open:        8.48824 s, 5 open(s)

--------------------------------------------------------------------------------

Calculation time summary:

  User CPU time:         351831.500 s
  System CPU time:         5453.142 s
  Total CPU time:       1072189.686 s

  Elapsed time:          624593.434 s
  CPU / elapsed time          0.572

--------------------------------------------------------------------------------

Memory use summary:

  Total memory used:                              15.335 GiB
                             local minimum:        5.078 GiB  (rank 1)
                             local maximum:        5.161 GiB  (rank 2)

--------------------------------------------------------------------------------
