Start run at Thu Oct 20 19:08:13 ART 2022
echo $LD_LIBRARY_PATH
/share/apps/python/3.6.1/lib:/share/apps/gcc/4.9.4/lib64:/share/apps/gcc/4.9.4/lib:/share/apps/binutils/2.27/lib:/share/apps/gdb/7.8.2/lib:/share/apps/llvm/6.0.0/lib:/share/apps/octave/4.4.0/lib:/share/apps/sparsersb/1.2.0/lib:/share/apps/hdf5/1.8.18/lib:/share/apps/fftw/3.3.6-single/lib:/share/apps/suitesparse/5.2.0/lib:/share/apps/suitesparse/5.2.0/lib64:/share/apps/openblas/0.2.20-single/lib:/share/apps/paraview/5.6.0/lib:/share/apps/mesa/18.0.1/lib:/share/apps/python/2.7.13/lib:/share/apps/mpich/3.2/lib:/share/apps/openmpi/2.1.2/lib
LD_LIBRARY_PATH=/usr/lib64/mpich/lib/:/share/apps/salome/8.5.0/BINARIES-CO6/hdf5/lib:/share/apps/python/3.6.1/lib:/share/apps/gcc/4.9.4/lib64:/share/apps/gcc/4.9.4/lib:/share/apps/binutils/2.27/lib:/share/apps/gdb/7.8.2/lib:/share/apps/llvm/6.0.0/lib:/share/apps/octave/4.4.0/lib:/share/apps/sparsersb/1.2.0/lib:/share/apps/hdf5/1.8.18/lib:/share/apps/fftw/3.3.6-single/lib:/share/apps/suitesparse/5.2.0/lib:/share/apps/suitesparse/5.2.0/lib64:/share/apps/openblas/0.2.20-single/lib:/share/apps/paraview/5.6.0/lib:/share/apps/mesa/18.0.1/lib:/share/apps/python/2.7.13/lib:/share/apps/mpich/3.2/lib:/share/apps/openmpi/2.1.2/lib PYTHON_CS_XFLAGS=' -O0 -g3 -ggdb3 -I/usr/include/jsoncpp ' /share/storage/pub/finzeo/saturne-vof/bin/code_saturne run --param setup.xml

The following have been reloaded with a version change:
  1) llvm/6.0.0 => llvm/3.4.2


The following have been reloaded with a version change:
  1) llvm/3.4.2 => llvm/6.0.0


                      code_saturne
                      ============

Version:   7.2.0-patch
Path:      /share/storage/pub/finzeo/saturne-vof

Result directory:
  /share/storage/finzeo/GTSstudy7/CASE1/RESU/20221020-1908

Copying base setup data
-----------------------

Compiling and linking user-defined functions
--------------------------------------------

Preparing calculation data
--------------------------

 Single processor code_saturne simulation.

Preprocessing calculation
-------------------------

Starting calculation
--------------------

slurmstepd: error: *** JOB 141831 ON compute-0-7 CANCELLED AT 2022-10-20T19:41:57 ***
make: *** [run] Terminated
step 1, time 0.000750 
bounding box of vehicle: xmin -2.47489 -0.161925 0.0630997, xmax 2.87843e-07 0.161925 0.5139m 
gts area: 4.0446 m2 
yplus max: 7.91316, yplus min: 3.34997e-06 
position of yplus max: -1.11763 -0.0282332 0.5139 
yplus prom: 4.45263 
forces: 16.227612 -0.000350 -1.300652 
Drag coefficient: 120.657796 
Lateral coefficient: -0.002606 
Lift coefficient: -9.670791 
torque (ref. CG): 0.000084 (roll) 2.259235 (pitch) 0.000434 (yaw) 
----------------------------------------------------- 
step 2, time 0.001500 
bounding box of vehicle: xmin -2.47489 -0.161925 0.0630997, xmax 2.87843e-07 0.161925 0.5139m 
gts area: 4.0446 m2 
yplus max: 3.23013, yplus min: 0.494862 
position of yplus max: -2.33499 0.0311846 0.463651 
yplus prom: 1.21236 
forces: 80.478243 -0.014400 -10.231402 
Drag coefficient: 598.383027 
Lateral coefficient: -0.107071 
Lift coefficient: -76.073942 
torque (ref. CG): 0.003433 (roll) 6.525676 (pitch) 0.017819 (yaw) 
----------------------------------------------------- 
step 3, time 0.002250 
bounding box of vehicle: xmin -2.47489 -0.161925 0.0630997, xmax 2.87843e-07 0.161925 0.5139m 
gts area: 4.0446 m2 
yplus max: 3.92086, yplus min: 0.129542 
position of yplus max: -2.33499 0.0311846 0.463651 
yplus prom: 1.3656 
forces: 22.848160 0.044885 -2.051654 
Drag coefficient: 169.883815 
Lateral coefficient: 0.333737 
Lift coefficient: -15.254747 
torque (ref. CG): -0.010701 (roll) 2.908284 (pitch) -0.055541 (yaw) 
----------------------------------------------------- 
step 4, time 0.003000 
bounding box of vehicle: xmin -2.47489 -0.161925 0.0630997, xmax 2.87843e-07 0.161925 0.5139m 
gts area: 4.0446 m2 
yplus max: 3.92559, yplus min: 0.27942 
position of yplus max: -2.33499 0.0311846 0.463651 
yplus prom: 1.33735 
forces: -0.530246 0.025862 0.107213 
Drag coefficient: -3.942556 
Lateral coefficient: 0.192295 
Lift coefficient: 0.797168 
torque (ref. CG): -0.006166 (roll) 0.006255 (pitch) -0.032002 (yaw) 
----------------------------------------------------- 
step 5, time 0.003750 
bounding box of vehicle: xmin -2.47489 -0.161925 0.0630997, xmax 2.87843e-07 0.161925 0.5139m 
gts area: 4.0446 m2 
yplus max: 3.92983, yplus min: 0.244818 
position of yplus max: -2.33499 0.0311846 0.463651 
yplus prom: 1.3336 
forces: -0.840290 -0.009788 -0.033269 
Drag coefficient: -6.247844 
Lateral coefficient: -0.072776 
Lift coefficient: -0.247369 
torque (ref. CG): 0.002333 (roll) -0.241493 (pitch) 0.012111 (yaw) 
----------------------------------------------------- 
step 6, time 0.004500 
bounding box of vehicle: xmin -2.47489 -0.161925 0.0630997, xmax 2.87843e-07 0.161925 0.5139m 
gts area: 4.0446 m2 
yplus max: 3.94045, yplus min: 0.169715 
position of yplus max: -2.33499 0.0311846 0.463651 
yplus prom: 1.33561 
forces: -0.049054 -0.003954 -0.034075 
Drag coefficient: -0.364731 
Lateral coefficient: -0.029398 
Lift coefficient: -0.253356 
torque (ref. CG): 0.000943 (roll) -0.053858 (pitch) 0.004892 (yaw) 
----------------------------------------------------- 
step 7, time 0.005250 
bounding box of vehicle: xmin -2.47489 -0.161925 0.0630997, xmax 2.87843e-07 0.161925 0.5139m 
gts area: 4.0446 m2 
yplus max: 3.95245, yplus min: 0.130858 
position of yplus max: -2.33499 0.0311846 0.463651 
yplus prom: 1.33919 
forces: 0.146318 0.001433 -0.026009 
Drag coefficient: 1.087927 
Lateral coefficient: 0.010658 
Lift coefficient: -0.193382 
torque (ref. CG): -0.000342 (roll) 0.002699 (pitch) -0.001774 (yaw) 
----------------------------------------------------- 
step 8, time 0.006000 
bounding box of vehicle: xmin -2.47489 -0.161925 0.0630997, xmax 2.87843e-07 0.161925 0.5139m 
gts area: 4.0446 m2 
yplus max: 3.96427, yplus min: 0.128564 
position of yplus max: -2.33499 0.0311846 0.463651 
yplus prom: 1.34231 
forces: 0.139993 0.001085 -0.014666 
Drag coefficient: 1.040895 
Lateral coefficient: 0.008070 
Lift coefficient: -0.109046 
torque (ref. CG): -0.000259 (roll) 0.015227 (pitch) -0.001343 (yaw) 
----------------------------------------------------- 
step 9, time 0.006750 
bounding box of vehicle: xmin -2.47489 -0.161925 0.0630997, xmax 2.87843e-07 0.161925 0.5139m 
gts area: 4.0446 m2 
yplus max: 3.97588, yplus min: 0.127102 
position of yplus max: -2.33499 0.0311846 0.463651 
yplus prom: 1.34535 
forces: 0.111399 0.000401 -0.011946 
Drag coefficient: 0.828289 
Lateral coefficient: 0.002984 
Lift coefficient: -0.088824 
torque (ref. CG): -0.000096 (roll) 0.011775 (pitch) -0.000497 (yaw) 
----------------------------------------------------- 
step 10, time 0.007500 
bounding box of vehicle: xmin -2.47489 -0.161925 0.0630997, xmax 2.87843e-07 0.161925 0.5139m 
gts area: 4.0446 m2 
yplus max: 3.9874, yplus min: 0.0860502 
position of yplus max: -2.33499 0.0311846 0.463651 
yplus prom: 1.34847 
forces: 0.105015 0.000139 -0.014016 
Drag coefficient: 0.780820 
Lateral coefficient: 0.001032 
Lift coefficient: -0.104212 
torque (ref. CG): -0.000033 (roll) 0.007692 (pitch) -0.000172 (yaw) 
----------------------------------------------------- 
step 11, time 0.008250 
bounding box of vehicle: xmin -2.47489 -0.161925 0.0630997, xmax 2.87843e-07 0.161925 0.5139m 
gts area: 4.0446 m2 
yplus max: 3.99886, yplus min: 0.11361 
position of yplus max: -2.33499 0.0311846 0.463651 
yplus prom: 1.35181 
forces: 0.106050 0.000146 -0.015428 
Drag coefficient: 0.788517 
Lateral coefficient: 0.001089 
Lift coefficient: -0.114710 
torque (ref. CG): -0.000035 (roll) 0.006192 (pitch) -0.000181 (yaw) 
----------------------------------------------------- 
step 12, time 0.009000 
bounding box of vehicle: xmin -2.47489 -0.161925 0.0630997, xmax 2.87843e-07 0.161925 0.5139m 
gts area: 4.0446 m2 
yplus max: 4.01026, yplus min: 0.101063 
position of yplus max: -2.33499 0.0311846 0.463651 
yplus prom: 1.35535 
forces: 0.107375 0.000199 -0.015737 
Drag coefficient: 0.798373 
Lateral coefficient: 0.001481 
Lift coefficient: -0.117011 
torque (ref. CG): -0.000047 (roll) 0.006125 (pitch) -0.000247 (yaw) 
----------------------------------------------------- 
step 13, time 0.009750 
bounding box of vehicle: xmin -2.47489 -0.161925 0.0630997, xmax 2.87843e-07 0.161925 0.5139m 
gts area: 4.0446 m2 
yplus max: 4.02158, yplus min: 0.168846 
position of yplus max: -2.33499 0.0311846 0.463651 
yplus prom: 1.35903 
forces: 0.108023 0.000219 -0.015694 
Drag coefficient: 0.803184 
Lateral coefficient: 0.001631 
Lift coefficient: -0.116690 
torque (ref. CG): -0.000052 (roll) 0.006333 (pitch) -0.000271 (yaw) 
----------------------------------------------------- 
step 14, time 0.010500 
bounding box of vehicle: xmin -2.47489 -0.161925 0.0630997, xmax 2.87843e-07 0.161925 0.5139m 
gts area: 4.0446 m2 
yplus max: 4.03284, yplus min: 0.180623 
position of yplus max: -2.33499 0.0311846 0.463651 
yplus prom: 1.36276 
forces: 0.108406 0.000200 -0.015697 
Drag coefficient: 0.806032 
Lateral coefficient: 0.001485 
Lift coefficient: -0.116711 
torque (ref. CG): -0.000048 (roll) 0.006421 (pitch) -0.000247 (yaw) 
----------------------------------------------------- 
step 15, time 0.011250 
bounding box of vehicle: xmin -2.47489 -0.161925 0.0630997, xmax 2.87843e-07 0.161925 0.5139m 
gts area: 4.0446 m2 
yplus max: 4.04403, yplus min: 0.187167 
position of yplus max: -2.33499 0.0311846 0.463651 
yplus prom: 1.36651 
forces: 0.108800 0.000169 -0.015781 
Drag coefficient: 0.808963 
Lateral coefficient: 0.001258 
Lift coefficient: -0.117335 
torque (ref. CG): -0.000040 (roll) 0.006411 (pitch) -0.000209 (yaw) 
----------------------------------------------------- 
step 16, time 0.012000 
bounding box of vehicle: xmin -2.47489 -0.161925 0.0630997, xmax 2.87843e-07 0.161925 0.5139m 
gts area: 4.0446 m2 
yplus max: 4.05513, yplus min: 0.193603 
position of yplus max: -2.33499 0.0311846 0.463651 
yplus prom: 1.37023 
forces: 0.109233 0.000143 -0.015888 
Drag coefficient: 0.812187 
Lateral coefficient: 0.001060 
Lift coefficient: -0.118131 
torque (ref. CG): -0.000034 (roll) 0.006382 (pitch) -0.000176 (yaw) 
----------------------------------------------------- 
step 17, time 0.012750 
bounding box of vehicle: xmin -2.47489 -0.161925 0.0630997, xmax 2.87843e-07 0.161925 0.5139m 
gts area: 4.0446 m2 
yplus max: 4.06616, yplus min: 0.2198 
position of yplus max: -2.33499 0.0311846 0.463651 
yplus prom: 1.37392 
forces: 0.109689 0.000121 -0.015988 
Drag coefficient: 0.815575 
Lateral coefficient: 0.000901 
Lift coefficient: -0.118877 
torque (ref. CG): -0.000029 (roll) 0.006366 (pitch) -0.000150 (yaw) 
----------------------------------------------------- 
step 18, time 0.013500 
bounding box of vehicle: xmin -2.47489 -0.161925 0.0630997, xmax 2.87843e-07 0.161925 0.5139m 
gts area: 4.0446 m2 
yplus max: 4.07711, yplus min: 0.1168 
position of yplus max: -2.33499 0.0311846 0.463651 
yplus prom: 1.37754 
forces: 0.110145 0.000102 -0.016091 
Drag coefficient: 0.818967 
Lateral coefficient: 0.000758 
Lift coefficient: -0.119645 
torque (ref. CG): -0.000024 (roll) 0.006347 (pitch) -0.000126 (yaw) 
----------------------------------------------------- 
step 19, time 0.014250 
bounding box of vehicle: xmin -2.47489 -0.161925 0.0630997, xmax 2.87843e-07 0.161925 0.5139m 
gts area: 4.0446 m2 
yplus max: 4.08796, yplus min: 0.133239 
position of yplus max: -2.33499 0.0311846 0.463651 
yplus prom: 1.3811 
forces: 0.110607 0.000085 -0.016190 
Drag coefficient: 0.822398 
Lateral coefficient: 0.000630 
Lift coefficient: -0.120375 
torque (ref. CG): -0.000020 (roll) 0.006336 (pitch) -0.000105 (yaw) 
----------------------------------------------------- 
step 20, time 0.015000 
bounding box of vehicle: xmin -2.47489 -0.161925 0.0630997, xmax 2.87843e-07 0.161925 0.5139m 
gts area: 4.0446 m2 
yplus max: 4.09872, yplus min: 0.11341 
position of yplus max: -2.33499 0.0311846 0.463651 
yplus prom: 1.38458 
forces: 0.111069 0.000068 -0.016286 
Drag coefficient: 0.825834 
Lateral coefficient: 0.000508 
Lift coefficient: -0.121093 
torque (ref. CG): -0.000016 (roll) 0.006326 (pitch) -0.000085 (yaw) 
----------------------------------------------------- 
step 21, time 0.015750 
bounding box of vehicle: xmin -2.47489 -0.161925 0.0630997, xmax 2.87843e-07 0.161925 0.5139m 
gts area: 4.0446 m2 
yplus max: 4.10938, yplus min: 0.0966739 
position of yplus max: -2.33499 0.0311846 0.463651 
yplus prom: 1.38799 
forces: 0.111531 0.000052 -0.016383 
Drag coefficient: 0.829272 
Lateral coefficient: 0.000390 
Lift coefficient: -0.121814 
torque (ref. CG): -0.000013 (roll) 0.006317 (pitch) -0.000065 (yaw) 
----------------------------------------------------- 
step 22, time 0.016500 
bounding box of vehicle: xmin -2.47489 -0.161925 0.0630997, xmax 2.87843e-07 0.161925 0.5139m 
gts area: 4.0446 m2 
yplus max: 4.11994, yplus min: 0.127086 
position of yplus max: -2.33499 0.0311846 0.463651 
yplus prom: 1.39132 
forces: 0.111992 0.000037 -0.016480 
Drag coefficient: 0.832697 
Lateral coefficient: 0.000275 
Lift coefficient: -0.122533 
torque (ref. CG): -0.000009 (roll) 0.006307 (pitch) -0.000046 (yaw) 
----------------------------------------------------- 
step 23, time 0.017250 
bounding box of vehicle: xmin -2.47489 -0.161925 0.0630997, xmax 2.87843e-07 0.161925 0.5139m 
gts area: 4.0446 m2 
yplus max: 4.13039, yplus min: 0.0939164 
position of yplus max: -2.33499 0.0311846 0.463651 
yplus prom: 1.39456 
forces: 0.112449 0.000022 -0.016576 
Drag coefficient: 0.836098 
Lateral coefficient: 0.000164 
Lift coefficient: -0.123247 
torque (ref. CG): -0.000005 (roll) 0.006297 (pitch) -0.000027 (yaw) 
----------------------------------------------------- 
step 24, time 0.018000 
bounding box of vehicle: xmin -2.47489 -0.161925 0.0630997, xmax 2.87843e-07 0.161925 0.5139m 
gts area: 4.0446 m2 
yplus max: 4.14072, yplus min: 0.0831935 
position of yplus max: -2.33499 0.0311846 0.463651 
yplus prom: 1.39771 
forces: 0.112902 0.000008 -0.016671 
Drag coefficient: 0.839463 
Lateral coefficient: 0.000058 
Lift coefficient: -0.123953 
torque (ref. CG): -0.000002 (roll) 0.006287 (pitch) -0.000010 (yaw) 
----------------------------------------------------- 
step 25, time 0.018750 
bounding box of vehicle: xmin -2.47489 -0.161925 0.0630997, xmax 2.87843e-07 0.161925 0.5139m 
gts area: 4.0446 m2 
yplus max: 4.15094, yplus min: 0.136426 
position of yplus max: -2.33499 0.0311846 0.463651 
yplus prom: 1.40079 
forces: 0.113348 -0.000006 -0.016764 
Drag coefficient: 0.842784 
Lateral coefficient: -0.000044 
Lift coefficient: -0.124649 
torque (ref. CG): 0.000001 (roll) 0.006278 (pitch) 0.000007 (yaw) 
----------------------------------------------------- 
step 26, time 0.019500 
bounding box of vehicle: xmin -2.47489 -0.161925 0.0630997, xmax 2.87843e-07 0.161925 0.5139m 
gts area: 4.0446 m2 
yplus max: 4.16104, yplus min: 0.131029 
position of yplus max: -2.33499 0.0311846 0.463651 
yplus prom: 1.40377 
forces: 0.113789 -0.000019 -0.016856 
Drag coefficient: 0.846057 
Lateral coefficient: -0.000141 
Lift coefficient: -0.125331 
torque (ref. CG): 0.000005 (roll) 0.006269 (pitch) 0.000023 (yaw) 
----------------------------------------------------- 
step 27, time 0.020250 
bounding box of vehicle: xmin -2.47489 -0.161925 0.0630997, xmax 2.87843e-07 0.161925 0.5139m 
gts area: 4.0446 m2 
yplus max: 4.17101, yplus min: 0.202217 
position of yplus max: -2.33499 0.0311846 0.463651 
yplus prom: 1.40668 
forces: 0.114222 -0.000031 -0.016946 
Drag coefficient: 0.849283 
Lateral coefficient: -0.000233 
Lift coefficient: -0.126003 
torque (ref. CG): 0.000007 (roll) 0.006261 (pitch) 0.000039 (yaw) 
----------------------------------------------------- 
step 28, time 0.021000 
bounding box of vehicle: xmin -2.47489 -0.161925 0.0630997, xmax 2.87843e-07 0.161925 0.5139m 
gts area: 4.0446 m2 
yplus max: 4.18086, yplus min: 0.113937 
position of yplus max: -2.33499 0.0311846 0.463651 
yplus prom: 1.40949 
forces: 0.114651 -0.000043 -0.017035 
Drag coefficient: 0.852466 
Lateral coefficient: -0.000322 
Lift coefficient: -0.126664 
torque (ref. CG): 0.000010 (roll) 0.006253 (pitch) 0.000054 (yaw) 
----------------------------------------------------- 
step 29, time 0.021750 
bounding box of vehicle: xmin -2.47489 -0.161925 0.0630997, xmax 2.87843e-07 0.161925 0.5139m 
gts area: 4.0446 m2 
yplus max: 4.19058, yplus min: 0.16033 
position of yplus max: -2.33499 0.0311846 0.463651 
yplus prom: 1.41223 
forces: 0.115071 -0.000055 -0.017123 
Drag coefficient: 0.855594 
Lateral coefficient: -0.000408 
Lift coefficient: -0.127319 
torque (ref. CG): 0.000013 (roll) 0.006244 (pitch) 0.000068 (yaw) 
----------------------------------------------------- 
step 30, time 0.022500 
bounding box of vehicle: xmin -2.47489 -0.161925 0.0630997, xmax 2.87843e-07 0.161925 0.5139m 
gts area: 4.0446 m2 
yplus max: 4.20016, yplus min: 0.174509 
position of yplus max: -2.33499 0.0311846 0.463651 
yplus prom: 1.41489 
forces: 0.115486 -0.000065 -0.017211 
Drag coefficient: 0.858676 
Lateral coefficient: -0.000485 
Lift coefficient: -0.127967 
torque (ref. CG): 0.000016 (roll) 0.006235 (pitch) 0.000081 (yaw) 
----------------------------------------------------- 
step 31, time 0.023250 
bounding box of vehicle: xmin -2.47489 -0.161925 0.0630997, xmax 2.87843e-07 0.161925 0.5139m 
gts area: 4.0446 m2 
yplus max: 4.20961, yplus min: 0.140046 
position of yplus max: -2.33499 0.0311846 0.463651 
yplus prom: 1.41746 
forces: 0.115892 -0.000075 -0.017297 
Drag coefficient: 0.861700 
Lateral coefficient: -0.000560 
Lift coefficient: -0.128606 
torque (ref. CG): 0.000018 (roll) 0.006226 (pitch) 0.000093 (yaw) 
----------------------------------------------------- 
step 32, time 0.024000 
bounding box of vehicle: xmin -2.47489 -0.161925 0.0630997, xmax 2.87843e-07 0.161925 0.5139m 
gts area: 4.0446 m2 
yplus max: 4.21892, yplus min: 0.0952317 
position of yplus max: -2.33499 0.0311846 0.463651 
yplus prom: 1.41995 
forces: 0.116292 -0.000085 -0.017381 
Drag coefficient: 0.864669 
Lateral coefficient: -0.000631 
Lift coefficient: -0.129236 
torque (ref. CG): 0.000020 (roll) 0.006216 (pitch) 0.000105 (yaw) 
----------------------------------------------------- 
step 33, time 0.024750 
bounding box of vehicle: xmin -2.47489 -0.161925 0.0630997, xmax 2.87843e-07 0.161925 0.5139m 
gts area: 4.0446 m2 
yplus max: 4.2281, yplus min: 0.118427 
position of yplus max: -2.33499 0.0311846 0.463651 
yplus prom: 1.42237 
forces: 0.116683 -0.000094 -0.017465 
Drag coefficient: 0.867581 
Lateral coefficient: -0.000699 
Lift coefficient: -0.129859 
torque (ref. CG): 0.000022 (roll) 0.006206 (pitch) 0.000116 (yaw) 
----------------------------------------------------- 
step 34, time 0.025500 
bounding box of vehicle: xmin -2.47489 -0.161925 0.0630997, xmax 2.87843e-07 0.161925 0.5139m 
gts area: 4.0446 m2 
yplus max: 4.23713, yplus min: 0.153712 
position of yplus max: -2.33499 0.0311846 0.463651 
yplus prom: 1.42471 
forces: 0.117067 -0.000103 -0.017548 
Drag coefficient: 0.870433 
Lateral coefficient: -0.000764 
Lift coefficient: -0.130475 
torque (ref. CG): 0.000025 (roll) 0.006195 (pitch) 0.000127 (yaw) 
----------------------------------------------------- 
step 35, time 0.026250 
bounding box of vehicle: xmin -2.47489 -0.161925 0.0630997, xmax 2.87843e-07 0.161925 0.5139m 
gts area: 4.0446 m2 
yplus max: 4.24602, yplus min: 0.14812 
position of yplus max: -2.33499 0.0311846 0.463651 
yplus prom: 1.42697 
forces: 0.117443 -0.000111 -0.017630 
Drag coefficient: 0.873229 
Lateral coefficient: -0.000826 
Lift coefficient: -0.131086 
torque (ref. CG): 0.000026 (roll) 0.006183 (pitch) 0.000138 (yaw) 
----------------------------------------------------- 
step 36, time 0.027000 
bounding box of vehicle: xmin -2.47489 -0.161925 0.0630997, xmax 2.87843e-07 0.161925 0.5139m 
gts area: 4.0446 m2 
yplus max: 4.25477, yplus min: 0.123838 
position of yplus max: -2.33499 0.0311846 0.463651 
yplus prom: 1.42915 
forces: 0.117813 -0.000120 -0.017711 
Drag coefficient: 0.875979 
Lateral coefficient: -0.000889 
Lift coefficient: -0.131689 
torque (ref. CG): 0.000029 (roll) 0.006171 (pitch) 0.000148 (yaw) 
----------------------------------------------------- 
step 37, time 0.027750 
bounding box of vehicle: xmin -2.47489 -0.161925 0.0630997, xmax 2.87843e-07 0.161925 0.5139m 
gts area: 4.0446 m2 
yplus max: 4.26338, yplus min: 0.172377 
position of yplus max: -2.33499 0.0311846 0.463651 
yplus prom: 1.43125 
forces: 0.118177 -0.000128 -0.017791 
Drag coefficient: 0.878687 
Lateral coefficient: -0.000949 
Lift coefficient: -0.132285 
torque (ref. CG): 0.000030 (roll) 0.006158 (pitch) 0.000158 (yaw) 
----------------------------------------------------- 
