
Local case configuration:

  Date:                jue 06 oct 2022 14:32:06 ART
  Processor:           model name	: Intel(R) Xeon(R) CPU E5-2650 v3 @ 2.30GHz
  Memory:              129083 MB
  Directory:           /share/storage/finzeo/GTSstudy/2-GTS_bothRaoTunay/RESU/20221006-1429
  MPI ranks:           60
  OpenMP threads:      1
  Processors/node:     1
  I/O read method:     collective MPI-IO (explicit offsets)
  I/O write method:    collective MPI-IO (explicit offsets)
  I/O rank step:        1

--------------------------------------------------------------------------------

Partitioning:

  Morton (Z) curve:           35.5 s 
  wall clock time:            35.5 s

--------------------------------------------------------------------------------

Halo creation times summary

  Interface creation:                        1.16 s
  Halo creation:                             0.402 s

  Total time for halo creation:              1.56 s

--------------------------------------------------------------------------------

Summary of gradient computations pour "Work array" (Iterative reconstruction):

  Number of calls:           169202
  Total elapsed time:    131162.714

Summary of gradient computations pour "k" (Iterative reconstruction):

  Number of calls:           144423
  Total elapsed time:     65020.091

Summary of gradient computations pour "omega" (Iterative reconstruction):

  Number of calls:           144423
  Total elapsed time:     65031.983

Summary of gradient computations pour "pressure" (Iterative reconstruction):

  Number of calls:           192564
  Total elapsed time:    147713.560

Summary of gradient computations pour "velocity" (Iterative reconstruction):

  Number of calls:           192563
  Total elapsed time:    194693.301

Summary of gradient computations pour "wall_distance" (Iterative reconstruction):

  Number of calls:                4
  Total elapsed time:         1.716

--------------------------------------------------------------------------------

Linear solver performance for fields
------------------------------------

Summary of resolutions for "Velocity" (field id 0)

  Solver type:                   Symmetric Gauss-Seidel
  Number of setups:                     48141
  Number of calls:                      48141
  Minimum number of iterations:             1
  Maximum number of iterations:          3967
  Mean number of iterations:                2
  Total setup time:                  1665.056
  Total solution time:              14549.147

Summary of resolutions for "Pressure" (field id 1)

  Solver type:                   Conjugate Gradient
  Preconditioning:               Multigrid
  Number of setups:                     24269
  Number of calls:                      24779
  Minimum number of iterations:             1
  Maximum number of iterations:            45
  Mean number of iterations:                3
  Total setup time:                 18993.999
  Total solution time:              17005.879

  Multigrid:
    V-cycle
    Coarsening: default
    Smoother: Symmetric Gauss-Seidel
    Coarsest level solver:       Conjugate Gradient

                                               mean      minimum      maximum
  Number of levels:                              10           10           10
  Number of cycles:                               1            1            2

                                                           calls         time
  Construction:                                            24269    37184.726
  Resolution:                                             109981    13364.969

                                               mean      minimum      maximum
  Grid level 0:
    Number of rows:                        45230531     45230531     45230531
    Number of active ranks:                      60           60           60
    Mean local rows:                         753842       753842       753842
    Mean local columns + ghosts:             793876       793876       793876
    Mean local entries:                     5305291      5305291      5305291
    Rows imbalance:                           0.000        0.000        0.000
    Columns + ghosts imbalance:               0.029        0.029        0.029
    entries imbalance                         0.017        0.017        0.017
    Descent smoother iterations:                  1            1            1
  Grid level 1:
    Number of rows:                        14721049     14721049     14721049
    Number of active ranks:                      60           60           60
    Mean local rows:                         249737       249737       249737
    Mean local columns + ghosts:             267211       267211       267211
    Mean local entries:                     2212827      2212827      2212827
    Rows imbalance:                           0.043        0.043        0.043
    Columns + ghosts imbalance:               0.073        0.073        0.073
    entries imbalance                         0.105        0.105        0.105
    Descent smoother iterations:                  1            1            1
    Ascent smoother iterations:                   1            1            1
  Grid level 2:
    Number of rows:                         4956434      4956434      4956434
    Number of active ranks:                      60           60           60
    Mean local rows:                          83480        83480        83480
    Mean local columns + ghosts:              91320        91320        91320
    Mean local entries:                      918333       918333       918333
    Rows imbalance:                           0.048        0.048        0.048
    Columns + ghosts imbalance:               0.083        0.083        0.083
    entries imbalance                         0.209        0.209        0.209
    Descent smoother iterations:                  1            1            1
    Ascent smoother iterations:                   1            1            1
  Grid level 3:
    Number of rows:                         1575751      1575751      1575751
    Number of active ranks:                      60           60           60
    Mean local rows:                          26590        26590        26590
    Mean local columns + ghosts:              30395        30395        30395
    Mean local entries:                      341802       341802       341802
    Rows imbalance:                           0.031        0.031        0.031
    Columns + ghosts imbalance:               0.117        0.117        0.117
    entries imbalance                         0.230        0.230        0.230
    Descent smoother iterations:                  1            1            1
    Ascent smoother iterations:                   1            1            1
  Grid level 4:
    Number of rows:                          510360       510360       510360
    Number of active ranks:                      60           60           60
    Mean local rows:                           8600         8600         8600
    Mean local columns + ghosts:              10449        10449        10449
    Mean local entries:                      120743       120743       120743
    Rows imbalance:                           0.045        0.045        0.045
    Columns + ghosts imbalance:               0.175        0.175        0.175
    entries imbalance                         0.277        0.277        0.277
    Descent smoother iterations:                  1            1            1
    Ascent smoother iterations:                   1            1            1
  Grid level 5:
    Number of rows:                          168764       168764       168764
    Number of active ranks:                      60           60           60
    Mean local rows:                           2842         2842         2842
    Mean local columns + ghosts:               3762         3762         3762
    Mean local entries:                       40575        40575        40575
    Rows imbalance:                           0.138        0.138        0.138
    Columns + ghosts imbalance:               0.274        0.274        0.274
    entries imbalance                         0.475        0.475        0.475
    Descent smoother iterations:                  1            1            1
    Ascent smoother iterations:                   1            1            1
  Grid level 6:
    Number of rows:                           59930        59930        59930
    Number of active ranks:                      60           60           60
    Mean local rows:                           1004         1004         1004
    Mean local columns + ghosts:               1465         1465         1465
    Mean local entries:                       13237        13237        13237
    Rows imbalance:                           0.402        0.402        0.402
    Columns + ghosts imbalance:               0.473        0.473        0.473
    entries imbalance                         0.590        0.590        0.590
    Descent smoother iterations:                  1            1            1
    Ascent smoother iterations:                   1            1            1
  Grid level 7:
    Number of rows:                           25521        25521        25521
    Number of active ranks:                      60           60           60
    Mean local rows:                            415          415          415
    Mean local columns + ghosts:                664          664          664
    Mean local entries:                        4508         4508         4508
    Rows imbalance:                           0.921        0.921        0.921
    Columns + ghosts imbalance:               0.807        0.807        0.807
    entries imbalance                         0.601        0.601        0.601
    Descent smoother iterations:                  1            1            1
    Ascent smoother iterations:                   1            1            1
  Grid level 8:
    Number of rows:                           13929        13929        13929
    Number of active ranks:                      60           60           60
    Mean local rows:                            214          214          214
    Mean local columns + ghosts:                352          352          352
    Mean local entries:                        1728         1728         1728
    Rows imbalance:                           1.597        1.597        1.597
    Columns + ghosts imbalance:               1.246        1.246        1.246
    entries imbalance                         1.326        1.326        1.326
    Descent smoother iterations:                  1            1            1
    Ascent smoother iterations:                   1            1            1
  Grid level 9:
    Number of rows:                            9994         9994         9994
    Number of active ranks:                      60           60           60
    Mean local rows:                            145          145          145
    Mean local columns + ghosts:                221          221          221
    Mean local entries:                         812          812          812
    Rows imbalance:                           2.128        2.128        2.128
    Columns + ghosts imbalance:               1.583        1.583        1.583
    entries imbalance                         2.339        2.339        2.339
    Iterations for solving:                      74            2          500
                                                           calls         time
  Grid level 0:
    build:                                                 24269     1028.879
    descent smoothe:                                      160891     9636.211
    restrict:                                              50910      187.277
    prolong:                                               50910      273.839
  Grid level 1:
    build:                                                 24269    10327.720
    descent smoothe:                                       50910     1081.307
    ascent smoothe:                                        50910      704.324
    restrict:                                              50910       33.547
    prolong:                                               50910       80.936
  Grid level 2:
    build:                                                 24269     4521.646
    descent smoothe:                                       50910      447.849
    ascent smoothe:                                        50910      263.721
    restrict:                                              50910        8.228
    prolong:                                               50910       13.462
  Grid level 3:
    build:                                                 24269     2002.165
    descent smoothe:                                       50910      132.327
    ascent smoothe:                                        50910       91.139
    restrict:                                              50910        2.597
    prolong:                                               50910        4.813
  Grid level 4:
    build:                                                 24269      674.681
    descent smoothe:                                       50910       43.175
    ascent smoothe:                                        50910       27.566
    restrict:                                              50910        0.793
    prolong:                                               50910        0.983
  Grid level 5:
    build:                                                 24269      245.980
    descent smoothe:                                       50910       17.995
    ascent smoothe:                                        50910       10.547
    restrict:                                              50910        0.364
    prolong:                                               50910        0.304
  Grid level 6:
    build:                                                 24269       98.073
    descent smoothe:                                       50910        8.848
    ascent smoothe:                                        50910        7.029
    restrict:                                              50910        0.176
    prolong:                                               50910        0.116
  Grid level 7:
    build:                                                 24269       38.333
    descent smoothe:                                       50910        6.909
    ascent smoothe:                                        50910        4.993
    restrict:                                              50910        0.122
    prolong:                                               50910        0.080
  Grid level 8:
    build:                                                 24269       21.385
    descent smoothe:                                       50910        7.085
    ascent smoothe:                                        50910        4.036
    restrict:                                              50910        0.099
    prolong:                                               50910        0.090
  Grid level 9:
    build:                                                 24269       29.825
    solve:                                                 50910      257.782

Summary of resolutions for "k" (field id 2)

  Solver type:                   Symmetric Gauss-Seidel
  Number of setups:                     48141
  Number of calls:                      48141
  Minimum number of iterations:             1
  Maximum number of iterations:           160
  Mean number of iterations:                1
  Total setup time:                   346.728
  Total solution time:               2500.250

Summary of resolutions for "omega" (field id 3)

  Solver type:                   Symmetric Gauss-Seidel
  Number of setups:                     48141
  Number of calls:                      48141
  Minimum number of iterations:             4
  Maximum number of iterations:           227
  Mean number of iterations:                6
  Total setup time:                   346.708
  Total solution time:              11045.613

Summary of resolutions for "Wall distance" (field id 14)

  Solver type:                   Conjugate Gradient
  Preconditioning:               Multigrid
  Number of setups:                         1
  Number of calls:                          2
  Minimum number of iterations:            14
  Maximum number of iterations:            17
  Mean number of iterations:               15
  Total setup time:                     0.922
  Total solution time:                 28.114

  Multigrid:
    V-cycle
    Coarsening: default
    Smoother: Symmetric Gauss-Seidel
    Coarsest level solver:       Conjugate Gradient

                                               mean      minimum      maximum
  Number of levels:                               4            4            4
  Number of cycles:                               1            1            2

                                                           calls         time
  Construction:                                                1        1.795
  Resolution:                                                 33       26.953

                                               mean      minimum      maximum
  Grid level 0:
    Number of rows:                        45230531     45230531     45230531
    Number of active ranks:                      60           60           60
    Mean local rows:                         753842       753842       753842
    Mean local columns + ghosts:             793876       793876       793876
    Mean local entries:                     5305291      5305291      5305291
    Rows imbalance:                           0.000        0.000        0.000
    Columns + ghosts imbalance:               0.029        0.029        0.029
    entries imbalance                         0.017        0.017        0.017
    Descent smoother iterations:                  1            1            1
  Grid level 1:
    Number of rows:                        14721582     14721582     14721582
    Number of active ranks:                      60           60           60
    Mean local rows:                         249745       249745       249745
    Mean local columns + ghosts:             267219       267219       267219
    Mean local entries:                     2212761      2212761      2212761
    Rows imbalance:                           0.043        0.043        0.043
    Columns + ghosts imbalance:               0.073        0.073        0.073
    entries imbalance                         0.105        0.105        0.105
    Descent smoother iterations:                  1            1            1
    Ascent smoother iterations:                   1            1            1
  Grid level 2:
    Number of rows:                         5002804      5002804      5002804
    Number of active ranks:                      60           60           60
    Mean local rows:                          87310        87310        87310
    Mean local columns + ghosts:              95248        95248        95248
    Mean local entries:                      940887       940887       940887
    Rows imbalance:                           0.060        0.060        0.060
    Columns + ghosts imbalance:               0.097        0.097        0.097
    entries imbalance                         0.242        0.242        0.242
    Descent smoother iterations:                  1            1            1
    Ascent smoother iterations:                   1            1            1
  Grid level 3:
    Number of rows:                         3285253      3285253      3285253
    Number of active ranks:                      60           60           60
    Mean local rows:                          51444        51444        51444
    Mean local columns + ghosts:              56178        56178        56178
    Mean local entries:                      521763       521763       521763
    Rows imbalance:                           0.099        0.099        0.099
    Columns + ghosts imbalance:               0.081        0.081        0.081
    entries imbalance                         0.097        0.097        0.097
    Iterations for solving:                     318           13          500
                                                           calls         time
  Grid level 0:
    build:                                                     1        0.008
    descent smoothe:                                          64        3.914
    restrict:                                                 31        0.115
    prolong:                                                  31        0.159
  Grid level 1:
    build:                                                     1        0.451
    descent smoothe:                                          31        0.666
    ascent smoothe:                                           31        0.416
    restrict:                                                 31        0.021
    prolong:                                                  31        0.049
  Grid level 2:
    build:                                                     1        0.211
    descent smoothe:                                          31        0.278
    ascent smoothe:                                           31        0.168
    restrict:                                                 31        0.007
    prolong:                                                  31        0.015
  Grid level 3:
    build:                                                     1        0.192
    solve:                                                    31       21.128

--------------------------------------------------------------------------------

Mesh entity selections by criteria statistics:

  entity type     evaluations          time
  -----------------------------------------
  cells                     0       0.00000
  interior faces            0       0.00000
  boundary faces        48147       6.03502

--------------------------------------------------------------------------------

Writing of "results" (EnSight Gold) summary:

  CPU time for meshes:                     1.510
  CPU time for variables:                  2.273
  CPU time forcing output:                 0.000

  Elapsed time for meshes:                 2.109
  Elapsed time for variables:              3.238
  Elapsed time forcing output:             0.000

--------------------------------------------------------------------------------

Instrumented all-to-all operations (using MPI_Alltoall and MPI_Alltoallv):

  Total:                 14.31079 s, 432 calls
  Metadata exchange:      4.01545 s, 197 calls
  Data exchange:          5.57442 s, 235 calls

--------------------------------------------------------------------------------

Code_Saturne IO files read:

  mesh_input
    global:      0.33068 s,        1.983 KiB
    local:       4.24437 s,        7.949 GiB
    open:        5.31175 s, 2 open(s)

Code_Saturne IO files written:

  checkpoint/auxiliary
    global:      2.43274 s,       27.312 KiB
    local:       8.35674 s,       15.264 GiB
    open:       14.48291 s, 4 open(s)
  checkpoint/main
    global:      0.82182 s,       14.016 KiB
    local:       4.13127 s,        9.436 GiB
    open:        7.78608 s, 4 open(s)

--------------------------------------------------------------------------------

Calculation time summary:

  User CPU time:         810733.875 s
  System CPU time:         8430.267 s
  Total CPU time:      49173123.980 s

  Elapsed time:          820686.405 s
  CPU / elapsed time          0.998

--------------------------------------------------------------------------------

Memory use summary:

  Total memory used:                             122.615 GiB
                             local minimum:        2.001 GiB  (rank 15)
                             local maximum:        2.102 GiB  (rank 40)

--------------------------------------------------------------------------------
