Start run at Fri Oct 21 13:31:33 ART 2022
echo $LD_LIBRARY_PATH
/share/apps/python/3.6.1/lib:/share/apps/gcc/4.9.4/lib64:/share/apps/gcc/4.9.4/lib:/share/apps/binutils/2.27/lib:/share/apps/gdb/7.8.2/lib:/share/apps/llvm/6.0.0/lib:/share/apps/octave/4.4.0/lib:/share/apps/sparsersb/1.2.0/lib:/share/apps/hdf5/1.8.18/lib:/share/apps/fftw/3.3.6-single/lib:/share/apps/suitesparse/5.2.0/lib:/share/apps/suitesparse/5.2.0/lib64:/share/apps/openblas/0.2.20-single/lib:/share/apps/paraview/5.6.0/lib:/share/apps/mesa/18.0.1/lib:/share/apps/python/2.7.13/lib:/share/apps/mpich/3.2/lib:/share/apps/openmpi/2.1.2/lib
LD_LIBRARY_PATH=/usr/lib64/mpich/lib/:/share/apps/salome/8.5.0/BINARIES-CO6/hdf5/lib:/share/apps/python/3.6.1/lib:/share/apps/gcc/4.9.4/lib64:/share/apps/gcc/4.9.4/lib:/share/apps/binutils/2.27/lib:/share/apps/gdb/7.8.2/lib:/share/apps/llvm/6.0.0/lib:/share/apps/octave/4.4.0/lib:/share/apps/sparsersb/1.2.0/lib:/share/apps/hdf5/1.8.18/lib:/share/apps/fftw/3.3.6-single/lib:/share/apps/suitesparse/5.2.0/lib:/share/apps/suitesparse/5.2.0/lib64:/share/apps/openblas/0.2.20-single/lib:/share/apps/paraview/5.6.0/lib:/share/apps/mesa/18.0.1/lib:/share/apps/python/2.7.13/lib:/share/apps/mpich/3.2/lib:/share/apps/openmpi/2.1.2/lib PYTHON_CS_XFLAGS=' -O0 -g3 -ggdb3 -I/usr/include/jsoncpp ' /share/storage/pub/finzeo/saturne-vof/bin/code_saturne run --param setup.xml

The following have been reloaded with a version change:
  1) llvm/6.0.0 => llvm/3.4.2


The following have been reloaded with a version change:
  1) llvm/3.4.2 => llvm/6.0.0


                      code_saturne
                      ============

Version:   7.2.0-patch
Path:      /share/storage/pub/finzeo/saturne-vof

Result directory:
  /share/storage/finzeo/GTSstudy7/CASE1/RESU/20221021-1331

Copying base setup data
-----------------------

Compiling and linking user-defined functions
--------------------------------------------

Preparing calculation data
--------------------------

 Parallel code_saturne on 60 processes.

Preprocessing calculation
-------------------------

Starting calculation
--------------------

step 1, time 0.000750 
bounding box of vehicle: xmin -2.47489 -0.161925 0.0630997, xmax 2.87843e-07 0.161925 0.5139m 
gts area: 4.0446 m2 
yplus max: 7.91316, yplus min: 3.34997e-06 
position of yplus max: -1.11763 -0.0282332 0.5139 
yplus prom: 4.45263 
forces: 16.227612 -0.000350 -1.300652 
Drag coefficient: 120.657796 
Lateral coefficient: -0.002606 
Lift coefficient: -9.670791 
torque (ref. CG): 0.000084 (roll) 2.259235 (pitch) 0.000434 (yaw) 
----------------------------------------------------- 
step 2, time 0.001500 
bounding box of vehicle: xmin -2.47489 -0.161925 0.0630997, xmax 2.87843e-07 0.161925 0.5139m 
gts area: 4.0446 m2 
yplus max: 3.23013, yplus min: 0.494863 
position of yplus max: -2.33499 0.0311846 0.463651 
yplus prom: 1.21236 
forces: 80.478245 -0.014405 -10.231404 
Drag coefficient: 598.383045 
Lateral coefficient: -0.107108 
Lift coefficient: -76.073959 
torque (ref. CG): 0.003434 (roll) 6.525674 (pitch) 0.017825 (yaw) 
----------------------------------------------------- 
step 3, time 0.002250 
bounding box of vehicle: xmin -2.47489 -0.161925 0.0630997, xmax 2.87843e-07 0.161925 0.5139m 
gts area: 4.0446 m2 
yplus max: 3.92086, yplus min: 0.129552 
position of yplus max: -2.33499 0.0311846 0.463651 
yplus prom: 1.3656 
forces: 22.848153 0.044890 -2.051646 
Drag coefficient: 169.883763 
Lateral coefficient: 0.333771 
Lift coefficient: -15.254684 
torque (ref. CG): -0.010702 (roll) 2.908293 (pitch) -0.055547 (yaw) 
----------------------------------------------------- 
step 4, time 0.003000 
bounding box of vehicle: xmin -2.47489 -0.161925 0.0630997, xmax 2.87843e-07 0.161925 0.5139m 
gts area: 4.0446 m2 
yplus max: 3.92559, yplus min: 0.279378 
position of yplus max: -2.33499 0.0311846 0.463651 
yplus prom: 1.33735 
forces: -0.530244 0.025862 0.107212 
Drag coefficient: -3.942547 
Lateral coefficient: 0.192290 
Lift coefficient: 0.797157 
torque (ref. CG): -0.006165 (roll) 0.006254 (pitch) -0.032001 (yaw) 
----------------------------------------------------- 
step 5, time 0.003750 
bounding box of vehicle: xmin -2.47489 -0.161925 0.0630997, xmax 2.87843e-07 0.161925 0.5139m 
gts area: 4.0446 m2 
yplus max: 3.92983, yplus min: 0.244596 
position of yplus max: -2.33499 0.0311846 0.463651 
yplus prom: 1.3336 
forces: -0.840278 -0.009794 -0.033263 
Drag coefficient: -6.247754 
Lateral coefficient: -0.072824 
Lift coefficient: -0.247320 
torque (ref. CG): 0.002335 (roll) -0.241482 (pitch) 0.012120 (yaw) 
----------------------------------------------------- 
step 6, time 0.004500 
bounding box of vehicle: xmin -2.47489 -0.161925 0.0630997, xmax 2.87843e-07 0.161925 0.5139m 
gts area: 4.0446 m2 
yplus max: 3.94046, yplus min: 0.16971 
position of yplus max: -2.33499 0.0311846 0.463651 
yplus prom: 1.33561 
forces: -0.049090 -0.003954 -0.034075 
Drag coefficient: -0.364997 
Lateral coefficient: -0.029400 
Lift coefficient: -0.253363 
torque (ref. CG): 0.000943 (roll) -0.053868 (pitch) 0.004893 (yaw) 
----------------------------------------------------- 
step 7, time 0.005250 
bounding box of vehicle: xmin -2.47489 -0.161925 0.0630997, xmax 2.87843e-07 0.161925 0.5139m 
gts area: 4.0446 m2 
yplus max: 3.95245, yplus min: 0.129967 
position of yplus max: -2.33499 0.0311846 0.463651 
yplus prom: 1.33919 
forces: 0.146283 0.001434 -0.026014 
Drag coefficient: 1.087663 
Lateral coefficient: 0.010663 
Lift coefficient: -0.193420 
torque (ref. CG): -0.000342 (roll) 0.002685 (pitch) -0.001775 (yaw) 
----------------------------------------------------- 
step 8, time 0.006000 
bounding box of vehicle: xmin -2.47489 -0.161925 0.0630997, xmax 2.87843e-07 0.161925 0.5139m 
gts area: 4.0446 m2 
yplus max: 3.96427, yplus min: 0.127999 
position of yplus max: -2.33499 0.0311846 0.463651 
yplus prom: 1.34231 
forces: 0.139954 0.001087 -0.014663 
Drag coefficient: 1.040608 
Lateral coefficient: 0.008086 
Lift coefficient: -0.109023 
torque (ref. CG): -0.000259 (roll) 0.015221 (pitch) -0.001346 (yaw) 
----------------------------------------------------- 
step 9, time 0.006750 
bounding box of vehicle: xmin -2.47489 -0.161925 0.0630997, xmax 2.87843e-07 0.161925 0.5139m 
gts area: 4.0446 m2 
yplus max: 3.97588, yplus min: 0.127246 
position of yplus max: -2.33499 0.0311846 0.463651 
yplus prom: 1.34535 
forces: 0.111358 0.000406 -0.011946 
Drag coefficient: 0.827987 
Lateral coefficient: 0.003018 
Lift coefficient: -0.088821 
torque (ref. CG): -0.000097 (roll) 0.011766 (pitch) -0.000502 (yaw) 
----------------------------------------------------- 
step 10, time 0.007500 
bounding box of vehicle: xmin -2.47489 -0.161925 0.0630997, xmax 2.87843e-07 0.161925 0.5139m 
gts area: 4.0446 m2 
yplus max: 3.9874, yplus min: 0.0957666 
position of yplus max: -2.33499 0.0311846 0.463651 
yplus prom: 1.34847 
forces: 0.104956 0.000141 -0.014013 
Drag coefficient: 0.780384 
Lateral coefficient: 0.001048 
Lift coefficient: -0.104189 
torque (ref. CG): -0.000034 (roll) 0.007682 (pitch) -0.000174 (yaw) 
----------------------------------------------------- 
step 11, time 0.008250 
bounding box of vehicle: xmin -2.47489 -0.161925 0.0630997, xmax 2.87843e-07 0.161925 0.5139m 
gts area: 4.0446 m2 
yplus max: 3.99886, yplus min: 0.11347 
position of yplus max: -2.33499 0.0311846 0.463651 
yplus prom: 1.35181 
forces: 0.105994 0.000148 -0.015424 
Drag coefficient: 0.788101 
Lateral coefficient: 0.001101 
Lift coefficient: -0.114683 
torque (ref. CG): -0.000035 (roll) 0.006183 (pitch) -0.000183 (yaw) 
----------------------------------------------------- 
step 12, time 0.009000 
bounding box of vehicle: xmin -2.47489 -0.161925 0.0630997, xmax 2.87843e-07 0.161925 0.5139m 
gts area: 4.0446 m2 
yplus max: 4.01026, yplus min: 0.101239 
position of yplus max: -2.33499 0.0311846 0.463651 
yplus prom: 1.35535 
forces: 0.107308 0.000204 -0.015735 
Drag coefficient: 0.797872 
Lateral coefficient: 0.001516 
Lift coefficient: -0.116996 
torque (ref. CG): -0.000049 (roll) 0.006112 (pitch) -0.000252 (yaw) 
----------------------------------------------------- 
step 13, time 0.009750 
bounding box of vehicle: xmin -2.47489 -0.161925 0.0630997, xmax 2.87843e-07 0.161925 0.5139m 
gts area: 4.0446 m2 
yplus max: 4.02158, yplus min: 0.168617 
position of yplus max: -2.33499 0.0311846 0.463651 
yplus prom: 1.35903 
forces: 0.107943 0.000221 -0.015686 
Drag coefficient: 0.802589 
Lateral coefficient: 0.001641 
Lift coefficient: -0.116633 
torque (ref. CG): -0.000053 (roll) 0.006323 (pitch) -0.000273 (yaw) 
----------------------------------------------------- 
step 14, time 0.010500 
bounding box of vehicle: xmin -2.47489 -0.161925 0.0630997, xmax 2.87843e-07 0.161925 0.5139m 
gts area: 4.0446 m2 
yplus max: 4.03284, yplus min: 0.181019 
position of yplus max: -2.33499 0.0311846 0.463651 
yplus prom: 1.36276 
forces: 0.108322 0.000201 -0.015690 
Drag coefficient: 0.805408 
Lateral coefficient: 0.001491 
Lift coefficient: -0.116660 
torque (ref. CG): -0.000048 (roll) 0.006409 (pitch) -0.000248 (yaw) 
----------------------------------------------------- 
step 15, time 0.011250 
bounding box of vehicle: xmin -2.47489 -0.161925 0.0630997, xmax 2.87843e-07 0.161925 0.5139m 
gts area: 4.0446 m2 
yplus max: 4.04402, yplus min: 0.186498 
position of yplus max: -2.33499 0.0311846 0.463651 
yplus prom: 1.36651 
forces: 0.108713 0.000171 -0.015775 
Drag coefficient: 0.808317 
Lateral coefficient: 0.001272 
Lift coefficient: -0.117295 
torque (ref. CG): -0.000041 (roll) 0.006397 (pitch) -0.000212 (yaw) 
----------------------------------------------------- 
step 16, time 0.012000 
bounding box of vehicle: xmin -2.47489 -0.161925 0.0630997, xmax 2.87843e-07 0.161925 0.5139m 
gts area: 4.0446 m2 
yplus max: 4.05513, yplus min: 0.194539 
position of yplus max: -2.33499 0.0311846 0.463651 
yplus prom: 1.37024 
forces: 0.109142 0.000145 -0.015882 
Drag coefficient: 0.811507 
Lateral coefficient: 0.001079 
Lift coefficient: -0.118091 
torque (ref. CG): -0.000035 (roll) 0.006367 (pitch) -0.000180 (yaw) 
----------------------------------------------------- 
step 17, time 0.012750 
bounding box of vehicle: xmin -2.47489 -0.161925 0.0630997, xmax 2.87843e-07 0.161925 0.5139m 
gts area: 4.0446 m2 
yplus max: 4.06616, yplus min: 0.22064 
position of yplus max: -2.33499 0.0311846 0.463651 
yplus prom: 1.37392 
forces: 0.109590 0.000123 -0.015985 
Drag coefficient: 0.814840 
Lateral coefficient: 0.000918 
Lift coefficient: -0.118855 
torque (ref. CG): -0.000029 (roll) 0.006346 (pitch) -0.000153 (yaw) 
----------------------------------------------------- 
step 18, time 0.013500 
bounding box of vehicle: xmin -2.47489 -0.161925 0.0630997, xmax 2.87843e-07 0.161925 0.5139m 
gts area: 4.0446 m2 
yplus max: 4.0771, yplus min: 0.115563 
position of yplus max: -2.33499 0.0311846 0.463651 
yplus prom: 1.37754 
forces: 0.110044 0.000104 -0.016086 
Drag coefficient: 0.818216 
Lateral coefficient: 0.000776 
Lift coefficient: -0.119604 
torque (ref. CG): -0.000025 (roll) 0.006330 (pitch) -0.000129 (yaw) 
----------------------------------------------------- 
step 19, time 0.014250 
bounding box of vehicle: xmin -2.47489 -0.161925 0.0630997, xmax 2.87843e-07 0.161925 0.5139m 
gts area: 4.0446 m2 
yplus max: 4.08796, yplus min: 0.133829 
position of yplus max: -2.33499 0.0311846 0.463651 
yplus prom: 1.3811 
forces: 0.110502 0.000087 -0.016182 
Drag coefficient: 0.821620 
Lateral coefficient: 0.000647 
Lift coefficient: -0.120320 
torque (ref. CG): -0.000021 (roll) 0.006320 (pitch) -0.000108 (yaw) 
----------------------------------------------------- 
step 20, time 0.015000 
bounding box of vehicle: xmin -2.47489 -0.161925 0.0630997, xmax 2.87843e-07 0.161925 0.5139m 
gts area: 4.0446 m2 
yplus max: 4.09871, yplus min: 0.114535 
position of yplus max: -2.33499 0.0311846 0.463651 
yplus prom: 1.38459 
forces: 0.110962 0.000071 -0.016276 
Drag coefficient: 0.825041 
Lateral coefficient: 0.000526 
Lift coefficient: -0.121020 
torque (ref. CG): -0.000017 (roll) 0.006313 (pitch) -0.000087 (yaw) 
----------------------------------------------------- 
step 21, time 0.015750 
bounding box of vehicle: xmin -2.47489 -0.161925 0.0630997, xmax 2.87843e-07 0.161925 0.5139m 
gts area: 4.0446 m2 
yplus max: 4.10937, yplus min: 0.0949207 
position of yplus max: -2.33499 0.0311846 0.463651 
yplus prom: 1.38799 
forces: 0.111419 0.000054 -0.016375 
Drag coefficient: 0.828438 
Lateral coefficient: 0.000405 
Lift coefficient: -0.121756 
torque (ref. CG): -0.000013 (roll) 0.006299 (pitch) -0.000067 (yaw) 
----------------------------------------------------- 
step 22, time 0.016500 
bounding box of vehicle: xmin -2.47489 -0.161925 0.0630997, xmax 2.87843e-07 0.161925 0.5139m 
gts area: 4.0446 m2 
yplus max: 4.11993, yplus min: 0.126551 
position of yplus max: -2.33499 0.0311846 0.463651 
yplus prom: 1.39132 
forces: 0.111876 0.000039 -0.016472 
Drag coefficient: 0.831838 
Lateral coefficient: 0.000290 
Lift coefficient: -0.122475 
torque (ref. CG): -0.000009 (roll) 0.006289 (pitch) -0.000048 (yaw) 
----------------------------------------------------- 
step 23, time 0.017250 
bounding box of vehicle: xmin -2.47489 -0.161925 0.0630997, xmax 2.87843e-07 0.161925 0.5139m 
gts area: 4.0446 m2 
yplus max: 4.13038, yplus min: 0.0937415 
position of yplus max: -2.33499 0.0311846 0.463651 
yplus prom: 1.39456 
forces: 0.112330 0.000024 -0.016568 
Drag coefficient: 0.835215 
Lateral coefficient: 0.000178 
Lift coefficient: -0.123186 
torque (ref. CG): -0.000006 (roll) 0.006279 (pitch) -0.000030 (yaw) 
----------------------------------------------------- 
step 24, time 0.018000 
bounding box of vehicle: xmin -2.47489 -0.161925 0.0630997, xmax 2.87843e-07 0.161925 0.5139m 
gts area: 4.0446 m2 
yplus max: 4.14071, yplus min: 0.0823702 
position of yplus max: -2.33499 0.0311846 0.463651 
yplus prom: 1.39772 
forces: 0.112780 0.000010 -0.016662 
Drag coefficient: 0.838557 
Lateral coefficient: 0.000071 
Lift coefficient: -0.123889 
torque (ref. CG): -0.000002 (roll) 0.006269 (pitch) -0.000012 (yaw) 
----------------------------------------------------- 
step 25, time 0.018750 
bounding box of vehicle: xmin -2.47489 -0.161925 0.0630997, xmax 2.87843e-07 0.161925 0.5139m 
gts area: 4.0446 m2 
yplus max: 4.15093, yplus min: 0.135049 
position of yplus max: -2.33499 0.0311846 0.463651 
yplus prom: 1.40079 
forces: 0.113224 -0.000004 -0.016755 
Drag coefficient: 0.841857 
Lateral coefficient: -0.000031 
Lift coefficient: -0.124582 
torque (ref. CG): 0.000001 (roll) 0.006259 (pitch) 0.000005 (yaw) 
----------------------------------------------------- 
step 26, time 0.019500 
bounding box of vehicle: xmin -2.47489 -0.161925 0.0630997, xmax 2.87843e-07 0.161925 0.5139m 
gts area: 4.0446 m2 
yplus max: 4.16103, yplus min: 0.131143 
position of yplus max: -2.33499 0.0311846 0.463651 
yplus prom: 1.40378 
forces: 0.113661 -0.000017 -0.016847 
Drag coefficient: 0.845110 
Lateral coefficient: -0.000129 
Lift coefficient: -0.125263 
torque (ref. CG): 0.000004 (roll) 0.006250 (pitch) 0.000021 (yaw) 
----------------------------------------------------- 
step 27, time 0.020250 
bounding box of vehicle: xmin -2.47489 -0.161925 0.0630997, xmax 2.87843e-07 0.161925 0.5139m 
gts area: 4.0446 m2 
yplus max: 4.171, yplus min: 0.20112 
position of yplus max: -2.33499 0.0311846 0.463651 
yplus prom: 1.40669 
forces: 0.114093 -0.000030 -0.016937 
Drag coefficient: 0.848318 
Lateral coefficient: -0.000222 
Lift coefficient: -0.125932 
torque (ref. CG): 0.000007 (roll) 0.006242 (pitch) 0.000037 (yaw) 
----------------------------------------------------- 
step 28, time 0.021000 
bounding box of vehicle: xmin -2.47489 -0.161925 0.0630997, xmax 2.87843e-07 0.161925 0.5139m 
gts area: 4.0446 m2 
yplus max: 4.18085, yplus min: 0.116147 
position of yplus max: -2.33499 0.0311846 0.463651 
yplus prom: 1.4095 
forces: 0.114518 -0.000042 -0.017026 
Drag coefficient: 0.851484 
Lateral coefficient: -0.000311 
Lift coefficient: -0.126591 
torque (ref. CG): 0.000010 (roll) 0.006234 (pitch) 0.000052 (yaw) 
----------------------------------------------------- 
step 29, time 0.021750 
bounding box of vehicle: xmin -2.47489 -0.161925 0.0630997, xmax 2.87843e-07 0.161925 0.5139m 
gts area: 4.0446 m2 
yplus max: 4.19057, yplus min: 0.162105 
position of yplus max: -2.33499 0.0311846 0.463651 
yplus prom: 1.41224 
forces: 0.114937 -0.000053 -0.017113 
Drag coefficient: 0.854599 
Lateral coefficient: -0.000397 
Lift coefficient: -0.127243 
torque (ref. CG): 0.000013 (roll) 0.006225 (pitch) 0.000066 (yaw) 
----------------------------------------------------- 
step 30, time 0.022500 
bounding box of vehicle: xmin -2.47489 -0.161925 0.0630997, xmax 2.87843e-07 0.161925 0.5139m 
gts area: 4.0446 m2 
yplus max: 4.20015, yplus min: 0.173187 
position of yplus max: -2.33499 0.0311846 0.463651 
yplus prom: 1.4149 
forces: 0.115349 -0.000064 -0.017200 
Drag coefficient: 0.857661 
Lateral coefficient: -0.000476 
Lift coefficient: -0.127888 
torque (ref. CG): 0.000015 (roll) 0.006216 (pitch) 0.000079 (yaw) 
----------------------------------------------------- 
step 31, time 0.023250 
bounding box of vehicle: xmin -2.47489 -0.161925 0.0630997, xmax 2.87843e-07 0.161925 0.5139m 
gts area: 4.0446 m2 
yplus max: 4.2096, yplus min: 0.139937 
position of yplus max: -2.33499 0.0311846 0.463651 
yplus prom: 1.41747 
forces: 0.115754 -0.000074 -0.017286 
Drag coefficient: 0.860671 
Lateral coefficient: -0.000551 
Lift coefficient: -0.128525 
torque (ref. CG): 0.000018 (roll) 0.006207 (pitch) 0.000092 (yaw) 
----------------------------------------------------- 
step 32, time 0.024000 
bounding box of vehicle: xmin -2.47489 -0.161925 0.0630997, xmax 2.87843e-07 0.161925 0.5139m 
gts area: 4.0446 m2 
yplus max: 4.21891, yplus min: 0.0978769 
position of yplus max: -2.33499 0.0311846 0.463651 
yplus prom: 1.41996 
forces: 0.116152 -0.000084 -0.017370 
Drag coefficient: 0.863626 
Lateral coefficient: -0.000624 
Lift coefficient: -0.129152 
torque (ref. CG): 0.000020 (roll) 0.006197 (pitch) 0.000104 (yaw) 
----------------------------------------------------- 
step 33, time 0.024750 
bounding box of vehicle: xmin -2.47489 -0.161925 0.0630997, xmax 2.87843e-07 0.161925 0.5139m 
gts area: 4.0446 m2 
yplus max: 4.22809, yplus min: 0.116647 
position of yplus max: -2.33499 0.0311846 0.463651 
yplus prom: 1.42238 
forces: 0.116541 -0.000093 -0.017453 
Drag coefficient: 0.866524 
Lateral coefficient: -0.000693 
Lift coefficient: -0.129772 
torque (ref. CG): 0.000022 (roll) 0.006187 (pitch) 0.000115 (yaw) 
----------------------------------------------------- 
step 34, time 0.025500 
bounding box of vehicle: xmin -2.47489 -0.161925 0.0630997, xmax 2.87843e-07 0.161925 0.5139m 
gts area: 4.0446 m2 
yplus max: 4.23712, yplus min: 0.154956 
position of yplus max: -2.33499 0.0311846 0.463651 
yplus prom: 1.42472 
forces: 0.116923 -0.000102 -0.017536 
Drag coefficient: 0.869364 
Lateral coefficient: -0.000758 
Lift coefficient: -0.130386 
torque (ref. CG): 0.000024 (roll) 0.006175 (pitch) 0.000126 (yaw) 
----------------------------------------------------- 
step 35, time 0.026250 
bounding box of vehicle: xmin -2.47489 -0.161925 0.0630997, xmax 2.87843e-07 0.161925 0.5139m 
gts area: 4.0446 m2 
yplus max: 4.24601, yplus min: 0.147058 
position of yplus max: -2.33499 0.0311846 0.463651 
yplus prom: 1.42698 
forces: 0.117298 -0.000110 -0.017618 
Drag coefficient: 0.872148 
Lateral coefficient: -0.000821 
Lift coefficient: -0.130994 
torque (ref. CG): 0.000026 (roll) 0.006164 (pitch) 0.000137 (yaw) 
----------------------------------------------------- 
step 36, time 0.027000 
bounding box of vehicle: xmin -2.47489 -0.161925 0.0630997, xmax 2.87843e-07 0.161925 0.5139m 
gts area: 4.0446 m2 
yplus max: 4.25476, yplus min: 0.121932 
position of yplus max: -2.33499 0.0311846 0.463651 
yplus prom: 1.42917 
forces: 0.117666 -0.000119 -0.017699 
Drag coefficient: 0.874888 
Lateral coefficient: -0.000885 
Lift coefficient: -0.131595 
torque (ref. CG): 0.000028 (roll) 0.006151 (pitch) 0.000147 (yaw) 
----------------------------------------------------- 
step 37, time 0.027750 
bounding box of vehicle: xmin -2.47489 -0.161925 0.0630997, xmax 2.87843e-07 0.161925 0.5139m 
gts area: 4.0446 m2 
yplus max: 4.26337, yplus min: 0.174066 
position of yplus max: -2.33499 0.0311846 0.463651 
yplus prom: 1.43127 
forces: 0.118029 -0.000127 -0.017778 
Drag coefficient: 0.877587 
Lateral coefficient: -0.000946 
Lift coefficient: -0.132188 
torque (ref. CG): 0.000030 (roll) 0.006139 (pitch) 0.000157 (yaw) 
----------------------------------------------------- 
step 38, time 0.028500 
bounding box of vehicle: xmin -2.47489 -0.161925 0.0630997, xmax 2.87843e-07 0.161925 0.5139m 
gts area: 4.0446 m2 
yplus max: 4.27183, yplus min: 0.0607471 
position of yplus max: -2.33499 0.0311846 0.463651 
yplus prom: 1.43329 
forces: 0.118386 -0.000135 -0.017857 
Drag coefficient: 0.880241 
Lateral coefficient: -0.001002 
Lift coefficient: -0.132776 
torque (ref. CG): 0.000032 (roll) 0.006127 (pitch) 0.000167 (yaw) 
----------------------------------------------------- 
step 39, time 0.029250 
bounding box of vehicle: xmin -2.47489 -0.161925 0.0630997, xmax 2.87843e-07 0.161925 0.5139m 
gts area: 4.0446 m2 
yplus max: 4.28015, yplus min: 0.160845 
position of yplus max: -2.33499 0.0311846 0.463651 
yplus prom: 1.43523 
forces: 0.118737 -0.000142 -0.017936 
Drag coefficient: 0.882847 
Lateral coefficient: -0.001053 
Lift coefficient: -0.133357 
torque (ref. CG): 0.000034 (roll) 0.006113 (pitch) 0.000175 (yaw) 
----------------------------------------------------- 
step 40, time 0.030000 
bounding box of vehicle: xmin -2.47489 -0.161925 0.0630997, xmax 2.87843e-07 0.161925 0.5139m 
gts area: 4.0446 m2 
yplus max: 4.28833, yplus min: 0.176359 
position of yplus max: -2.33499 0.0311846 0.463651 
yplus prom: 1.4371 
forces: 0.119080 -0.000148 -0.018013 
Drag coefficient: 0.885400 
Lateral coefficient: -0.001101 
Lift coefficient: -0.133931 
torque (ref. CG): 0.000035 (roll) 0.006100 (pitch) 0.000183 (yaw) 
----------------------------------------------------- 
step 41, time 0.030750 
bounding box of vehicle: xmin -2.47489 -0.161925 0.0630997, xmax 2.87843e-07 0.161925 0.5139m 
gts area: 4.0446 m2 
yplus max: 4.29636, yplus min: 0.161392 
position of yplus max: -2.33499 0.0311846 0.463651 
yplus prom: 1.43888 
forces: 0.119416 -0.000154 -0.018089 
Drag coefficient: 0.887898 
Lateral coefficient: -0.001146 
Lift coefficient: -0.134500 
torque (ref. CG): 0.000037 (roll) 0.006085 (pitch) 0.000191 (yaw) 
----------------------------------------------------- 
step 42, time 0.031500 
bounding box of vehicle: xmin -2.47489 -0.161925 0.0630997, xmax 2.87843e-07 0.161925 0.5139m 
gts area: 4.0446 m2 
yplus max: 4.30425, yplus min: 0.143842 
position of yplus max: -2.33499 0.0311846 0.463651 
yplus prom: 1.4406 
forces: 0.119744 -0.000160 -0.018165 
Drag coefficient: 0.890340 
Lateral coefficient: -0.001186 
Lift coefficient: -0.135061 
torque (ref. CG): 0.000038 (roll) 0.006070 (pitch) 0.000197 (yaw) 
----------------------------------------------------- 
step 43, time 0.032250 
bounding box of vehicle: xmin -2.47489 -0.161925 0.0630997, xmax 2.87843e-07 0.161925 0.5139m 
gts area: 4.0446 m2 
yplus max: 4.312, yplus min: 0.0629855 
position of yplus max: -2.33499 0.0311846 0.463651 
yplus prom: 1.44224 
forces: 0.120065 -0.000164 -0.018239 
Drag coefficient: 0.892726 
Lateral coefficient: -0.001222 
Lift coefficient: -0.135617 
torque (ref. CG): 0.000039 (roll) 0.006054 (pitch) 0.000203 (yaw) 
----------------------------------------------------- 
step 44, time 0.033000 
bounding box of vehicle: xmin -2.47489 -0.161925 0.0630997, xmax 2.87843e-07 0.161925 0.5139m 
gts area: 4.0446 m2 
yplus max: 4.3196, yplus min: 0.0816334 
position of yplus max: -2.33499 0.0311846 0.463651 
yplus prom: 1.44382 
forces: 0.120379 -0.000169 -0.018314 
Drag coefficient: 0.895057 
Lateral coefficient: -0.001256 
Lift coefficient: -0.136168 
torque (ref. CG): 0.000040 (roll) 0.006037 (pitch) 0.000209 (yaw) 
----------------------------------------------------- 
step 45, time 0.033750 
bounding box of vehicle: xmin -2.47489 -0.161925 0.0630997, xmax 2.87843e-07 0.161925 0.5139m 
gts area: 4.0446 m2 
yplus max: 4.327, yplus min: 0.162938 
position of yplus max: -2.33499 0.0311846 0.463651 
yplus prom: 1.44532 
forces: 0.120685 -0.000173 -0.018388 
Drag coefficient: 0.897335 
Lateral coefficient: -0.001287 
Lift coefficient: -0.136717 
torque (ref. CG): 0.000041 (roll) 0.006019 (pitch) 0.000214 (yaw) 
----------------------------------------------------- 
step 46, time 0.034500 
bounding box of vehicle: xmin -2.47489 -0.161925 0.0630997, xmax 2.87843e-07 0.161925 0.5139m 
gts area: 4.0446 m2 
yplus max: 4.33417, yplus min: 0.145958 
position of yplus max: -2.33499 0.0311846 0.463651 
yplus prom: 1.44675 
forces: 0.120984 -0.000177 -0.018461 
Drag coefficient: 0.899559 
Lateral coefficient: -0.001315 
Lift coefficient: -0.137262 
torque (ref. CG): 0.000042 (roll) 0.005999 (pitch) 0.000219 (yaw) 
----------------------------------------------------- 
step 47, time 0.035250 
bounding box of vehicle: xmin -2.47489 -0.161925 0.0630997, xmax 2.87843e-07 0.161925 0.5139m 
gts area: 4.0446 m2 
yplus max: 4.34112, yplus min: 0.136176 
position of yplus max: -2.33499 0.0311846 0.463651 
yplus prom: 1.44812 
forces: 0.121276 -0.000180 -0.018533 
Drag coefficient: 0.901730 
Lateral coefficient: -0.001341 
Lift coefficient: -0.137799 
torque (ref. CG): 0.000043 (roll) 0.005980 (pitch) 0.000223 (yaw) 
----------------------------------------------------- 
step 48, time 0.036000 
bounding box of vehicle: xmin -2.47489 -0.161925 0.0630997, xmax 2.87843e-07 0.161925 0.5139m 
gts area: 4.0446 m2 
yplus max: 4.34787, yplus min: 0.152776 
position of yplus max: -2.33499 0.0311846 0.463651 
yplus prom: 1.44942 
forces: 0.121561 -0.000184 -0.018605 
Drag coefficient: 0.903848 
Lateral coefficient: -0.001367 
Lift coefficient: -0.138331 
torque (ref. CG): 0.000044 (roll) 0.005959 (pitch) 0.000227 (yaw) 
----------------------------------------------------- 
step 49, time 0.036750 
bounding box of vehicle: xmin -2.47489 -0.161925 0.0630997, xmax 2.87843e-07 0.161925 0.5139m 
gts area: 4.0446 m2 
yplus max: 4.35441, yplus min: 0.163053 
position of yplus max: -2.33499 0.0311846 0.463651 
yplus prom: 1.45065 
forces: 0.121838 -0.000187 -0.018676 
Drag coefficient: 0.905908 
Lateral coefficient: -0.001389 
Lift coefficient: -0.138859 
torque (ref. CG): 0.000045 (roll) 0.005937 (pitch) 0.000231 (yaw) 
----------------------------------------------------- 
step 50, time 0.037500 
bounding box of vehicle: xmin -2.47489 -0.161925 0.0630997, xmax 2.87843e-07 0.161925 0.5139m 
gts area: 4.0446 m2 
yplus max: 4.36252, yplus min: 0.151093 
position of yplus max: -2.39725 0.0312304 0.425975 
yplus prom: 1.45182 
forces: 0.122107 -0.000190 -0.018748 
Drag coefficient: 0.907909 
Lateral coefficient: -0.001412 
Lift coefficient: -0.139396 
torque (ref. CG): 0.000045 (roll) 0.005912 (pitch) 0.000235 (yaw) 
----------------------------------------------------- 
step 51, time 0.038250 
bounding box of vehicle: xmin -2.47489 -0.161925 0.0630997, xmax 2.87843e-07 0.161925 0.5139m 
gts area: 4.0446 m2 
yplus max: 4.3744, yplus min: 0.0756121 
position of yplus max: -2.4064 0.0309745 0.418651 
yplus prom: 1.45292 
forces: 0.122374 -0.000193 -0.018814 
Drag coefficient: 0.909894 
Lateral coefficient: -0.001431 
Lift coefficient: -0.139886 
torque (ref. CG): 0.000046 (roll) 0.005894 (pitch) 0.000238 (yaw) 
----------------------------------------------------- 
step 52, time 0.039000 
bounding box of vehicle: xmin -2.47489 -0.161925 0.0630997, xmax 2.87843e-07 0.161925 0.5139m 
gts area: 4.0446 m2 
yplus max: 4.38741, yplus min: 0.124362 
position of yplus max: -2.4156 0.0499483 0.410568 
yplus prom: 1.45397 
forces: 0.122630 -0.000195 -0.018884 
Drag coefficient: 0.911799 
Lateral coefficient: -0.001450 
Lift coefficient: -0.140409 
torque (ref. CG): 0.000046 (roll) 0.005868 (pitch) 0.000241 (yaw) 
----------------------------------------------------- 
step 53, time 0.039750 
bounding box of vehicle: xmin -2.47489 -0.161925 0.0630997, xmax 2.87843e-07 0.161925 0.5139m 
gts area: 4.0446 m2 
yplus max: 4.40025, yplus min: 0.138362 
position of yplus max: -2.4156 0.0499483 0.410568 
yplus prom: 1.45496 
forces: 0.122881 -0.000197 -0.018952 
Drag coefficient: 0.913659 
Lateral coefficient: -0.001463 
Lift coefficient: -0.140916 
torque (ref. CG): 0.000047 (roll) 0.005843 (pitch) 0.000243 (yaw) 
----------------------------------------------------- 
step 54, time 0.040500 
bounding box of vehicle: xmin -2.47489 -0.161925 0.0630997, xmax 2.87843e-07 0.161925 0.5139m 
gts area: 4.0446 m2 
yplus max: 4.41289, yplus min: 0.103648 
position of yplus max: -2.4156 0.0499483 0.410568 
yplus prom: 1.45589 
forces: 0.123125 -0.000198 -0.019019 
Drag coefficient: 0.915475 
Lateral coefficient: -0.001475 
Lift coefficient: -0.141416 
torque (ref. CG): 0.000047 (roll) 0.005818 (pitch) 0.000245 (yaw) 
----------------------------------------------------- 
step 55, time 0.041250 
bounding box of vehicle: xmin -2.47489 -0.161925 0.0630997, xmax 2.87843e-07 0.161925 0.5139m 
gts area: 4.0446 m2 
yplus max: 4.42534, yplus min: 0.0339542 
position of yplus max: -2.4156 0.0499483 0.410568 
yplus prom: 1.45677 
forces: 0.123362 -0.000200 -0.019086 
Drag coefficient: 0.917241 
Lateral coefficient: -0.001485 
Lift coefficient: -0.141910 
torque (ref. CG): 0.000048 (roll) 0.005793 (pitch) 0.000247 (yaw) 
----------------------------------------------------- 
step 56, time 0.042000 
bounding box of vehicle: xmin -2.47489 -0.161925 0.0630997, xmax 2.87843e-07 0.161925 0.5139m 
gts area: 4.0446 m2 
yplus max: 4.4376, yplus min: 0.0935074 
position of yplus max: -2.4156 0.0499483 0.410568 
yplus prom: 1.4576 
forces: 0.123594 -0.000201 -0.019152 
Drag coefficient: 0.918960 
Lateral coefficient: -0.001494 
Lift coefficient: -0.142399 
torque (ref. CG): 0.000048 (roll) 0.005766 (pitch) 0.000249 (yaw) 
----------------------------------------------------- 
step 57, time 0.042750 
bounding box of vehicle: xmin -2.47489 -0.161925 0.0630997, xmax 2.87843e-07 0.161925 0.5139m 
gts area: 4.0446 m2 
yplus max: 4.44968, yplus min: 0.0528396 
position of yplus max: -2.4156 0.0499483 0.410568 
yplus prom: 1.45838 
forces: 0.123817 -0.000202 -0.019217 
Drag coefficient: 0.920620 
Lateral coefficient: -0.001501 
Lift coefficient: -0.142887 
torque (ref. CG): 0.000048 (roll) 0.005739 (pitch) 0.000250 (yaw) 
----------------------------------------------------- 
step 58, time 0.043500 
bounding box of vehicle: xmin -2.47489 -0.161925 0.0630997, xmax 2.87843e-07 0.161925 0.5139m 
gts area: 4.0446 m2 
yplus max: 4.46158, yplus min: 0.0893702 
position of yplus max: -2.4156 0.0499483 0.410568 
yplus prom: 1.45912 
forces: 0.124035 -0.000203 -0.019281 
Drag coefficient: 0.922240 
Lateral coefficient: -0.001508 
Lift coefficient: -0.143364 
torque (ref. CG): 0.000048 (roll) 0.005711 (pitch) 0.000251 (yaw) 
----------------------------------------------------- 
step 59, time 0.044250 
bounding box of vehicle: xmin -2.47489 -0.161925 0.0630997, xmax 2.87843e-07 0.161925 0.5139m 
gts area: 4.0446 m2 
yplus max: 4.47331, yplus min: 0.0959577 
position of yplus max: -2.4156 0.0499483 0.410568 
yplus prom: 1.45981 
forces: 0.124244 -0.000203 -0.019347 
Drag coefficient: 0.923795 
Lateral coefficient: -0.001511 
Lift coefficient: -0.143855 
torque (ref. CG): 0.000048 (roll) 0.005679 (pitch) 0.000251 (yaw) 
----------------------------------------------------- 
step 60, time 0.045000 
bounding box of vehicle: xmin -2.47489 -0.161925 0.0630997, xmax 2.87843e-07 0.161925 0.5139m 
gts area: 4.0446 m2 
yplus max: 4.48488, yplus min: 0.0916547 
position of yplus max: -2.4156 0.0499483 0.410568 
yplus prom: 1.46046 
forces: 0.124452 -0.000204 -0.019407 
Drag coefficient: 0.925344 
Lateral coefficient: -0.001515 
Lift coefficient: -0.144299 
torque (ref. CG): 0.000049 (roll) 0.005655 (pitch) 0.000252 (yaw) 
----------------------------------------------------- 
step 61, time 0.045750 
bounding box of vehicle: xmin -2.47489 -0.161925 0.0630997, xmax 2.87843e-07 0.161925 0.5139m 
gts area: 4.0446 m2 
yplus max: 4.49629, yplus min: 0.089834 
position of yplus max: -2.4156 0.0499483 0.410568 
yplus prom: 1.46105 
forces: 0.124648 -0.000204 -0.019473 
Drag coefficient: 0.926799 
Lateral coefficient: -0.001515 
Lift coefficient: -0.144792 
torque (ref. CG): 0.000049 (roll) 0.005620 (pitch) 0.000252 (yaw) 
----------------------------------------------------- 
step 62, time 0.046500 
bounding box of vehicle: xmin -2.47489 -0.161925 0.0630997, xmax 2.87843e-07 0.161925 0.5139m 
gts area: 4.0446 m2 
yplus max: 4.50754, yplus min: 0.0880157 
position of yplus max: -2.4156 0.0499483 0.410568 
yplus prom: 1.4616 
forces: 0.124844 -0.000204 -0.019532 
Drag coefficient: 0.928257 
Lateral coefficient: -0.001517 
Lift coefficient: -0.145229 
torque (ref. CG): 0.000049 (roll) 0.005594 (pitch) 0.000252 (yaw) 
----------------------------------------------------- 
step 63, time 0.047250 
bounding box of vehicle: xmin -2.47489 -0.161925 0.0630997, xmax 2.87843e-07 0.161925 0.5139m 
gts area: 4.0446 m2 
yplus max: 4.51864, yplus min: 0.0888834 
position of yplus max: -2.4156 0.0499483 0.410568 
yplus prom: 1.46211 
forces: 0.125030 -0.000204 -0.019596 
Drag coefficient: 0.929641 
Lateral coefficient: -0.001516 
Lift coefficient: -0.145700 
torque (ref. CG): 0.000049 (roll) 0.005560 (pitch) 0.000252 (yaw) 
----------------------------------------------------- 
step 64, time 0.048000 
bounding box of vehicle: xmin -2.47489 -0.161925 0.0630997, xmax 2.87843e-07 0.161925 0.5139m 
gts area: 4.0446 m2 
yplus max: 4.5296, yplus min: 0.0845834 
position of yplus max: -2.4156 0.0499483 0.410568 
yplus prom: 1.46257 
forces: 0.125212 -0.000204 -0.019656 
Drag coefficient: 0.930997 
Lateral coefficient: -0.001516 
Lift coefficient: -0.146152 
torque (ref. CG): 0.000049 (roll) 0.005528 (pitch) 0.000252 (yaw) 
----------------------------------------------------- 
step 65, time 0.048750 
bounding box of vehicle: xmin -2.47489 -0.161925 0.0630997, xmax 2.87843e-07 0.161925 0.5139m 
gts area: 4.0446 m2 
yplus max: 4.54041, yplus min: 0.0654572 
position of yplus max: -2.4156 0.0499483 0.410568 
yplus prom: 1.463 
forces: 0.125389 -0.000203 -0.019717 
Drag coefficient: 0.932313 
Lateral coefficient: -0.001508 
Lift coefficient: -0.146603 
torque (ref. CG): 0.000048 (roll) 0.005495 (pitch) 0.000251 (yaw) 
----------------------------------------------------- 
step 66, time 0.049500 
bounding box of vehicle: xmin -2.47489 -0.161925 0.0630997, xmax 2.87843e-07 0.161925 0.5139m 
gts area: 4.0446 m2 
yplus max: 4.55109, yplus min: 0.0893193 
position of yplus max: -2.4156 0.0499483 0.410568 
yplus prom: 1.46339 
forces: 0.125560 -0.000203 -0.019777 
Drag coefficient: 0.933584 
Lateral coefficient: -0.001506 
Lift coefficient: -0.147048 
torque (ref. CG): 0.000048 (roll) 0.005462 (pitch) 0.000251 (yaw) 
----------------------------------------------------- 
step 67, time 0.050250 
bounding box of vehicle: xmin -2.47489 -0.161925 0.0630997, xmax 2.87843e-07 0.161925 0.5139m 
gts area: 4.0446 m2 
yplus max: 4.56164, yplus min: 0.108761 
position of yplus max: -2.4156 0.0499483 0.410568 
yplus prom: 1.46375 
forces: 0.125726 -0.000202 -0.019836 
Drag coefficient: 0.934815 
Lateral coefficient: -0.001502 
Lift coefficient: -0.147489 
torque (ref. CG): 0.000048 (roll) 0.005428 (pitch) 0.000250 (yaw) 
----------------------------------------------------- 
step 68, time 0.051000 
bounding box of vehicle: xmin -2.47489 -0.161925 0.0630997, xmax 2.87843e-07 0.161925 0.5139m 
gts area: 4.0446 m2 
yplus max: 4.57205, yplus min: 0.117985 
position of yplus max: -2.4156 0.0499483 0.410568 
yplus prom: 1.46407 
forces: 0.125887 -0.000201 -0.019895 
Drag coefficient: 0.936009 
Lateral coefficient: -0.001497 
Lift coefficient: -0.147926 
torque (ref. CG): 0.000048 (roll) 0.005393 (pitch) 0.000249 (yaw) 
----------------------------------------------------- 
step 69, time 0.051750 
bounding box of vehicle: xmin -2.47489 -0.161925 0.0630997, xmax 2.87843e-07 0.161925 0.5139m 
gts area: 4.0446 m2 
yplus max: 4.58234, yplus min: 0.039434 
position of yplus max: -2.4156 0.0499483 0.410568 
yplus prom: 1.46435 
forces: 0.126042 -0.000200 -0.019953 
Drag coefficient: 0.937165 
Lateral coefficient: -0.001491 
Lift coefficient: -0.148360 
torque (ref. CG): 0.000048 (roll) 0.005358 (pitch) 0.000248 (yaw) 
----------------------------------------------------- 
step 70, time 0.052500 
bounding box of vehicle: xmin -2.47489 -0.161925 0.0630997, xmax 2.87843e-07 0.161925 0.5139m 
gts area: 4.0446 m2 
yplus max: 4.59251, yplus min: 0.103631 
position of yplus max: -2.4156 0.0499483 0.410568 
yplus prom: 1.4646 
forces: 0.126192 -0.000200 -0.020011 
Drag coefficient: 0.938284 
Lateral coefficient: -0.001484 
Lift coefficient: -0.148790 
torque (ref. CG): 0.000048 (roll) 0.005323 (pitch) 0.000247 (yaw) 
----------------------------------------------------- 
step 71, time 0.053250 
bounding box of vehicle: xmin -2.47489 -0.161925 0.0630997, xmax 2.87843e-07 0.161925 0.5139m 
gts area: 4.0446 m2 
yplus max: 4.60256, yplus min: 0.0815306 
position of yplus max: -2.4156 0.0499483 0.410568 
yplus prom: 1.46481 
forces: 0.126338 -0.000199 -0.020068 
Drag coefficient: 0.939367 
Lateral coefficient: -0.001477 
Lift coefficient: -0.149215 
torque (ref. CG): 0.000047 (roll) 0.005286 (pitch) 0.000246 (yaw) 
----------------------------------------------------- 
step 72, time 0.054000 
bounding box of vehicle: xmin -2.47489 -0.161925 0.0630997, xmax 2.87843e-07 0.161925 0.5139m 
gts area: 4.0446 m2 
yplus max: 4.61249, yplus min: 0.034587 
position of yplus max: -2.4156 0.0499483 0.410568 
yplus prom: 1.46499 
forces: 0.126479 -0.000198 -0.020125 
Drag coefficient: 0.940416 
Lateral coefficient: -0.001469 
Lift coefficient: -0.149636 
torque (ref. CG): 0.000047 (roll) 0.005250 (pitch) 0.000245 (yaw) 
----------------------------------------------------- 
step 73, time 0.054750 
bounding box of vehicle: xmin -2.47489 -0.161925 0.0630997, xmax 2.87843e-07 0.161925 0.5139m 
gts area: 4.0446 m2 
yplus max: 4.62231, yplus min: 0.0694018 
position of yplus max: -2.4156 0.0499483 0.410568 
yplus prom: 1.46515 
forces: 0.126616 -0.000196 -0.020181 
Drag coefficient: 0.941431 
Lateral coefficient: -0.001461 
Lift coefficient: -0.150053 
torque (ref. CG): 0.000047 (roll) 0.005213 (pitch) 0.000243 (yaw) 
----------------------------------------------------- 
step 74, time 0.055500 
bounding box of vehicle: xmin -2.47489 -0.161925 0.0630997, xmax 2.87843e-07 0.161925 0.5139m 
gts area: 4.0446 m2 
yplus max: 4.63201, yplus min: 0.091586 
position of yplus max: -2.4156 0.0499483 0.410568 
yplus prom: 1.46527 
forces: 0.126748 -0.000195 -0.020237 
Drag coefficient: 0.942412 
Lateral coefficient: -0.001452 
Lift coefficient: -0.150466 
torque (ref. CG): 0.000047 (roll) 0.005176 (pitch) 0.000242 (yaw) 
----------------------------------------------------- 
step 75, time 0.056250 
bounding box of vehicle: xmin -2.47489 -0.161925 0.0630997, xmax 2.87843e-07 0.161925 0.5139m 
gts area: 4.0446 m2 
yplus max: 4.64161, yplus min: 0.103691 
position of yplus max: -2.4156 0.0499483 0.410568 
yplus prom: 1.46536 
forces: 0.126875 -0.000194 -0.020292 
Drag coefficient: 0.943361 
Lateral coefficient: -0.001443 
Lift coefficient: -0.150875 
torque (ref. CG): 0.000046 (roll) 0.005138 (pitch) 0.000240 (yaw) 
----------------------------------------------------- 
step 76, time 0.057000 
bounding box of vehicle: xmin -2.47489 -0.161925 0.0630997, xmax 2.87843e-07 0.161925 0.5139m 
gts area: 4.0446 m2 
yplus max: 4.6511, yplus min: 0.0910357 
position of yplus max: -2.4156 0.0499483 0.410568 
yplus prom: 1.46542 
forces: 0.126998 -0.000193 -0.020346 
Drag coefficient: 0.944276 
Lateral coefficient: -0.001432 
Lift coefficient: -0.151281 
torque (ref. CG): 0.000046 (roll) 0.005100 (pitch) 0.000238 (yaw) 
----------------------------------------------------- 
step 77, time 0.057750 
bounding box of vehicle: xmin -2.47489 -0.161925 0.0630997, xmax 2.87843e-07 0.161925 0.5139m 
gts area: 4.0446 m2 
yplus max: 4.6605, yplus min: 0.101768 
position of yplus max: -2.4156 0.0499483 0.410568 
yplus prom: 1.46546 
forces: 0.127117 -0.000191 -0.020400 
Drag coefficient: 0.945158 
Lateral coefficient: -0.001420 
Lift coefficient: -0.151682 
torque (ref. CG): 0.000046 (roll) 0.005061 (pitch) 0.000236 (yaw) 
----------------------------------------------------- 
step 78, time 0.058500 
bounding box of vehicle: xmin -2.47489 -0.161925 0.0630997, xmax 2.87843e-07 0.161925 0.5139m 
gts area: 4.0446 m2 
yplus max: 4.66979, yplus min: 0.120072 
position of yplus max: -2.4156 0.0499483 0.410568 
yplus prom: 1.46547 
forces: 0.127232 -0.000189 -0.020454 
Drag coefficient: 0.946011 
Lateral coefficient: -0.001408 
Lift coefficient: -0.152080 
torque (ref. CG): 0.000045 (roll) 0.005023 (pitch) 0.000234 (yaw) 
----------------------------------------------------- 
step 79, time 0.059250 
bounding box of vehicle: xmin -2.47489 -0.161925 0.0630997, xmax 2.87843e-07 0.161925 0.5139m 
gts area: 4.0446 m2 
yplus max: 4.67898, yplus min: 0.120032 
position of yplus max: -2.4156 0.0499483 0.410568 
yplus prom: 1.46545 
forces: 0.127342 -0.000188 -0.020507 
Drag coefficient: 0.946832 
Lateral coefficient: -0.001395 
Lift coefficient: -0.152475 
torque (ref. CG): 0.000045 (roll) 0.004983 (pitch) 0.000232 (yaw) 
----------------------------------------------------- 
step 80, time 0.060000 
bounding box of vehicle: xmin -2.47489 -0.161925 0.0630997, xmax 2.87843e-07 0.161925 0.5139m 
gts area: 4.0446 m2 
yplus max: 4.68807, yplus min: 0.12313 
position of yplus max: -2.4156 0.0499483 0.410568 
yplus prom: 1.4654 
forces: 0.127449 -0.000186 -0.020559 
Drag coefficient: 0.947626 
Lateral coefficient: -0.001381 
Lift coefficient: -0.152866 
torque (ref. CG): 0.000044 (roll) 0.004944 (pitch) 0.000230 (yaw) 
----------------------------------------------------- 
step 81, time 0.060750 
bounding box of vehicle: xmin -2.47489 -0.161925 0.0630997, xmax 2.87843e-07 0.161925 0.5139m 
gts area: 4.0446 m2 
yplus max: 4.69708, yplus min: 0.108845 
position of yplus max: -2.4156 0.0499483 0.410568 
yplus prom: 1.46533 
forces: 0.127552 -0.000184 -0.020612 
Drag coefficient: 0.948391 
Lateral coefficient: -0.001367 
Lift coefficient: -0.153254 
torque (ref. CG): 0.000044 (roll) 0.004904 (pitch) 0.000227 (yaw) 
----------------------------------------------------- 
step 82, time 0.061500 
bounding box of vehicle: xmin -2.47489 -0.161925 0.0630997, xmax 2.87843e-07 0.161925 0.5139m 
gts area: 4.0446 m2 
yplus max: 4.70598, yplus min: 0.135632 
position of yplus max: -2.4156 0.0499483 0.410568 
yplus prom: 1.46523 
forces: 0.127651 -0.000182 -0.020663 
Drag coefficient: 0.949129 
Lateral coefficient: -0.001354 
Lift coefficient: -0.153637 
torque (ref. CG): 0.000043 (roll) 0.004863 (pitch) 0.000225 (yaw) 
----------------------------------------------------- 
step 83, time 0.062250 
bounding box of vehicle: xmin -2.47489 -0.161925 0.0630997, xmax 2.87843e-07 0.161925 0.5139m 
gts area: 4.0446 m2 
yplus max: 4.7148, yplus min: 0.143408 
position of yplus max: -2.4156 0.0499483 0.410568 
yplus prom: 1.4651 
forces: 0.127747 -0.000179 -0.020715 
Drag coefficient: 0.949844 
Lateral coefficient: -0.001334 
Lift coefficient: -0.154020 
torque (ref. CG): 0.000043 (roll) 0.004823 (pitch) 0.000222 (yaw) 
----------------------------------------------------- 
step 84, time 0.063000 
bounding box of vehicle: xmin -2.47489 -0.161925 0.0630997, xmax 2.87843e-07 0.161925 0.5139m 
gts area: 4.0446 m2 
yplus max: 4.72353, yplus min: 0.150548 
position of yplus max: -2.4156 0.0499483 0.410568 
yplus prom: 1.46495 
forces: 0.127839 -0.000178 -0.020765 
Drag coefficient: 0.950529 
Lateral coefficient: -0.001320 
Lift coefficient: -0.154397 
torque (ref. CG): 0.000042 (roll) 0.004782 (pitch) 0.000220 (yaw) 
----------------------------------------------------- 
step 85, time 0.063750 
bounding box of vehicle: xmin -2.47489 -0.161925 0.0630997, xmax 2.87843e-07 0.161925 0.5139m 
gts area: 4.0446 m2 
yplus max: 4.73218, yplus min: 0.154448 
position of yplus max: -2.4156 0.0499483 0.410568 
yplus prom: 1.46478 
forces: 0.127928 -0.000175 -0.020816 
Drag coefficient: 0.951189 
Lateral coefficient: -0.001304 
Lift coefficient: -0.154772 
torque (ref. CG): 0.000042 (roll) 0.004741 (pitch) 0.000217 (yaw) 
----------------------------------------------------- 
step 86, time 0.064500 
bounding box of vehicle: xmin -2.47489 -0.161925 0.0630997, xmax 2.87843e-07 0.161925 0.5139m 
gts area: 4.0446 m2 
yplus max: 4.74074, yplus min: 0.158753 
position of yplus max: -2.4156 0.0499483 0.410568 
yplus prom: 1.46458 
forces: 0.128014 -0.000173 -0.020866 
Drag coefficient: 0.951824 
Lateral coefficient: -0.001288 
Lift coefficient: -0.155144 
torque (ref. CG): 0.000041 (roll) 0.004699 (pitch) 0.000214 (yaw) 
----------------------------------------------------- 
step 87, time 0.065250 
bounding box of vehicle: xmin -2.47489 -0.161925 0.0630997, xmax 2.87843e-07 0.161925 0.5139m 
gts area: 4.0446 m2 
yplus max: 4.74921, yplus min: 0.142696 
position of yplus max: -2.4156 0.0499483 0.410568 
yplus prom: 1.46437 
forces: 0.128096 -0.000171 -0.020915 
Drag coefficient: 0.952434 
Lateral coefficient: -0.001272 
Lift coefficient: -0.155513 
torque (ref. CG): 0.000041 (roll) 0.004657 (pitch) 0.000212 (yaw) 
----------------------------------------------------- 
step 88, time 0.066000 
bounding box of vehicle: xmin -2.47489 -0.161925 0.0630997, xmax 2.87843e-07 0.161925 0.5139m 
gts area: 4.0446 m2 
yplus max: 4.75761, yplus min: 0.129001 
position of yplus max: -2.4156 0.0499483 0.410568 
yplus prom: 1.46413 
forces: 0.128174 -0.000169 -0.020965 
Drag coefficient: 0.953018 
Lateral coefficient: -0.001255 
Lift coefficient: -0.155879 
torque (ref. CG): 0.000040 (roll) 0.004615 (pitch) 0.000209 (yaw) 
----------------------------------------------------- 
step 89, time 0.066750 
bounding box of vehicle: xmin -2.47489 -0.161925 0.0630997, xmax 2.87843e-07 0.161925 0.5139m 
gts area: 4.0446 m2 
yplus max: 4.76592, yplus min: 0.12168 
position of yplus max: -2.4156 0.0499483 0.410568 
yplus prom: 1.46387 
forces: 0.128249 -0.000167 -0.021013 
Drag coefficient: 0.953577 
Lateral coefficient: -0.001240 
Lift coefficient: -0.156241 
torque (ref. CG): 0.000040 (roll) 0.004573 (pitch) 0.000206 (yaw) 
----------------------------------------------------- 
step 90, time 0.067500 
bounding box of vehicle: xmin -2.47489 -0.161925 0.0630997, xmax 2.87843e-07 0.161925 0.5139m 
gts area: 4.0446 m2 
yplus max: 4.77415, yplus min: 0.111848 
position of yplus max: -2.4156 0.0499483 0.410568 
yplus prom: 1.46359 
forces: 0.128322 -0.000165 -0.021061 
Drag coefficient: 0.954116 
Lateral coefficient: -0.001224 
Lift coefficient: -0.156598 
torque (ref. CG): 0.000039 (roll) 0.004531 (pitch) 0.000204 (yaw) 
----------------------------------------------------- 
step 91, time 0.068250 
bounding box of vehicle: xmin -2.47489 -0.161925 0.0630997, xmax 2.87843e-07 0.161925 0.5139m 
gts area: 4.0446 m2 
yplus max: 4.78231, yplus min: 0.0495081 
position of yplus max: -2.4156 0.0499483 0.410568 
yplus prom: 1.46329 
forces: 0.128391 -0.000162 -0.021110 
Drag coefficient: 0.954633 
Lateral coefficient: -0.001204 
Lift coefficient: -0.156961 
torque (ref. CG): 0.000039 (roll) 0.004487 (pitch) 0.000200 (yaw) 
----------------------------------------------------- 
step 92, time 0.069000 
bounding box of vehicle: xmin -2.47489 -0.161925 0.0630997, xmax 2.87843e-07 0.161925 0.5139m 
gts area: 4.0446 m2 
yplus max: 4.79039, yplus min: 0.114566 
position of yplus max: -2.4156 0.0499483 0.410568 
yplus prom: 1.46298 
forces: 0.128458 -0.000160 -0.021157 
Drag coefficient: 0.955128 
Lateral coefficient: -0.001190 
Lift coefficient: -0.157312 
torque (ref. CG): 0.000038 (roll) 0.004444 (pitch) 0.000198 (yaw) 
----------------------------------------------------- 
step 93, time 0.069750 
bounding box of vehicle: xmin -2.47489 -0.161925 0.0630997, xmax 2.87843e-07 0.161925 0.5139m 
gts area: 4.0446 m2 
yplus max: 4.79839, yplus min: 0.158745 
position of yplus max: -2.4156 0.0499483 0.410568 
yplus prom: 1.46265 
forces: 0.128521 -0.000158 -0.021204 
Drag coefficient: 0.955599 
Lateral coefficient: -0.001175 
Lift coefficient: -0.157661 
torque (ref. CG): 0.000038 (roll) 0.004401 (pitch) 0.000196 (yaw) 
----------------------------------------------------- 
step 94, time 0.070500 
bounding box of vehicle: xmin -2.47489 -0.161925 0.0630997, xmax 2.87843e-07 0.161925 0.5139m 
gts area: 4.0446 m2 
yplus max: 4.80632, yplus min: 0.17506 
position of yplus max: -2.4156 0.0499483 0.410568 
yplus prom: 1.4623 
forces: 0.128582 -0.000156 -0.021251 
Drag coefficient: 0.956051 
Lateral coefficient: -0.001159 
Lift coefficient: -0.158008 
torque (ref. CG): 0.000037 (roll) 0.004358 (pitch) 0.000193 (yaw) 
----------------------------------------------------- 
step 95, time 0.071250 
bounding box of vehicle: xmin -2.47489 -0.161925 0.0630997, xmax 2.87843e-07 0.161925 0.5139m 
gts area: 4.0446 m2 
yplus max: 4.81418, yplus min: 0.188271 
position of yplus max: -2.4156 0.0499483 0.410568 
yplus prom: 1.46193 
forces: 0.128640 -0.000154 -0.021297 
Drag coefficient: 0.956482 
Lateral coefficient: -0.001142 
Lift coefficient: -0.158352 
torque (ref. CG): 0.000037 (roll) 0.004315 (pitch) 0.000190 (yaw) 
----------------------------------------------------- 
step 96, time 0.072000 
bounding box of vehicle: xmin -2.47489 -0.161925 0.0630997, xmax 2.87843e-07 0.161925 0.5139m 
gts area: 4.0446 m2 
yplus max: 4.82196, yplus min: 0.172348 
position of yplus max: -2.4156 0.0499483 0.410568 
yplus prom: 1.46155 
forces: 0.128695 -0.000151 -0.021343 
Drag coefficient: 0.956892 
Lateral coefficient: -0.001125 
Lift coefficient: -0.158694 
torque (ref. CG): 0.000036 (roll) 0.004271 (pitch) 0.000187 (yaw) 
----------------------------------------------------- 
step 97, time 0.072750 
bounding box of vehicle: xmin -2.47489 -0.161925 0.0630997, xmax 2.87843e-07 0.161925 0.5139m 
gts area: 4.0446 m2 
yplus max: 4.82968, yplus min: 0.138404 
position of yplus max: -2.4156 0.0499483 0.410568 
yplus prom: 1.46115 
forces: 0.128748 -0.000149 -0.021389 
Drag coefficient: 0.957283 
Lateral coefficient: -0.001108 
Lift coefficient: -0.159033 
torque (ref. CG): 0.000036 (roll) 0.004227 (pitch) 0.000184 (yaw) 
----------------------------------------------------- 
step 98, time 0.073500 
bounding box of vehicle: xmin -2.47489 -0.161925 0.0630997, xmax 2.87843e-07 0.161925 0.5139m 
gts area: 4.0446 m2 
yplus max: 4.83732, yplus min: 0.104822 
position of yplus max: -2.4156 0.0499483 0.410568 
yplus prom: 1.46074 
forces: 0.128797 -0.000147 -0.021434 
Drag coefficient: 0.957652 
Lateral coefficient: -0.001091 
Lift coefficient: -0.159370 
torque (ref. CG): 0.000035 (roll) 0.004183 (pitch) 0.000181 (yaw) 
----------------------------------------------------- 
step 99, time 0.074250 
bounding box of vehicle: xmin -2.47489 -0.161925 0.0630997, xmax 2.87843e-07 0.161925 0.5139m 
gts area: 4.0446 m2 
yplus max: 4.84489, yplus min: 0.110366 
position of yplus max: -2.4156 0.0499483 0.410568 
yplus prom: 1.46031 
forces: 0.128844 -0.000144 -0.021479 
Drag coefficient: 0.958002 
Lateral coefficient: -0.001074 
Lift coefficient: -0.159703 
torque (ref. CG): 0.000034 (roll) 0.004139 (pitch) 0.000179 (yaw) 
----------------------------------------------------- 
step 100, time 0.075000 
bounding box of vehicle: xmin -2.47489 -0.161925 0.0630997, xmax 2.87843e-07 0.161925 0.5139m 
gts area: 4.0446 m2 
yplus max: 4.8524, yplus min: 0.0995766 
position of yplus max: -2.4156 0.0499483 0.410568 
yplus prom: 1.45987 
forces: 0.128890 -0.000142 -0.021524 
Drag coefficient: 0.958337 
Lateral coefficient: -0.001059 
Lift coefficient: -0.160035 
torque (ref. CG): 0.000034 (roll) 0.004094 (pitch) 0.000176 (yaw) 
----------------------------------------------------- 
step 101, time 0.075750 
bounding box of vehicle: xmin -2.47489 -0.161925 0.0630997, xmax 2.87843e-07 0.161925 0.5139m 
gts area: 4.0446 m2 
yplus max: 4.85984, yplus min: 0.126434 
position of yplus max: -2.4156 0.0499483 0.410568 
yplus prom: 1.45942 
forces: 0.128932 -0.000140 -0.021568 
Drag coefficient: 0.958650 
Lateral coefficient: -0.001043 
Lift coefficient: -0.160364 
torque (ref. CG): 0.000033 (roll) 0.004049 (pitch) 0.000174 (yaw) 
----------------------------------------------------- 
step 102, time 0.076500 
bounding box of vehicle: xmin -2.47489 -0.161925 0.0630997, xmax 2.87843e-07 0.161925 0.5139m 
gts area: 4.0446 m2 
yplus max: 4.86721, yplus min: 0.124471 
position of yplus max: -2.4156 0.0499483 0.410568 
yplus prom: 1.45896 
forces: 0.128971 -0.000138 -0.021612 
Drag coefficient: 0.958946 
Lateral coefficient: -0.001028 
Lift coefficient: -0.160690 
torque (ref. CG): 0.000033 (roll) 0.004005 (pitch) 0.000171 (yaw) 
----------------------------------------------------- 
step 103, time 0.077250 
bounding box of vehicle: xmin -2.47489 -0.161925 0.0630997, xmax 2.87843e-07 0.161925 0.5139m 
gts area: 4.0446 m2 
yplus max: 4.87452, yplus min: 0.112451 
position of yplus max: -2.4156 0.0499483 0.410568 
yplus prom: 1.45848 
forces: 0.129009 -0.000136 -0.021655 
Drag coefficient: 0.959226 
Lateral coefficient: -0.001013 
Lift coefficient: -0.161015 
torque (ref. CG): 0.000032 (roll) 0.003959 (pitch) 0.000169 (yaw) 
----------------------------------------------------- 
step 104, time 0.078000 
bounding box of vehicle: xmin -2.47489 -0.161925 0.0630997, xmax 2.87843e-07 0.161925 0.5139m 
gts area: 4.0446 m2 
yplus max: 4.88176, yplus min: 0.0999927 
position of yplus max: -2.4156 0.0499483 0.410568 
yplus prom: 1.45799 
forces: 0.129045 -0.000134 -0.021699 
Drag coefficient: 0.959490 
Lateral coefficient: -0.000998 
Lift coefficient: -0.161337 
torque (ref. CG): 0.000032 (roll) 0.003914 (pitch) 0.000166 (yaw) 
----------------------------------------------------- 
step 105, time 0.078750 
bounding box of vehicle: xmin -2.47489 -0.161925 0.0630997, xmax 2.87843e-07 0.161925 0.5139m 
gts area: 4.0446 m2 
yplus max: 4.88893, yplus min: 0.0937228 
position of yplus max: -2.4156 0.0499483 0.410568 
yplus prom: 1.45749 
forces: 0.129078 -0.000132 -0.021742 
Drag coefficient: 0.959739 
Lateral coefficient: -0.000982 
Lift coefficient: -0.161658 
torque (ref. CG): 0.000031 (roll) 0.003869 (pitch) 0.000163 (yaw) 
----------------------------------------------------- 
step 106, time 0.079500 
bounding box of vehicle: xmin -2.47489 -0.161925 0.0630997, xmax 2.87843e-07 0.161925 0.5139m 
gts area: 4.0446 m2 
yplus max: 4.89605, yplus min: 0.082526 
position of yplus max: -2.4156 0.0499483 0.410568 
yplus prom: 1.45697 
forces: 0.129109 -0.000130 -0.021785 
Drag coefficient: 0.959972 
Lateral coefficient: -0.000966 
Lift coefficient: -0.161976 
torque (ref. CG): 0.000031 (roll) 0.003823 (pitch) 0.000161 (yaw) 
----------------------------------------------------- 
step 107, time 0.080250 
bounding box of vehicle: xmin -2.47489 -0.161925 0.0630997, xmax 2.87843e-07 0.161925 0.5139m 
gts area: 4.0446 m2 
yplus max: 4.9031, yplus min: 0.0707703 
position of yplus max: -2.4156 0.0499483 0.410568 
yplus prom: 1.45645 
forces: 0.129138 -0.000128 -0.021827 
Drag coefficient: 0.960188 
Lateral coefficient: -0.000949 
Lift coefficient: -0.162293 
torque (ref. CG): 0.000030 (roll) 0.003777 (pitch) 0.000158 (yaw) 
----------------------------------------------------- 
step 108, time 0.081000 
bounding box of vehicle: xmin -2.47489 -0.161925 0.0630997, xmax 2.87843e-07 0.161925 0.5139m 
gts area: 4.0446 m2 
yplus max: 4.91009, yplus min: 0.0589251 
position of yplus max: -2.4156 0.0499483 0.410568 
yplus prom: 1.45591 
forces: 0.129165 -0.000125 -0.021870 
Drag coefficient: 0.960389 
Lateral coefficient: -0.000933 
Lift coefficient: -0.162608 
torque (ref. CG): 0.000030 (roll) 0.003732 (pitch) 0.000155 (yaw) 
----------------------------------------------------- 
step 109, time 0.081750 
bounding box of vehicle: xmin -2.47489 -0.161925 0.0630997, xmax 2.87843e-07 0.161925 0.5139m 
gts area: 4.0446 m2 
yplus max: 4.91701, yplus min: 0.0498875 
position of yplus max: -2.4156 0.0499483 0.410568 
yplus prom: 1.45537 
forces: 0.129190 -0.000123 -0.021912 
Drag coefficient: 0.960574 
Lateral coefficient: -0.000916 
Lift coefficient: -0.162921 
torque (ref. CG): 0.000029 (roll) 0.003685 (pitch) 0.000152 (yaw) 
----------------------------------------------------- 
step 110, time 0.082500 
bounding box of vehicle: xmin -2.47489 -0.161925 0.0630997, xmax 2.87843e-07 0.161925 0.5139m 
gts area: 4.0446 m2 
yplus max: 4.92388, yplus min: 0.0504717 
position of yplus max: -2.4156 0.0499483 0.410568 
yplus prom: 1.45482 
forces: 0.129213 -0.000121 -0.021953 
Drag coefficient: 0.960745 
Lateral coefficient: -0.000899 
Lift coefficient: -0.163231 
torque (ref. CG): 0.000029 (roll) 0.003639 (pitch) 0.000150 (yaw) 
----------------------------------------------------- 
step 111, time 0.083250 
bounding box of vehicle: xmin -2.47489 -0.161925 0.0630997, xmax 2.87843e-07 0.161925 0.5139m 
gts area: 4.0446 m2 
yplus max: 4.93068, yplus min: 0.058883 
position of yplus max: -2.4156 0.0499483 0.410568 
yplus prom: 1.45425 
forces: 0.129234 -0.000119 -0.021995 
Drag coefficient: 0.960900 
Lateral coefficient: -0.000882 
Lift coefficient: -0.163541 
torque (ref. CG): 0.000028 (roll) 0.003593 (pitch) 0.000147 (yaw) 
----------------------------------------------------- 
step 112, time 0.084000 
bounding box of vehicle: xmin -2.47489 -0.161925 0.0630997, xmax 2.87843e-07 0.161925 0.5139m 
gts area: 4.0446 m2 
yplus max: 4.93743, yplus min: 0.0684503 
position of yplus max: -2.4156 0.0499483 0.410568 
yplus prom: 1.45368 
forces: 0.129253 -0.000116 -0.022036 
Drag coefficient: 0.961042 
Lateral coefficient: -0.000865 
Lift coefficient: -0.163847 
torque (ref. CG): 0.000028 (roll) 0.003546 (pitch) 0.000144 (yaw) 
----------------------------------------------------- 
step 113, time 0.084750 
bounding box of vehicle: xmin -2.47489 -0.161925 0.0630997, xmax 2.87843e-07 0.161925 0.5139m 
gts area: 4.0446 m2 
yplus max: 4.94411, yplus min: 0.0772011 
position of yplus max: -2.4156 0.0499483 0.410568 
yplus prom: 1.45311 
forces: 0.129270 -0.000114 -0.022077 
Drag coefficient: 0.961169 
Lateral coefficient: -0.000848 
Lift coefficient: -0.164153 
torque (ref. CG): 0.000027 (roll) 0.003499 (pitch) 0.000141 (yaw) 
----------------------------------------------------- 
step 114, time 0.085500 
bounding box of vehicle: xmin -2.47489 -0.161925 0.0630997, xmax 2.87843e-07 0.161925 0.5139m 
gts area: 4.0446 m2 
yplus max: 4.95074, yplus min: 0.0849334 
position of yplus max: -2.4156 0.0499483 0.410568 
yplus prom: 1.45252 
forces: 0.129286 -0.000112 -0.022118 
Drag coefficient: 0.961283 
Lateral coefficient: -0.000832 
Lift coefficient: -0.164456 
torque (ref. CG): 0.000027 (roll) 0.003453 (pitch) 0.000138 (yaw) 
----------------------------------------------------- 
step 115, time 0.086250 
bounding box of vehicle: xmin -2.47489 -0.161925 0.0630997, xmax 2.87843e-07 0.161925 0.5139m 
gts area: 4.0446 m2 
yplus max: 4.9573, yplus min: 0.091755 
position of yplus max: -2.4156 0.0499483 0.410568 
yplus prom: 1.45192 
forces: 0.129299 -0.000110 -0.022158 
Drag coefficient: 0.961382 
Lateral coefficient: -0.000817 
Lift coefficient: -0.164755 
torque (ref. CG): 0.000026 (roll) 0.003406 (pitch) 0.000136 (yaw) 
----------------------------------------------------- 
step 116, time 0.087000 
bounding box of vehicle: xmin -2.47489 -0.161925 0.0630997, xmax 2.87843e-07 0.161925 0.5139m 
gts area: 4.0446 m2 
yplus max: 4.96381, yplus min: 0.0978025 
position of yplus max: -2.4156 0.0499483 0.410568 
yplus prom: 1.45131 
forces: 0.129310 -0.000107 -0.022199 
Drag coefficient: 0.961467 
Lateral coefficient: -0.000799 
Lift coefficient: -0.165058 
torque (ref. CG): 0.000026 (roll) 0.003358 (pitch) 0.000133 (yaw) 
----------------------------------------------------- 
step 117, time 0.087750 
bounding box of vehicle: xmin -2.47489 -0.161925 0.0630997, xmax 2.87843e-07 0.161925 0.5139m 
gts area: 4.0446 m2 
yplus max: 4.97027, yplus min: 0.0982974 
position of yplus max: -2.4156 0.0499483 0.410568 
yplus prom: 1.4507 
forces: 0.129320 -0.000105 -0.022240 
Drag coefficient: 0.961537 
Lateral coefficient: -0.000779 
Lift coefficient: -0.165365 
torque (ref. CG): 0.000025 (roll) 0.003310 (pitch) 0.000130 (yaw) 
----------------------------------------------------- 
step 118, time 0.088500 
bounding box of vehicle: xmin -2.47489 -0.161925 0.0630997, xmax 2.87843e-07 0.161925 0.5139m 
gts area: 4.0446 m2 
yplus max: 4.97666, yplus min: 0.0473882 
position of yplus max: -2.4156 0.0499483 0.410568 
yplus prom: 1.45008 
forces: 0.129329 -0.000103 -0.022278 
Drag coefficient: 0.961604 
Lateral coefficient: -0.000769 
Lift coefficient: -0.165645 
torque (ref. CG): 0.000025 (roll) 0.003265 (pitch) 0.000128 (yaw) 
----------------------------------------------------- 
step 119, time 0.089250 
bounding box of vehicle: xmin -2.47489 -0.161925 0.0630997, xmax 2.87843e-07 0.161925 0.5139m 
gts area: 4.0446 m2 
yplus max: 4.983, yplus min: 0.0919938 
position of yplus max: -2.4156 0.0499483 0.410568 
yplus prom: 1.44946 
forces: 0.129335 -0.000101 -0.022319 
Drag coefficient: 0.961649 
Lateral coefficient: -0.000748 
Lift coefficient: -0.165952 
torque (ref. CG): 0.000024 (roll) 0.003216 (pitch) 0.000124 (yaw) 
----------------------------------------------------- 
step 120, time 0.090000 
bounding box of vehicle: xmin -2.47489 -0.161925 0.0630997, xmax 2.87843e-07 0.161925 0.5139m 
gts area: 4.0446 m2 
yplus max: 4.98928, yplus min: 0.116242 
position of yplus max: -2.4156 0.0499483 0.410568 
yplus prom: 1.44883 
forces: 0.129339 -0.000099 -0.022358 
Drag coefficient: 0.961679 
Lateral coefficient: -0.000734 
Lift coefficient: -0.166241 
torque (ref. CG): 0.000024 (roll) 0.003168 (pitch) 0.000122 (yaw) 
----------------------------------------------------- 
step 121, time 0.090750 
bounding box of vehicle: xmin -2.47489 -0.161925 0.0630997, xmax 2.87843e-07 0.161925 0.5139m 
gts area: 4.0446 m2 
yplus max: 4.99551, yplus min: 0.119754 
position of yplus max: -2.4156 0.0499483 0.410568 
yplus prom: 1.44819 
forces: 0.129342 -0.000097 -0.022397 
Drag coefficient: 0.961701 
Lateral coefficient: -0.000721 
Lift coefficient: -0.166529 
torque (ref. CG): 0.000023 (roll) 0.003121 (pitch) 0.000120 (yaw) 
----------------------------------------------------- 
step 122, time 0.091500 
bounding box of vehicle: xmin -2.47489 -0.161925 0.0630997, xmax 2.87843e-07 0.161925 0.5139m 
gts area: 4.0446 m2 
yplus max: 5.00167, yplus min: 0.122922 
position of yplus max: -2.4156 0.0499483 0.410568 
yplus prom: 1.44755 
forces: 0.129343 -0.000095 -0.022436 
Drag coefficient: 0.961712 
Lateral coefficient: -0.000704 
Lift coefficient: -0.166822 
torque (ref. CG): 0.000023 (roll) 0.003073 (pitch) 0.000117 (yaw) 
----------------------------------------------------- 
step 123, time 0.092250 
bounding box of vehicle: xmin -2.47489 -0.161925 0.0630997, xmax 2.87843e-07 0.161925 0.5139m 
gts area: 4.0446 m2 
yplus max: 5.00778, yplus min: 0.125779 
position of yplus max: -2.4156 0.0499483 0.410568 
yplus prom: 1.4469 
forces: 0.129343 -0.000093 -0.022475 
Drag coefficient: 0.961712 
Lateral coefficient: -0.000688 
Lift coefficient: -0.167111 
torque (ref. CG): 0.000022 (roll) 0.003025 (pitch) 0.000115 (yaw) 
----------------------------------------------------- 
step 124, time 0.093000 
bounding box of vehicle: xmin -2.47489 -0.161925 0.0630997, xmax 2.87843e-07 0.161925 0.5139m 
gts area: 4.0446 m2 
yplus max: 5.01382, yplus min: 0.11291 
position of yplus max: -2.4156 0.0499483 0.410568 
yplus prom: 1.44624 
forces: 0.129342 -0.000090 -0.022514 
Drag coefficient: 0.961700 
Lateral coefficient: -0.000673 
Lift coefficient: -0.167398 
torque (ref. CG): 0.000022 (roll) 0.002976 (pitch) 0.000112 (yaw) 
----------------------------------------------------- 
step 125, time 0.093750 
bounding box of vehicle: xmin -2.47489 -0.161925 0.0630997, xmax 2.87843e-07 0.161925 0.5139m 
gts area: 4.0446 m2 
yplus max: 5.01979, yplus min: 0.0963126 
position of yplus max: -2.4156 0.0499483 0.410568 
yplus prom: 1.44558 
forces: 0.129338 -0.000088 -0.022553 
Drag coefficient: 0.961675 
Lateral coefficient: -0.000657 
Lift coefficient: -0.167691 
torque (ref. CG): 0.000021 (roll) 0.002927 (pitch) 0.000109 (yaw) 
----------------------------------------------------- 
step 126, time 0.094500 
bounding box of vehicle: xmin -2.47489 -0.161925 0.0630997, xmax 2.87843e-07 0.161925 0.5139m 
gts area: 4.0446 m2 
yplus max: 5.02571, yplus min: 0.0872477 
position of yplus max: -2.4156 0.0499483 0.410568 
yplus prom: 1.44491 
forces: 0.129335 -0.000087 -0.022590 
Drag coefficient: 0.961648 
Lateral coefficient: -0.000646 
Lift coefficient: -0.167962 
torque (ref. CG): 0.000021 (roll) 0.002881 (pitch) 0.000108 (yaw) 
----------------------------------------------------- 
step 127, time 0.095250 
bounding box of vehicle: xmin -2.47489 -0.161925 0.0630997, xmax 2.87843e-07 0.161925 0.5139m 
gts area: 4.0446 m2 
yplus max: 5.03157, yplus min: 0.0756683 
position of yplus max: -2.4156 0.0499483 0.410568 
yplus prom: 1.44424 
forces: 0.129329 -0.000085 -0.022629 
Drag coefficient: 0.961603 
Lateral coefficient: -0.000631 
Lift coefficient: -0.168251 
torque (ref. CG): 0.000020 (roll) 0.002831 (pitch) 0.000105 (yaw) 
----------------------------------------------------- 
step 128, time 0.096000 
bounding box of vehicle: xmin -2.47489 -0.161925 0.0630997, xmax 2.87843e-07 0.161925 0.5139m 
gts area: 4.0446 m2 
yplus max: 5.03736, yplus min: 0.114554 
position of yplus max: -2.4156 0.0499483 0.410568 
yplus prom: 1.44357 
forces: 0.129322 -0.000083 -0.022666 
Drag coefficient: 0.961550 
Lateral coefficient: -0.000617 
Lift coefficient: -0.168532 
torque (ref. CG): 0.000020 (roll) 0.002783 (pitch) 0.000103 (yaw) 
----------------------------------------------------- 
step 129, time 0.096750 
bounding box of vehicle: xmin -2.47489 -0.161925 0.0630997, xmax 2.87843e-07 0.161925 0.5139m 
gts area: 4.0446 m2 
yplus max: 5.0431, yplus min: 0.137702 
position of yplus max: -2.4156 0.0499483 0.410568 
yplus prom: 1.44289 
forces: 0.129313 -0.000081 -0.022704 
Drag coefficient: 0.961487 
Lateral coefficient: -0.000603 
Lift coefficient: -0.168812 
torque (ref. CG): 0.000019 (roll) 0.002734 (pitch) 0.000100 (yaw) 
----------------------------------------------------- 
step 130, time 0.097500 
bounding box of vehicle: xmin -2.47489 -0.161925 0.0630997, xmax 2.87843e-07 0.161925 0.5139m 
gts area: 4.0446 m2 
yplus max: 5.04878, yplus min: 0.126764 
position of yplus max: -2.4156 0.0499483 0.410568 
yplus prom: 1.44221 
forces: 0.129304 -0.000079 -0.022741 
Drag coefficient: 0.961416 
Lateral coefficient: -0.000590 
Lift coefficient: -0.169090 
torque (ref. CG): 0.000019 (roll) 0.002686 (pitch) 0.000098 (yaw) 
----------------------------------------------------- 
step 131, time 0.098250 
bounding box of vehicle: xmin -2.47489 -0.161925 0.0630997, xmax 2.87843e-07 0.161925 0.5139m 
gts area: 4.0446 m2 
yplus max: 5.0544, yplus min: 0.102151 
position of yplus max: -2.4156 0.0499483 0.410568 
yplus prom: 1.44152 
forces: 0.129293 -0.000078 -0.022779 
Drag coefficient: 0.961335 
Lateral coefficient: -0.000577 
Lift coefficient: -0.169367 
torque (ref. CG): 0.000018 (roll) 0.002637 (pitch) 0.000096 (yaw) 
----------------------------------------------------- 
step 132, time 0.099000 
bounding box of vehicle: xmin -2.47489 -0.161925 0.0630997, xmax 2.87843e-07 0.161925 0.5139m 
gts area: 4.0446 m2 
yplus max: 5.05996, yplus min: 0.105201 
position of yplus max: -2.4156 0.0499483 0.410568 
yplus prom: 1.44083 
forces: 0.129281 -0.000075 -0.022816 
Drag coefficient: 0.961245 
Lateral coefficient: -0.000561 
Lift coefficient: -0.169646 
torque (ref. CG): 0.000018 (roll) 0.002588 (pitch) 0.000093 (yaw) 
----------------------------------------------------- 
step 133, time 0.099750 
bounding box of vehicle: xmin -2.47489 -0.161925 0.0630997, xmax 2.87843e-07 0.161925 0.5139m 
gts area: 4.0446 m2 
yplus max: 5.06546, yplus min: 0.131724 
position of yplus max: -2.4156 0.0499483 0.410568 
yplus prom: 1.44013 
forces: 0.129267 -0.000074 -0.022852 
Drag coefficient: 0.961147 
Lateral coefficient: -0.000553 
Lift coefficient: -0.169913 
torque (ref. CG): 0.000018 (roll) 0.002540 (pitch) 0.000092 (yaw) 
----------------------------------------------------- 
step 134, time 0.100500 
bounding box of vehicle: xmin -2.47489 -0.161925 0.0630997, xmax 2.87843e-07 0.161925 0.5139m 
gts area: 4.0446 m2 
yplus max: 5.07091, yplus min: 0.142546 
position of yplus max: -2.4156 0.0499483 0.410568 
yplus prom: 1.43944 
forces: 0.129253 -0.000072 -0.022890 
Drag coefficient: 0.961040 
Lateral coefficient: -0.000537 
Lift coefficient: -0.170192 
torque (ref. CG): 0.000017 (roll) 0.002490 (pitch) 0.000089 (yaw) 
----------------------------------------------------- 
step 135, time 0.101250 
bounding box of vehicle: xmin -2.47489 -0.161925 0.0630997, xmax 2.87843e-07 0.161925 0.5139m 
gts area: 4.0446 m2 
yplus max: 5.0763, yplus min: 0.143093 
position of yplus max: -2.4156 0.0499483 0.410568 
yplus prom: 1.43874 
forces: 0.129237 -0.000071 -0.022926 
Drag coefficient: 0.960925 
Lateral coefficient: -0.000526 
Lift coefficient: -0.170461 
torque (ref. CG): 0.000017 (roll) 0.002442 (pitch) 0.000087 (yaw) 
----------------------------------------------------- 
step 136, time 0.102000 
bounding box of vehicle: xmin -2.47489 -0.161925 0.0630997, xmax 2.87843e-07 0.161925 0.5139m 
gts area: 4.0446 m2 
yplus max: 5.08163, yplus min: 0.143519 
position of yplus max: -2.4156 0.0499483 0.410568 
yplus prom: 1.43803 
forces: 0.129221 -0.000069 -0.022962 
Drag coefficient: 0.960799 
Lateral coefficient: -0.000513 
Lift coefficient: -0.170731 
torque (ref. CG): 0.000016 (roll) 0.002393 (pitch) 0.000085 (yaw) 
----------------------------------------------------- 
step 137, time 0.102750 
bounding box of vehicle: xmin -2.47489 -0.161925 0.0630997, xmax 2.87843e-07 0.161925 0.5139m 
gts area: 4.0446 m2 
yplus max: 5.08691, yplus min: 0.143104 
position of yplus max: -2.4156 0.0499483 0.410568 
yplus prom: 1.43732 
forces: 0.129203 -0.000067 -0.022998 
Drag coefficient: 0.960666 
Lateral coefficient: -0.000501 
Lift coefficient: -0.170999 
torque (ref. CG): 0.000016 (roll) 0.002344 (pitch) 0.000083 (yaw) 
----------------------------------------------------- 
step 138, time 0.103500 
bounding box of vehicle: xmin -2.47489 -0.161925 0.0630997, xmax 2.87843e-07 0.161925 0.5139m 
gts area: 4.0446 m2 
yplus max: 5.09213, yplus min: 0.136654 
position of yplus max: -2.4156 0.0499483 0.410568 
yplus prom: 1.43662 
forces: 0.129184 -0.000066 -0.023034 
Drag coefficient: 0.960524 
Lateral coefficient: -0.000490 
Lift coefficient: -0.171267 
torque (ref. CG): 0.000016 (roll) 0.002295 (pitch) 0.000082 (yaw) 
----------------------------------------------------- 
step 139, time 0.104250 
bounding box of vehicle: xmin -2.47489 -0.161925 0.0630997, xmax 2.87843e-07 0.161925 0.5139m 
gts area: 4.0446 m2 
yplus max: 5.0973, yplus min: 0.143428 
position of yplus max: -2.4156 0.0499483 0.410568 
yplus prom: 1.4359 
forces: 0.129163 -0.000064 -0.023070 
Drag coefficient: 0.960374 
Lateral coefficient: -0.000477 
Lift coefficient: -0.171533 
torque (ref. CG): 0.000015 (roll) 0.002246 (pitch) 0.000079 (yaw) 
----------------------------------------------------- 
step 140, time 0.105000 
bounding box of vehicle: xmin -2.47489 -0.161925 0.0630997, xmax 2.87843e-07 0.161925 0.5139m 
gts area: 4.0446 m2 
yplus max: 5.10241, yplus min: 0.144144 
position of yplus max: -2.4156 0.0499483 0.410568 
yplus prom: 1.43519 
forces: 0.129142 -0.000063 -0.023105 
Drag coefficient: 0.960217 
Lateral coefficient: -0.000466 
Lift coefficient: -0.171797 
torque (ref. CG): 0.000015 (roll) 0.002197 (pitch) 0.000078 (yaw) 
----------------------------------------------------- 
step 141, time 0.105750 
bounding box of vehicle: xmin -2.47489 -0.161925 0.0630997, xmax 2.87843e-07 0.161925 0.5139m 
gts area: 4.0446 m2 
yplus max: 5.10746, yplus min: 0.14406 
position of yplus max: -2.4156 0.0499483 0.410568 
yplus prom: 1.43448 
forces: 0.129120 -0.000061 -0.023141 
Drag coefficient: 0.960050 
Lateral coefficient: -0.000456 
Lift coefficient: -0.172060 
torque (ref. CG): 0.000015 (roll) 0.002148 (pitch) 0.000076 (yaw) 
----------------------------------------------------- 
step 142, time 0.106500 
bounding box of vehicle: xmin -2.47489 -0.161925 0.0630997, xmax 2.87843e-07 0.161925 0.5139m 
gts area: 4.0446 m2 
yplus max: 5.11247, yplus min: 0.14389 
position of yplus max: -2.4156 0.0499483 0.410568 
yplus prom: 1.43376 
forces: 0.129100 -0.000060 -0.023174 
Drag coefficient: 0.959904 
Lateral coefficient: -0.000447 
Lift coefficient: -0.172310 
torque (ref. CG): 0.000014 (roll) 0.002101 (pitch) 0.000074 (yaw) 
----------------------------------------------------- 
step 143, time 0.107250 
bounding box of vehicle: xmin -2.47489 -0.161925 0.0630997, xmax 2.87843e-07 0.161925 0.5139m 
gts area: 4.0446 m2 
yplus max: 5.11741, yplus min: 0.143637 
position of yplus max: -2.4156 0.0499483 0.410568 
yplus prom: 1.43305 
forces: 0.129070 -0.000057 -0.023213 
Drag coefficient: 0.959681 
Lateral coefficient: -0.000423 
Lift coefficient: -0.172598 
torque (ref. CG): 0.000014 (roll) 0.002046 (pitch) 0.000070 (yaw) 
----------------------------------------------------- 
step 144, time 0.108000 
bounding box of vehicle: xmin -2.47489 -0.161925 0.0630997, xmax 2.87843e-07 0.161925 0.5139m 
gts area: 4.0446 m2 
yplus max: 5.12231, yplus min: 0.143309 
position of yplus max: -2.4156 0.0499483 0.410568 
yplus prom: 1.43233 
forces: 0.129049 -0.000057 -0.023244 
Drag coefficient: 0.959525 
Lateral coefficient: -0.000426 
Lift coefficient: -0.172829 
torque (ref. CG): 0.000014 (roll) 0.002003 (pitch) 0.000071 (yaw) 
----------------------------------------------------- 
step 145, time 0.108750 
bounding box of vehicle: xmin -2.47489 -0.161925 0.0630997, xmax 2.87843e-07 0.161925 0.5139m 
gts area: 4.0446 m2 
yplus max: 5.12715, yplus min: 0.116028 
position of yplus max: -2.4156 0.0499483 0.410568 
yplus prom: 1.43161 
forces: 0.129021 -0.000054 -0.023282 
Drag coefficient: 0.959315 
Lateral coefficient: -0.000404 
Lift coefficient: -0.173112 
torque (ref. CG): 0.000013 (roll) 0.001949 (pitch) 0.000067 (yaw) 
----------------------------------------------------- 
step 146, time 0.109500 
bounding box of vehicle: xmin -2.47489 -0.161925 0.0630997, xmax 2.87843e-07 0.161925 0.5139m 
gts area: 4.0446 m2 
yplus max: 5.13194, yplus min: 0.0490909 
position of yplus max: -2.4156 0.0499483 0.410568 
yplus prom: 1.43088 
forces: 0.128995 -0.000053 -0.023315 
Drag coefficient: 0.959125 
Lateral coefficient: -0.000396 
Lift coefficient: -0.173357 
torque (ref. CG): 0.000013 (roll) 0.001902 (pitch) 0.000066 (yaw) 
----------------------------------------------------- 
step 147, time 0.110250 
bounding box of vehicle: xmin -2.47489 -0.161925 0.0630997, xmax 2.87843e-07 0.161925 0.5139m 
gts area: 4.0446 m2 
yplus max: 5.13668, yplus min: 0.115793 
position of yplus max: -2.4156 0.0499483 0.410568 
yplus prom: 1.43017 
forces: 0.128968 -0.000051 -0.023350 
Drag coefficient: 0.958919 
Lateral coefficient: -0.000381 
Lift coefficient: -0.173611 
torque (ref. CG): 0.000012 (roll) 0.001853 (pitch) 0.000063 (yaw) 
----------------------------------------------------- 
step 148, time 0.111000 
bounding box of vehicle: xmin -2.47489 -0.161925 0.0630997, xmax 2.87843e-07 0.161925 0.5139m 
gts area: 4.0446 m2 
yplus max: 5.14136, yplus min: 0.127995 
position of yplus max: -2.4156 0.0499483 0.410568 
yplus prom: 1.42945 
forces: 0.128938 -0.000050 -0.023384 
Drag coefficient: 0.958697 
Lateral coefficient: -0.000374 
Lift coefficient: -0.173870 
torque (ref. CG): 0.000012 (roll) 0.001803 (pitch) 0.000062 (yaw) 
----------------------------------------------------- 
step 149, time 0.111750 
bounding box of vehicle: xmin -2.47489 -0.161925 0.0630997, xmax 2.87843e-07 0.161925 0.5139m 
gts area: 4.0446 m2 
yplus max: 5.14599, yplus min: 0.0966328 
position of yplus max: -2.4156 0.0499483 0.410568 
yplus prom: 1.42874 
forces: 0.128908 -0.000049 -0.023419 
Drag coefficient: 0.958477 
Lateral coefficient: -0.000368 
Lift coefficient: -0.174125 
torque (ref. CG): 0.000012 (roll) 0.001754 (pitch) 0.000061 (yaw) 
----------------------------------------------------- 
srun: Job step aborted: Waiting up to 32 seconds for job step to finish.
srun: got SIGCONT
slurmstepd: error: *** JOB 141873 ON compute-0-10 CANCELLED AT 2022-10-21T16:25:53 ***
srun: forcing job termination

===================================================================================
=   BAD TERMINATION OF ONE OF YOUR APPLICATION PROCESSES
=   PID 155242 RUNNING AT compute-0-11
=   EXIT CODE: 15
=   CLEANING UP REMAINING PROCESSES
=   YOU CAN IGNORE THE BELOW CLEANUP MESSAGES
===================================================================================
[proxy:0:0@compute-0-10.local] HYD_pmcd_pmip_control_cmd_cb (pm/pmiserv/pmip_cb.c:885): assert (!closed) failed
[proxy:0:0@compute-0-10.local] HYDT_dmxu_poll_wait_for_event (tools/demux/demux_poll.c:76): callback returned error status
[proxy:0:0@compute-0-10.local] main (pm/pmiserv/pmip.c:206): demux engine error waiting for event
slurmstepd: error: *** STEP 141873.0 ON compute-0-10 CANCELLED AT 2022-10-21T16:25:53 ***
make: *** [run] Terminated
srun: error: compute-0-10: task 0: Exited with exit code 7
[mpiexec@compute-0-10.local] HYDT_bscu_wait_for_completion (tools/bootstrap/utils/bscu_wait.c:76): one of the processes terminated badly; aborting
[mpiexec@compute-0-10.local] HYDT_bsci_wait_for_completion (tools/bootstrap/src/bsci_wait.c:23): launcher returned error waiting for completion
[mpiexec@compute-0-10.local] HYD_pmci_wait_for_completion (pm/pmiserv/pmiserv_pmci.c:218): launcher returned error waiting for completion
[mpiexec@compute-0-10.local] main (ui/mpich/mpiexec.c:344): process manager error waiting for completion
